Charm++> No provisioning arguments specified. Running with a single PE.
         Use +auto-provision to fully subscribe resources or +p1 to silence this message.
Charm++: standalone mode (not using charmrun)
Charm++> Running in Multicore mode: 1 threads (PEs)
Charm++> Using recursive bisection (scheme 3) for topology aware partitions
Converse/Charm++ Commit ID: v6.10.2-0-g7bf00fa-namd-charm-6.10.2-build-2020-Aug-05-556
Warning> Randomization of virtual memory (ASLR) is turned on in the kernel, thread migration may not work! Run 'echo 0 > /proc/sys/kernel/randomize_va_space' as root to disable it, or try running with '+isomalloc_sync'.
CharmLB> Load balancer assumes all CPUs are same.
Charm++> Running on 1 hosts (1 sockets x 8 cores x 2 PUs = 16-way SMP)
Charm++> cpu topology info is gathered in 0.000 seconds.
Info: NAMD 2.14 for Linux-x86_64-multicore
Info: 
Info: Please visit http://www.ks.uiuc.edu/Research/namd/
Info: for updates, documentation, and support information.
Info: 
Info: Please cite Phillips et al., J. Chem. Phys. 153:044130 (2020) doi:10.1063/5.0014475
Info: in all publications reporting results obtained with NAMD.
Info: 
Info: Based on Charm++/Converse 61002 for multicore-linux-x86_64-iccstatic
Info: Built Mon Aug 24 10:08:36 CDT 2020 by jim on belfast.ks.uiuc.edu
Info: 1 NAMD  2.14  Linux-x86_64-multicore  1    radhikesh  radhikesh
Info: Running on 1 processors, 1 nodes, 1 physical nodes.
Info: CPU topology information available.
Info: Charm++/Converse parallel runtime startup completed at 0.000875453 s
CkLoopLib is used in SMP with simple dynamic scheduling (converse-level notification)
Info: 31.082 MB of memory in use based on /proc/self/stat
Info: Configuration file is main/output_10/prod.inp
Info: Changed directory to main/output_10
TCL: Suspending until startup complete.
Info: EXTENDED SYSTEM FILE   ./../output_10/prod_0/prod.xsc
Info: SIMULATION PARAMETERS:
Info: TIMESTEP               1
Info: NUMBER OF STEPS        0
Info: STEPS PER CYCLE        20
Info: PERIODIC CELL BASIS 1  29.6935 0 0
Info: PERIODIC CELL BASIS 2  0 27.7778 0
Info: PERIODIC CELL BASIS 3  0 0 36.3985
Info: PERIODIC CELL CENTER   2.47456 -0.373263 6.1751
Info: WRAPPING WATERS AROUND PERIODIC BOUNDARIES ON OUTPUT.
Info: WRAPPING ALL CLUSTERS AROUND PERIODIC BOUNDARIES ON OUTPUT.
Info: LOAD BALANCER  Centralized
Info: LOAD BALANCING STRATEGY  New Load Balancers -- DEFAULT
Info: LDB PERIOD             4000 steps
Info: FIRST LDB TIMESTEP     100
Info: LAST LDB TIMESTEP     -1
Info: LDB BACKGROUND SCALING 1
Info: HOM BACKGROUND SCALING 1
Info: PME BACKGROUND SCALING 1
Info: MIN ATOMS PER PATCH    40
Info: VELOCITY FILE          ./../output_10/prod_0/prod.vel
Info: CENTER OF MASS MOVING INITIALLY? NO
Info: DIELECTRIC             1
Info: EXCLUDE                SCALED ONE-FOUR
Info: 1-4 ELECTROSTATICS SCALED BY 1
Info: MODIFIED 1-4 VDW PARAMETERS WILL BE USED
Info: DCD FILENAME           ./prod_4/prod.dcd
Info: DCD FREQUENCY          1000
Info: DCD FIRST STEP         1000
Info: DCD FILE WILL CONTAIN UNIT CELL DATA
Info: XST FILENAME           ./prod_4/prod.xst
Info: XST FREQUENCY          1000
Info: NO VELOCITY DCD OUTPUT
Info: NO FORCE DCD OUTPUT
Info: OUTPUT FILENAME        ./prod_4/prod
Info: BINARY OUTPUT FILES WILL BE USED
Info: RESTART FILENAME       ./prod_4/prod.restart
Info: RESTART FREQUENCY      1000
Info: BINARY RESTART FILES WILL BE USED
Info: SWITCHING ACTIVE
Info: VDW FORCE SWITCHING ACTIVE
Info: SWITCHING ON           10
Info: SWITCHING OFF          12
Info: PAIRLIST DISTANCE      16
Info: PAIRLIST SHRINK RATE   0.01
Info: PAIRLIST GROW RATE     0.01
Info: PAIRLIST TRIGGER       0.3
Info: PAIRLISTS PER CYCLE    2
Info: PAIRLISTS ENABLED
Info: MARGIN                 0.555
Info: HYDROGEN GROUP CUTOFF  2.5
Info: PATCH DIMENSION        19.055
Info: ENERGY OUTPUT STEPS    1000
Info: CROSSTERM ENERGY INCLUDED IN DIHEDRAL
Info: TIMING OUTPUT STEPS    1000
Info: LANGEVIN DYNAMICS ACTIVE
Info: LANGEVIN TEMPERATURE   390
Info: LANGEVIN USING BBK INTEGRATOR
Info: LANGEVIN DAMPING COEFFICIENT IS 1 INVERSE PS
Info: LANGEVIN DYNAMICS NOT APPLIED TO HYDROGENS
Info: LANGEVIN PISTON PRESSURE CONTROL ACTIVE
Info:        TARGET PRESSURE IS 1 BAR
Info:     OSCILLATION PERIOD IS 50 FS
Info:             DECAY TIME IS 25 FS
Info:     PISTON TEMPERATURE IS 390 K
Info:       PRESSURE CONTROL IS GROUP-BASED
Info:    INITIAL STRAIN RATE IS 0.000833223 0.000833223 0.000833223
Info:       CELL FLUCTUATION IS ISOTROPIC
Info: PARTICLE MESH EWALD (PME) ACTIVE
Info: PME TOLERANCE               1e-06
Info: PME EWALD COEFFICIENT       0.257952
Info: PME INTERPOLATION ORDER     6
Info: PME GRID DIMENSIONS         32 28 40
Info: PME MAXIMUM GRID SPACING    1
Info: Attempting to read FFTW data from FFTW_NAMD_2.14_Linux-x86_64-multicore.txt
Info: Optimizing 6 FFT steps.  1... 2... 3... 4... 5... 6...   Done.
Info: Writing FFTW data to FFTW_NAMD_2.14_Linux-x86_64-multicore.txt
Info: FULL ELECTROSTATIC EVALUATION FREQUENCY      1
Info: USING VERLET I (r-RESPA) MTS SCHEME.
Info: C1 SPLITTING OF LONG RANGE ELECTROSTATICS
Info: PLACING ATOMS IN PATCHES BY HYDROGEN GROUPS
Info: RIGID BONDS TO HYDROGEN : ALL
Info:         ERROR TOLERANCE : 1e-08
Info:          MAX ITERATIONS : 100
Info: RIGID WATER USING SETTLE ALGORITHM
Info: RANDOM NUMBER SEED     1656458570
Info: USE HYDROGEN BONDS?    NO
Info: COORDINATE PDB         ./../decaalanine_solvated.pdb
Info: STRUCTURE FILE         ./../decaalanine_solvated.psf
Info: PARAMETER file: CHARMM format! 
Info: PARAMETERS             ./../toppar/par_all36m_prot.prm
Info: PARAMETERS             ./../toppar/par_all36_na.prm
Info: PARAMETERS             ./../toppar/par_all36_carb.prm
Info: PARAMETERS             ./../toppar/par_all36_lipid.prm
Info: PARAMETERS             ./../toppar/par_all36_cgenff.prm
Info: PARAMETERS             ./../toppar/par_interface.prm
Info: PARAMETERS             ./../toppar/toppar_all36_moreions.str
Info: PARAMETERS             ./../toppar/toppar_all36_nano_lig.str
Info: PARAMETERS             ./../toppar/toppar_all36_nanolig_patch.str
Info: PARAMETERS             ./../toppar/toppar_all36_synthetic_polymer.str
Info: PARAMETERS             ./../toppar/toppar_all36_synthetic_polymer_patch.str
Info: PARAMETERS             ./../toppar/toppar_all36_polymer_solvent.str
Info: PARAMETERS             ./../toppar/toppar_water_ions.str
Info: PARAMETERS             ./../toppar/toppar_dum_noble_gases.str
Info: PARAMETERS             ./../toppar/toppar_ions_won.str
Info: PARAMETERS             ./../toppar/toppar_all36_prot_arg0.str
Info: PARAMETERS             ./../toppar/toppar_all36_prot_c36m_d_aminoacids.str
Info: PARAMETERS             ./../toppar/toppar_all36_prot_fluoro_alkanes.str
Info: PARAMETERS             ./../toppar/toppar_all36_prot_heme.str
Info: PARAMETERS             ./../toppar/toppar_all36_prot_na_combined.str
Info: PARAMETERS             ./../toppar/toppar_all36_prot_retinol.str
Info: PARAMETERS             ./../toppar/toppar_all36_prot_modify_res.str
Info: PARAMETERS             ./../toppar/toppar_all36_na_nad_ppi.str
Info: PARAMETERS             ./../toppar/toppar_all36_na_rna_modified.str
Info: PARAMETERS             ./../toppar/toppar_all36_lipid_archaeal.str
Info: PARAMETERS             ./../toppar/toppar_all36_lipid_bacterial.str
Info: PARAMETERS             ./../toppar/toppar_all36_lipid_cardiolipin.str
Info: PARAMETERS             ./../toppar/toppar_all36_lipid_cholesterol.str
Info: PARAMETERS             ./../toppar/toppar_all36_lipid_dag.str
Info: PARAMETERS             ./../toppar/toppar_all36_lipid_inositol.str
Info: PARAMETERS             ./../toppar/toppar_all36_lipid_lnp.str
Info: PARAMETERS             ./../toppar/toppar_all36_lipid_lps.str
Info: PARAMETERS             ./../toppar/toppar_all36_lipid_mycobacterial.str
Info: PARAMETERS             ./../toppar/toppar_all36_lipid_miscellaneous.str
Info: PARAMETERS             ./../toppar/toppar_all36_lipid_model.str
Info: PARAMETERS             ./../toppar/toppar_all36_lipid_prot.str
Info: PARAMETERS             ./../toppar/toppar_all36_lipid_sphingo.str
Info: PARAMETERS             ./../toppar/toppar_all36_lipid_tag.str
Info: PARAMETERS             ./../toppar/toppar_all36_lipid_yeast.str
Info: PARAMETERS             ./../toppar/toppar_all36_lipid_hmmm.str
Info: PARAMETERS             ./../toppar/toppar_all36_lipid_detergent.str
Info: PARAMETERS             ./../toppar/toppar_all36_lipid_ether.str
Info: PARAMETERS             ./../toppar/toppar_all36_carb_glycolipid.str
Info: PARAMETERS             ./../toppar/toppar_all36_carb_glycopeptide.str
Info: PARAMETERS             ./../toppar/toppar_all36_carb_imlab.str
Info: PARAMETERS             ./../toppar/toppar_all36_label_spin.str
Info: PARAMETERS             ./../toppar/toppar_all36_label_fluorophore.str
Info: USING ARITHMETIC MEAN TO COMBINE L-J SIGMA PARAMETERS
Info: BINARY COORDINATES     ./../output_10/prod_0/prod.coor

Warning: DUPLICATE ANGLE ENTRY FOR CG2D1-CG321-NG311
PREVIOUS VALUES  k=78  theta0=110 k_ub=0 r_ub=0
   USING VALUES  k=57  theta0=107 k_ub=0 r_ub=0

Warning: DUPLICATE ANGLE ENTRY FOR CG331-CG2D1-CG331
PREVIOUS VALUES  k=55  theta0=119 k_ub=0 r_ub=0
   USING VALUES  k=48  theta0=123.5 k_ub=0 r_ub=0

Warning: DUPLICATE ANGLE ENTRY FOR CG1N1-CG321-HGA2
PREVIOUS VALUES  k=50  theta0=109 k_ub=0 r_ub=0
   USING VALUES  k=50  theta0=110.5 k_ub=0 r_ub=0

Warning: DUPLICATE ANGLE ENTRY FOR CG321-NG311-CG331
PREVIOUS VALUES  k=48  theta0=112.2 k_ub=38 r_ub=2.35
   USING VALUES  k=40.5  theta0=109.6 k_ub=0 r_ub=0

Warning: DUPLICATE ANGLE ENTRY FOR CG2O2-CG311-OG311
PREVIOUS VALUES  k=110  theta0=106.7 k_ub=0 r_ub=0
   USING VALUES  k=112  theta0=111 k_ub=0 r_ub=0

Warning: DUPLICATE ANGLE ENTRY FOR CG2O3-CG311-OG311
PREVIOUS VALUES  k=80  theta0=107 k_ub=0 r_ub=0
   USING VALUES  k=45  theta0=109 k_ub=0 r_ub=0

Warning: DUPLICATE ANGLE ENTRY FOR CG2R61-CG311-OG311
PREVIOUS VALUES  k=82  theta0=112.8 k_ub=0 r_ub=0
   USING VALUES  k=75.7  theta0=110.1 k_ub=0 r_ub=0

Warning: DUPLICATE DIHEDRAL ENTRY FOR CG321-CG321-CG321-NG311
PREVIOUS VALUES MULTIPLICITY: 1
  k=0.3  n=3  delta=0
INCREASING MULTIPLICITY TO: 2
  k=0.39  n=2  delta=0

Warning: DUPLICATE DIHEDRAL ENTRY FOR HGA3-CG331-NG311-CG321
PREVIOUS VALUES MULTIPLICITY: 1
  k=0.5  n=3  delta=0
Warning: IDENTICAL PERIODICITY! REPLACING OLD VALUES BY: 
  k=0  n=3  delta=180

Warning: DUPLICATE DIHEDRAL ENTRY FOR CG331-CG321-CG321-NG311
PREVIOUS VALUES MULTIPLICITY: 1
  k=0.3  n=3  delta=0
INCREASING MULTIPLICITY TO: 2
  k=0.16  n=1  delta=180

Warning: DUPLICATE DIHEDRAL ENTRY FOR CG2D1-CG2D1-CG321-NG311
PREVIOUS VALUES MULTIPLICITY: 2
  k=1.6  n=1  delta=180
Warning: IDENTICAL PERIODICITY! REPLACING OLD VALUES BY: 
  k=0.6  n=1  delta=180

Warning: DUPLICATE DIHEDRAL ENTRY FOR CG2D1-CG321-NG311-CG321
PREVIOUS VALUES MULTIPLICITY: 3
  k=1.1  n=1  delta=180
  k=0.6  n=2  delta=180
Warning: IDENTICAL PERIODICITY! REPLACING OLD VALUES BY: 
  k=1.5  n=2  delta=0
Warning: IDENTICAL PERIODICITY! REPLACING OLD VALUES BY: 
  k=2.5  n=1  delta=180

Warning: DUPLICATE DIHEDRAL ENTRY FOR CG2D1-CG321-CG321-CG2D1
PREVIOUS VALUES MULTIPLICITY: 2
  k=0.9  n=1  delta=180
  k=0.3  n=3  delta=180
Warning: IDENTICAL PERIODICITY! REPLACING OLD VALUES BY: 
  k=0.2  n=3  delta=0

Warning: DUPLICATE DIHEDRAL ENTRY FOR CG2D1-CG321-NG311-HGPAM1
PREVIOUS VALUES MULTIPLICITY: 1
  k=0.48  n=3  delta=0
Warning: IDENTICAL PERIODICITY! REPLACING OLD VALUES BY: 
  k=0.16  n=3  delta=0

Warning: DUPLICATE DIHEDRAL ENTRY FOR HGA2-CG321-NG311-CG331
PREVIOUS VALUES MULTIPLICITY: 1
  k=0.4  n=3  delta=0
Warning: IDENTICAL PERIODICITY! REPLACING OLD VALUES BY: 
  k=0  n=3  delta=180

Warning: DUPLICATE DIHEDRAL ENTRY FOR HGA4-CG2D1-CG321-NG311
PREVIOUS VALUES MULTIPLICITY: 1
  k=0.26  n=3  delta=0
Warning: IDENTICAL PERIODICITY! REPLACING OLD VALUES BY: 
  k=0.2  n=3  delta=0

Warning: DUPLICATE DIHEDRAL ENTRY FOR CG2R61-CG311-OG311-HGP1
PREVIOUS VALUES MULTIPLICITY: 3
  k=1.08  n=1  delta=0
  k=0.54  n=2  delta=0
  k=0.77  n=3  delta=0
Warning: IDENTICAL PERIODICITY! REPLACING OLD VALUES BY: 
  k=0.74  n=3  delta=0
Warning: IDENTICAL PERIODICITY! REPLACING OLD VALUES BY: 
  k=1.4  n=2  delta=0
Warning: IDENTICAL PERIODICITY! REPLACING OLD VALUES BY: 
  k=2.1  n=1  delta=0

Warning: DUPLICATE DIHEDRAL ENTRY FOR OG2D2-CG2O3-CG311-OG311
PREVIOUS VALUES MULTIPLICITY: 1
  k=0.85  n=2  delta=180
Warning: IDENTICAL PERIODICITY! REPLACING OLD VALUES BY: 
  k=0.55  n=2  delta=180

Warning: DUPLICATE DIHEDRAL ENTRY FOR OG302-CG2O2-CG311-OG311
PREVIOUS VALUES MULTIPLICITY: 2
  k=0.4  n=2  delta=180
  k=0.1  n=6  delta=0
Warning: IDENTICAL PERIODICITY! REPLACING OLD VALUES BY: 
  k=0.05  n=6  delta=180

Warning: DUPLICATE DIHEDRAL ENTRY FOR CG2O3-CG311-OG311-HGP1
PREVIOUS VALUES MULTIPLICITY: 3
  k=0.3  n=1  delta=0
  k=0.3  n=2  delta=180
  k=0.4  n=3  delta=0
Warning: IDENTICAL PERIODICITY! REPLACING OLD VALUES BY: 
  k=0.01  n=3  delta=180
Warning: IDENTICAL PERIODICITY! REPLACING OLD VALUES BY: 
  k=0.37  n=2  delta=0
Warning: IDENTICAL PERIODICITY! REPLACING OLD VALUES BY: 
  k=0.35  n=1  delta=0

Warning: DUPLICATE DIHEDRAL ENTRY FOR CG2O2-CG311-OG311-HGP1
PREVIOUS VALUES MULTIPLICITY: 3
  k=0.85  n=1  delta=180
  k=0.38  n=2  delta=180
Warning: IDENTICAL PERIODICITY! REPLACING OLD VALUES BY: 
  k=0.37  n=2  delta=0
Warning: IDENTICAL PERIODICITY! REPLACING OLD VALUES BY: 
  k=0.35  n=1  delta=0
Warning: IDENTICAL PERIODICITY! REPLACING OLD VALUES BY: 
  k=0.01  n=3  delta=180

Warning: DUPLICATE DIHEDRAL ENTRY FOR CG331-CG2D1-CG321-OG311
PREVIOUS VALUES MULTIPLICITY: 3
  k=0.25  n=1  delta=180
  k=0.52  n=2  delta=180
  k=0.23  n=3  delta=180
Warning: IDENTICAL PERIODICITY! REPLACING OLD VALUES BY: 
  k=0.19  n=3  delta=0

Warning: DUPLICATE DIHEDRAL ENTRY FOR OG311-CG2O2-CG311-OG311
PREVIOUS VALUES MULTIPLICITY: 1
  k=0.46  n=2  delta=180
INCREASING MULTIPLICITY TO: 2
  k=0  n=6  delta=180

Warning: DUPLICATE DIHEDRAL ENTRY FOR OG2D1-CG2O2-CG311-OG311
PREVIOUS VALUES MULTIPLICITY: 1
  k=0.55  n=2  delta=180
Warning: IDENTICAL PERIODICITY! REPLACING OLD VALUES BY: 
  k=0  n=2  delta=0

Warning: DUPLICATE DIHEDRAL ENTRY FOR CG2R61-CG2R61-CG311-OG311
PREVIOUS VALUES MULTIPLICITY: 1
  k=0.7  n=2  delta=180
Warning: IDENTICAL PERIODICITY! REPLACING OLD VALUES BY: 
  k=0  n=2  delta=0
Warning: SKIPPING PART OF PARAMETER FILE AFTER RETURN STATEMENT

Warning: DUPLICATE ANGLE ENTRY FOR CG2R61-CG2R61-OG301
PREVIOUS VALUES  k=110  theta0=120 k_ub=0 r_ub=0
   USING VALUES  k=56  theta0=124.5 k_ub=0 r_ub=0

Warning: DUPLICATE ANGLE ENTRY FOR CTL3-CEL1-CTL3
PREVIOUS VALUES  k=48  theta0=123.5 k_ub=0 r_ub=0
   USING VALUES  k=58.35  theta0=113.5 k_ub=11.16 r_ub=2.561
Warning: SKIPPING PART OF PARAMETER FILE AFTER RETURN STATEMENT

Warning: DUPLICATE ANGLE ENTRY FOR CTL1-CTO1-CTO1
PREVIOUS VALUES  k=52  theta0=108 k_ub=0 r_ub=0
   USING VALUES  k=58.35  theta0=113.5 k_ub=11.16 r_ub=2.561

Warning: DUPLICATE ANGLE ENTRY FOR C-CTO1-HAL1
PREVIOUS VALUES  k=50  theta0=109.5 k_ub=0 r_ub=0
   USING VALUES  k=33  theta0=109.5 k_ub=30 r_ub=2.163
Warning: IDENTICAL PERIODICITY! REPLACING OLD VALUES BY: 
  k=1.3  n=3  delta=180

Warning: DUPLICATE DIHEDRAL ENTRY FOR NHL-C-CTO1-HAL1
PREVIOUS VALUES MULTIPLICITY: 1
  k=0  n=1  delta=0
INCREASING MULTIPLICITY TO: 2
  k=0  n=3  delta=0

Warning: DUPLICATE DIHEDRAL ENTRY FOR X-CTO1-CTO1-X
PREVIOUS VALUES MULTIPLICITY: 1
  k=0.2  n=3  delta=0
Warning: IDENTICAL PERIODICITY! REPLACING OLD VALUES BY: 
  k=0.14  n=3  delta=0

Warning: DUPLICATE DIHEDRAL ENTRY FOR O-C-CTO1-HAL1
PREVIOUS VALUES MULTIPLICITY: 1
  k=0  n=1  delta=0
INCREASING MULTIPLICITY TO: 2
  k=0  n=2  delta=180

Warning: DUPLICATE BOND ENTRY FOR CEL3-CTL3
PREVIOUS VALUES  k=383  x0=1.504
   USING VALUES  k=365  x0=1.502

Warning: DUPLICATE ANGLE ENTRY FOR CEL3-CTL3-HAL3
PREVIOUS VALUES  k=42  theta0=111.5 k_ub=0 r_ub=0
   USING VALUES  k=45  theta0=111.5 k_ub=0 r_ub=0

Warning: DUPLICATE DIHEDRAL ENTRY FOR HEL1-CEL3-CEL3-CTL3
PREVIOUS VALUES MULTIPLICITY: 1
  k=1  n=2  delta=0
INCREASING MULTIPLICITY TO: 2
  k=0.15  n=1  delta=180
Warning: IDENTICAL PERIODICITY! REPLACING OLD VALUES BY: 
  k=8.5  n=2  delta=180

Warning: DUPLICATE DIHEDRAL ENTRY FOR CG331-CG301-CG321-CG301
PREVIOUS VALUES MULTIPLICITY: 1
  k=0.2  n=3  delta=0
INCREASING MULTIPLICITY TO: 2
  k=0.44  n=1  delta=0

Warning: DUPLICATE DIHEDRAL ENTRY FOR CG331-CG301-CG321-CG301
PREVIOUS VALUES MULTIPLICITY: 2
  k=0.2  n=3  delta=0
  k=0.44  n=1  delta=0
INCREASING MULTIPLICITY TO: 3
  k=0.02  n=2  delta=180

Warning: DUPLICATE DIHEDRAL ENTRY FOR CG331-CG301-CG321-CG301
PREVIOUS VALUES MULTIPLICITY: 3
  k=0.2  n=3  delta=0
Warning: IDENTICAL PERIODICITY! REPLACING OLD VALUES BY: 
  k=0.73  n=3  delta=180

Warning: DUPLICATE DIHEDRAL ENTRY FOR NG311-CG321-CG321-NG311
PREVIOUS VALUES MULTIPLICITY: 2
  k=0.25  n=1  delta=180
  k=1.24  n=2  delta=0
INCREASING MULTIPLICITY TO: 3
  k=0.3  n=3  delta=0

Warning: DUPLICATE BOND ENTRY FOR CG2O1-CG2R51
PREVIOUS VALUES  k=280  x0=1.475
   USING VALUES  k=300  x0=1.475

Warning: DUPLICATE ANGLE ENTRY FOR CG2R51-CG2O1-NG2S1
PREVIOUS VALUES  k=52  theta0=115.5 k_ub=0 r_ub=0
   USING VALUES  k=80  theta0=116.5 k_ub=0 r_ub=0

Warning: DUPLICATE ANGLE ENTRY FOR CG2R51-CG2O1-OG2D1
PREVIOUS VALUES  k=45  theta0=122 k_ub=0 r_ub=0
   USING VALUES  k=30  theta0=121 k_ub=0 r_ub=0

Warning: DUPLICATE ANGLE ENTRY FOR CG2O1-CG2R51-CG2R51
PREVIOUS VALUES  k=35  theta0=130 k_ub=0 r_ub=0
   USING VALUES  k=45.8  theta0=130 k_ub=0 r_ub=0

Warning: DUPLICATE ANGLE ENTRY FOR CG2R53-NG2R53-CG3RC1
PREVIOUS VALUES  k=75  theta0=112 k_ub=0 r_ub=0
   USING VALUES  k=75  theta0=111 k_ub=0 r_ub=0

Warning: DUPLICATE DIHEDRAL ENTRY FOR NG2S1-CG2O1-CG2R51-CG2R51
PREVIOUS VALUES MULTIPLICITY: 2
  k=1.1  n=2  delta=180
Warning: IDENTICAL PERIODICITY! REPLACING OLD VALUES BY: 
  k=1  n=2  delta=180

Warning: DUPLICATE DIHEDRAL ENTRY FOR OG2D1-CG2O1-CG2R51-CG2R51
PREVIOUS VALUES MULTIPLICITY: 2
  k=1.1  n=2  delta=180
Warning: IDENTICAL PERIODICITY! REPLACING OLD VALUES BY: 
  k=1  n=2  delta=180

Warning: DUPLICATE DIHEDRAL ENTRY FOR CG2R51-CG2O1-NG2S1-HGP1
PREVIOUS VALUES MULTIPLICITY: 1
  k=1  n=2  delta=180
Warning: IDENTICAL PERIODICITY! REPLACING OLD VALUES BY: 
  k=2.5  n=2  delta=180

Warning: DUPLICATE IMPROPER DIHEDRAL ENTRY FOR CG2O1-CG2R51-NG2S1-OG2D1
PREVIOUS VALUES MULTIPLICITY 1
  k=70  n=0  delta=0
USING VALUES MULTIPLICITY 1
  k=120  n=0  delta=0Info: SUMMARY OF PARAMETERS:
Info: 1858 BONDS
Info: 5968 ANGLES
Info: 16480 DIHEDRAL
Info: 374 IMPROPER
Info: 16 CROSSTERM
Info: 717 VDW
Info: 124 VDW_PAIRS
Info: 0 NBTHOLE_PAIRS
Info: TIME FOR READING PSF FILE: 0.0253468
Info: Reading pdb file ./../decaalanine_solvated.pdb
Info: TIME FOR READING PDB FILE: 0.00185547
Info: 
Info: ****************************
Info: STRUCTURE SUMMARY:
Info: 2797 ATOMS
Info: 1898 BONDS
Info: 1081 ANGLES
Info: 249 DIHEDRALS
Info: 19 IMPROPERS
Info: 8 CROSSTERMS
Info: 0 EXCLUSIONS
Info: 2746 RIGID BONDS
Info: 5645 DEGREES OF FREEDOM
Info: 949 HYDROGEN GROUPS
Info: 4 ATOMS IN LARGEST HYDROGEN GROUP
Info: 949 MIGRATION GROUPS
Info: 4 ATOMS IN LARGEST MIGRATION GROUP
Info: TOTAL MASS = 16906.6 amu
Info: TOTAL CHARGE = 5.96046e-08 e
Info: MASS DENSITY = 0.935131 g/cm^3
Info: ATOM DENSITY = 0.0931641 atoms/A^3
Info: *****************************
Info: Reading from binary file ./../output_10/prod_0/prod.coor
Info: 
Info: Entering startup at 0.49754 s, 50.0586 MB of memory in use
Info: Startup phase 0 took 4.8583e-05 s, 50.0586 MB of memory in use
Info: ADDED 3228 IMPLICIT EXCLUSIONS
Info: Startup phase 1 took 0.00127026 s, 51.0703 MB of memory in use
Info: NONBONDED TABLE R-SQUARED SPACING: 0.0625
Info: NONBONDED TABLE SIZE: 769 POINTS
Info: ABSOLUTE IMPRECISION IN FAST TABLE FORCE: 2.64698e-23 AT 11.9138
Info: RELATIVE IMPRECISION IN FAST TABLE FORCE: 1.40436e-16 AT 11.9138
Info: INCONSISTENCY IN FAST TABLE ENERGY VS FORCE: 0.000325096 AT 11.9556
Info: ABSOLUTE IMPRECISION IN SCOR TABLE FORCE: 4.10282e-22 AT 11.9138
Info: RELATIVE IMPRECISION IN SCOR TABLE FORCE: 3.56912e-15 AT 11.9138
Info: INCONSISTENCY IN SCOR TABLE ENERGY VS FORCE: 0.000324844 AT 11.9556
Info: ABSOLUTE IMPRECISION IN VDWA TABLE ENERGY: 9.86076e-32 AT 11.8295
Info: RELATIVE IMPRECISION IN VDWA TABLE ENERGY: 3.37915e-14 AT 11.9138
Info: ABSOLUTE IMPRECISION IN VDWA TABLE FORCE: 1.38667e-32 AT 11.9138
Info: RELATIVE IMPRECISION IN VDWA TABLE FORCE: 1.51174e-15 AT 11.9138
Info: INCONSISTENCY IN VDWA TABLE ENERGY VS FORCE: 0.0040507 AT 0.251946
Info: ABSOLUTE IMPRECISION IN VDWB TABLE ENERGY: 1.03398e-25 AT 11.8295
Info: RELATIVE IMPRECISION IN VDWB TABLE ENERGY: 2.7691e-14 AT 11.9138
Info: ABSOLUTE IMPRECISION IN VDWB TABLE FORCE: 1.61559e-27 AT 11.9138
Info: RELATIVE IMPRECISION IN VDWB TABLE FORCE: 1.496e-16 AT 11.9138
Info: INCONSISTENCY IN VDWB TABLE ENERGY VS FORCE: 0.00150189 AT 0.251946
Info: Startup phase 2 took 0.00806766 s, 66.7617 MB of memory in use
Info: Startup phase 3 took 3.6641e-05 s, 66.7617 MB of memory in use
Info: Startup phase 4 took 2.373e-05 s, 66.7617 MB of memory in use
Info: Startup phase 5 took 8.306e-06 s, 66.7617 MB of memory in use
Info: PATCH GRID IS 1 (PERIODIC) BY 1 (PERIODIC) BY 1 (PERIODIC)
Info: PATCH GRID IS 1-AWAY BY 1-AWAY BY 1-AWAY
Info: Reading from binary file ./../output_10/prod_0/prod.vel
Info: REMOVING COM VELOCITY -0.103374 -0.0854088 -0.153207
Info: LARGEST PATCH (0) HAS 2797 ATOMS
Info: TORUS A SIZE 1 USING 0
Info: TORUS B SIZE 1 USING 0
Info: TORUS C SIZE 1 USING 0
Info: TORUS MINIMAL MESH SIZE IS 1 BY 1 BY 1
Info: Placed 100% of base nodes on same physical node as patch
Info: Startup phase 6 took 0.000444248 s, 67.4883 MB of memory in use
Info: PME using 1 and 1 processors for FFT and reciprocal sum.
Info: PME GRID LOCATIONS: 0
Info: PME TRANS LOCATIONS: 0
Info: PME USING 1 GRID NODES AND 1 TRANS NODES
Info: Optimizing 4 FFT steps.  1... 2... 3... 4...   Done.
Info: Startup phase 7 took 7.1803e-05 s, 67.4883 MB of memory in use
Info: Startup phase 8 took 9.242e-06 s, 67.4883 MB of memory in use
Info: Startup phase 9 took 7.957e-06 s, 67.4883 MB of memory in use
Info: Startup phase 10 took 7.504e-06 s, 67.4883 MB of memory in use
Info: Startup phase 11 took 8.588e-06 s, 67.4883 MB of memory in use
LDB: Central LB being created...
Info: Startup phase 12 took 1.6658e-05 s, 67.4883 MB of memory in use
Info: CREATING 25 COMPUTE OBJECTS
Info: Startup phase 13 took 7.9613e-05 s, 67.4883 MB of memory in use
Info: Startup phase 14 took 1.0554e-05 s, 67.4883 MB of memory in use
Info: Startup phase 15 took 7.762e-06 s, 67.4883 MB of memory in use
Info: Finished startup at 0.507659 s, 67.4883 MB of memory in use

TCL: Running for 20000 steps
ETITLE:      TS           BOND          ANGLE          DIHED          IMPRP               ELECT            VDW       BOUNDARY           MISC        KINETIC               TOTAL           TEMP      POTENTIAL         TOTAL3        TEMPAVG            PRESSURE      GPRESSURE         VOLUME       PRESSAVG      GPRESSAVG

ENERGY:       0        21.8855        77.3107        31.3064         6.3134          -8622.3215       749.9007         0.0000         0.0000      2133.0504          -5602.5543       380.3011     -7735.6047     -5601.3569       380.3011            -14.2349       -19.5367     30022.3085       -14.2349       -19.5367

OPENING EXTENDED SYSTEM TRAJECTORY FILE
LDB: ============= START OF LOAD BALANCING ============== 0.741488
LDB: ============== END OF LOAD BALANCING =============== 0.741525
LDB: =============== DONE WITH MIGRATION ================ 0.741538
LDB: ============= START OF LOAD BALANCING ============== 1.6369
LDB: ============== END OF LOAD BALANCING =============== 1.63692
LDB: =============== DONE WITH MIGRATION ================ 1.63695
Info: Initial time: 1 CPUs 0.0112449 s/step 0.130149 days/ns 77.6328 MB memory
LDB: ============= START OF LOAD BALANCING ============== 1.85716
LDB: ============== END OF LOAD BALANCING =============== 1.85718
LDB: =============== DONE WITH MIGRATION ================ 1.85719
LDB: ============= START OF LOAD BALANCING ============== 2.72146
LDB: ============== END OF LOAD BALANCING =============== 2.72149
LDB: =============== DONE WITH MIGRATION ================ 2.72151
Info: Initial time: 1 CPUs 0.010837 s/step 0.125428 days/ns 77.6328 MB memory
LDB: ============= START OF LOAD BALANCING ============== 3.77743
LDB: ============== END OF LOAD BALANCING =============== 3.77746
LDB: =============== DONE WITH MIGRATION ================ 3.77749
Info: Initial time: 1 CPUs 0.0105555 s/step 0.122171 days/ns 77.6328 MB memory
LDB: ============= START OF LOAD BALANCING ============== 4.81509
LDB: ============== END OF LOAD BALANCING =============== 4.81512
LDB: =============== DONE WITH MIGRATION ================ 4.81515
Info: Benchmark time: 1 CPUs 0.0103669 s/step 0.119988 days/ns 77.6328 MB memory
Info: Benchmark time: 1 CPUs 0.010241 s/step 0.118531 days/ns 77.6328 MB memory
Info: Benchmark time: 1 CPUs 0.0100736 s/step 0.116593 days/ns 77.6328 MB memory
Info: Benchmark time: 1 CPUs 0.00992119 s/step 0.114829 days/ns 77.6328 MB memory
Info: Benchmark time: 1 CPUs 0.00985362 s/step 0.114047 days/ns 77.6328 MB memory
Info: Benchmark time: 1 CPUs 0.00981248 s/step 0.11357 days/ns 77.6328 MB memory
TIMING: 1000  CPU: 10.2881, 0.0102645/step  Wall: 10.2928, 0.0102667/step, 0.0541851 hours remaining, 77.632812 MB of memory in use.
ENERGY:    1000        15.5645        71.9841        28.1076         4.6556          -8525.1473       675.5178         0.0000         0.0000      2127.9060          -5601.4117       379.3839     -7729.3177     -5599.6345       388.3819             46.9183        43.8785     30091.5820         3.4907         3.8403

WRITING EXTENDED SYSTEM TO RESTART FILE AT STEP 1000
OPENING COORDINATE DCD FILE
WRITING COORDINATES TO DCD FILE ./prod_4/prod.dcd AT STEP 1000
WRITING COORDINATES TO RESTART FILE AT STEP 1000
FINISHED WRITING RESTART COORDINATES
The last position output (seq=1000) takes 0.018 seconds, 77.633 MB of memory in use
WRITING VELOCITIES TO RESTART FILE AT STEP 1000
FINISHED WRITING RESTART VELOCITIES
The last velocity output (seq=1000) takes 0.000 seconds, 77.633 MB of memory in use
TIMING: 2000  CPU: 20.0013, 0.00971319/step  Wall: 20.0248, 0.00973203/step, 0.0486602 hours remaining, 77.632812 MB of memory in use.
ENERGY:    2000        25.0436        68.9109        24.2050         4.6512          -8633.4877       725.8119         0.0000         0.0000      2174.9627          -5609.9024       387.7736     -7784.8651     -5608.0285       383.5176           -386.0096      -374.7313     30595.3351         2.1531         2.6463

WRITING EXTENDED SYSTEM TO RESTART FILE AT STEP 2000
WRITING COORDINATES TO DCD FILE ./prod_4/prod.dcd AT STEP 2000
WRITING COORDINATES TO RESTART FILE AT STEP 2000
FINISHED WRITING RESTART COORDINATES
The last position output (seq=2000) takes 0.000 seconds, 77.633 MB of memory in use
WRITING VELOCITIES TO RESTART FILE AT STEP 2000
FINISHED WRITING RESTART VELOCITIES
The last velocity output (seq=2000) takes 0.000 seconds, 77.633 MB of memory in use
TIMING: 3000  CPU: 29.6492, 0.00964789/step  Wall: 29.6742, 0.00964945/step, 0.0455668 hours remaining, 77.632812 MB of memory in use.
ENERGY:    3000        30.2705        63.5810        35.0703         3.8402          -8599.4158       702.2001         0.0000         0.0000      2092.0757          -5672.3780       372.9957     -7764.4537     -5670.5960       383.2349           -532.8250      -543.5593     30000.4167       -26.3942       -26.3704

WRITING EXTENDED SYSTEM TO RESTART FILE AT STEP 3000
WRITING COORDINATES TO DCD FILE ./prod_4/prod.dcd AT STEP 3000
WRITING COORDINATES TO RESTART FILE AT STEP 3000
FINISHED WRITING RESTART COORDINATES
The last position output (seq=3000) takes 0.000 seconds, 77.633 MB of memory in use
WRITING VELOCITIES TO RESTART FILE AT STEP 3000
FINISHED WRITING RESTART VELOCITIES
The last velocity output (seq=3000) takes 0.000 seconds, 77.633 MB of memory in use
TIMING: 4000  CPU: 39.281, 0.00963187/step  Wall: 39.3043, 0.00963007/step, 0.0428003 hours remaining, 77.632812 MB of memory in use.
ENERGY:    4000        24.8373        62.6113        31.5278         5.4840          -8574.5547       751.4479         0.0000         0.0000      2089.6979          -5608.9485       372.5718     -7698.6464     -5608.2198       383.4879             84.5711       105.5757     30406.5076         6.2726         6.3164

WRITING EXTENDED SYSTEM TO RESTART FILE AT STEP 4000
WRITING COORDINATES TO DCD FILE ./prod_4/prod.dcd AT STEP 4000
WRITING COORDINATES TO RESTART FILE AT STEP 4000
FINISHED WRITING RESTART COORDINATES
The last position output (seq=4000) takes 0.002 seconds, 77.633 MB of memory in use
WRITING VELOCITIES TO RESTART FILE AT STEP 4000
FINISHED WRITING RESTART VELOCITIES
The last velocity output (seq=4000) takes 0.000 seconds, 77.633 MB of memory in use
LDB: ============= START OF LOAD BALANCING ============== 42.7106
LDB: ============== END OF LOAD BALANCING =============== 42.7106
LDB: =============== DONE WITH MIGRATION ================ 42.7106
LDB: ============= START OF LOAD BALANCING ============== 43.6887
LDB: ============== END OF LOAD BALANCING =============== 43.6887
LDB: =============== DONE WITH MIGRATION ================ 43.6888
TIMING: 5000  CPU: 48.9195, 0.00963842/step  Wall: 48.9448, 0.00964044/step, 0.0401685 hours remaining, 77.632812 MB of memory in use.
ENERGY:    5000        21.2608        82.7876        29.9562         2.7974          -8475.4809       696.0285         0.0000         0.0000      2108.2911          -5534.3593       375.8867     -7642.6504     -5532.9389       388.2354           -145.8838      -140.3910     30811.6950       -13.0767       -13.0599

WRITING EXTENDED SYSTEM TO RESTART FILE AT STEP 5000
WRITING COORDINATES TO DCD FILE ./prod_4/prod.dcd AT STEP 5000
WRITING COORDINATES TO RESTART FILE AT STEP 5000
FINISHED WRITING RESTART COORDINATES
The last position output (seq=5000) takes 0.000 seconds, 77.633 MB of memory in use
WRITING VELOCITIES TO RESTART FILE AT STEP 5000
FINISHED WRITING RESTART VELOCITIES
The last velocity output (seq=5000) takes 0.000 seconds, 77.633 MB of memory in use
TIMING: 6000  CPU: 58.6659, 0.00974643/step  Wall: 58.6947, 0.00974997/step, 0.0379166 hours remaining, 77.632812 MB of memory in use.
ENERGY:    6000        23.8854        68.4984        24.7707         5.2027          -8572.0816       701.6488         0.0000         0.0000      2196.9368          -5551.1387       391.6914     -7748.0755     -5551.4900       387.8870             13.4137        -1.1808     30255.2918        13.7752        13.9799

WRITING EXTENDED SYSTEM TO RESTART FILE AT STEP 6000
WRITING COORDINATES TO DCD FILE ./prod_4/prod.dcd AT STEP 6000
WRITING COORDINATES TO RESTART FILE AT STEP 6000
FINISHED WRITING RESTART COORDINATES
The last position output (seq=6000) takes 0.000 seconds, 77.633 MB of memory in use
WRITING VELOCITIES TO RESTART FILE AT STEP 6000
FINISHED WRITING RESTART VELOCITIES
TIMING: 7000  CPU: 68.3006, 0.0096347/step  Wall: 68.3278, 0.00963311/step, 0.0347862 hours remaining, 77.632812 MB of memory in use.
ENERGY:    7000        21.2754        60.7307        29.1552         4.7601          -8560.2464       692.0969         0.0000         0.0000      2147.6780          -5604.5501       382.9090     -7752.2281     -5603.1444       388.6135           -259.3785      -236.3953     30556.8377         9.7775        10.3633

WRITING EXTENDED SYSTEM TO RESTART FILE AT STEP 7000
WRITING COORDINATES TO DCD FILE ./prod_4/prod.dcd AT STEP 7000
WRITING COORDINATES TO RESTART FILE AT STEP 7000
FINISHED WRITING RESTART COORDINATES
The last position output (seq=7000) takes 0.000 seconds, 77.633 MB of memory in use
WRITING VELOCITIES TO RESTART FILE AT STEP 7000
FINISHED WRITING RESTART VELOCITIES
TIMING: 8000  CPU: 77.983, 0.00968237/step  Wall: 78.014, 0.00968615/step, 0.0322872 hours remaining, 77.632812 MB of memory in use.
ENERGY:    8000        18.2199        60.4945        28.3947         2.8117          -8586.3605       754.6859         0.0000         0.0000      2118.9698          -5602.7839       377.7907     -7721.7537     -5600.7713       385.7252            118.6482        99.4275     30557.0936        29.8167        29.9839

WRITING EXTENDED SYSTEM TO RESTART FILE AT STEP 8000
WRITING COORDINATES TO DCD FILE ./prod_4/prod.dcd AT STEP 8000
WRITING COORDINATES TO RESTART FILE AT STEP 8000
FINISHED WRITING RESTART COORDINATES
The last position output (seq=8000) takes 0.000 seconds, 77.633 MB of memory in use
WRITING VELOCITIES TO RESTART FILE AT STEP 8000
FINISHED WRITING RESTART VELOCITIES
LDB: ============= START OF LOAD BALANCING ============== 81.4232
LDB: ============== END OF LOAD BALANCING =============== 81.4233
LDB: =============== DONE WITH MIGRATION ================ 81.4233
LDB: ============= START OF LOAD BALANCING ============== 82.3867
LDB: ============== END OF LOAD BALANCING =============== 82.3867
LDB: =============== DONE WITH MIGRATION ================ 82.3868
TIMING: 9000  CPU: 87.6497, 0.00966676/step  Wall: 87.6831, 0.00966914/step, 0.0295446 hours remaining, 77.632812 MB of memory in use.
ENERGY:    9000        16.0570        57.8994        30.9223         4.0913          -8583.8923       717.1184         0.0000         0.0000      2137.7050          -5620.0989       381.1309     -7757.8038     -5618.5527       384.6386            167.9186       167.2324     30186.2552         7.1411         7.0624

WRITING EXTENDED SYSTEM TO RESTART FILE AT STEP 9000
WRITING COORDINATES TO DCD FILE ./prod_4/prod.dcd AT STEP 9000
WRITING COORDINATES TO RESTART FILE AT STEP 9000
FINISHED WRITING RESTART COORDINATES
The last position output (seq=9000) takes 0.000 seconds, 77.633 MB of memory in use
WRITING VELOCITIES TO RESTART FILE AT STEP 9000
FINISHED WRITING RESTART VELOCITIES
TIMING: 10000  CPU: 97.2684, 0.00961865/step  Wall: 97.3032, 0.00962008/step, 0.0267224 hours remaining, 77.632812 MB of memory in use.
ETITLE:      TS           BOND          ANGLE          DIHED          IMPRP               ELECT            VDW       BOUNDARY           MISC        KINETIC               TOTAL           TEMP      POTENTIAL         TOTAL3        TEMPAVG            PRESSURE      GPRESSURE         VOLUME       PRESSAVG      GPRESSAVG

ENERGY:   10000        24.3266        67.8285        31.7637         3.0330          -8672.8962       757.0091         0.0000         0.0000      2167.0725          -5621.8628       386.3669     -7788.9353     -5621.7690       386.1222            175.8751       173.1792     30393.4185        34.2621        34.2252

WRITING EXTENDED SYSTEM TO RESTART FILE AT STEP 10000
WRITING COORDINATES TO DCD FILE ./prod_4/prod.dcd AT STEP 10000
WRITING COORDINATES TO RESTART FILE AT STEP 10000
FINISHED WRITING RESTART COORDINATES
The last position output (seq=10000) takes 0.000 seconds, 77.633 MB of memory in use
WRITING VELOCITIES TO RESTART FILE AT STEP 10000
FINISHED WRITING RESTART VELOCITIES
TIMING: 11000  CPU: 107.063, 0.0097945/step  Wall: 107.098, 0.00979492/step, 0.0244873 hours remaining, 77.632812 MB of memory in use.
ENERGY:   11000        24.1856        73.6953        31.5448         4.6647          -8740.1984       793.7526         0.0000         0.0000      2189.9382          -5622.4173       390.4436     -7812.3555     -5621.0703       384.2028            417.1577       422.5042     29778.0318        11.0324        11.3529

WRITING EXTENDED SYSTEM TO RESTART FILE AT STEP 11000
WRITING COORDINATES TO DCD FILE ./prod_4/prod.dcd AT STEP 11000
WRITING COORDINATES TO RESTART FILE AT STEP 11000
FINISHED WRITING RESTART COORDINATES
WRITING VELOCITIES TO RESTART FILE AT STEP 11000
FINISHED WRITING RESTART VELOCITIES
TIMING: 12000  CPU: 116.871, 0.00980862/step  Wall: 116.927, 0.00982929/step, 0.0218429 hours remaining, 77.632812 MB of memory in use.
ENERGY:   12000        30.7852        72.6293        33.1623         6.8693          -8633.3262       728.1219         0.0000         0.0000      2170.7369          -5591.0213       387.0202     -7761.7583     -5590.5399       385.6750            -83.8502       -80.2695     30465.5464        -2.8154        -2.4385

WRITING EXTENDED SYSTEM TO RESTART FILE AT STEP 12000
WRITING COORDINATES TO DCD FILE ./prod_4/prod.dcd AT STEP 12000
WRITING COORDINATES TO RESTART FILE AT STEP 12000
FINISHED WRITING RESTART COORDINATES
WRITING VELOCITIES TO RESTART FILE AT STEP 12000
FINISHED WRITING RESTART VELOCITIES
LDB: ============= START OF LOAD BALANCING ============== 120.326
LDB: ============== END OF LOAD BALANCING =============== 120.326
LDB: =============== DONE WITH MIGRATION ================ 120.326
LDB: ============= START OF LOAD BALANCING ============== 121.3
LDB: ============== END OF LOAD BALANCING =============== 121.3
LDB: =============== DONE WITH MIGRATION ================ 121.3
TIMING: 13000  CPU: 126.535, 0.00966361/step  Wall: 126.591, 0.0096637/step, 0.0187905 hours remaining, 77.632812 MB of memory in use.
ENERGY:   13000        26.4131        59.7667        36.2391         2.8789          -8638.0729       742.6332         0.0000         0.0000      2165.4566          -5604.6854       386.0788     -7770.1419     -5603.4316       387.7346            185.2177       201.3807     30002.0859         7.4820         7.9295

WRITING EXTENDED SYSTEM TO RESTART FILE AT STEP 13000
WRITING COORDINATES TO DCD FILE ./prod_4/prod.dcd AT STEP 13000
WRITING COORDINATES TO RESTART FILE AT STEP 13000
FINISHED WRITING RESTART COORDINATES
WRITING VELOCITIES TO RESTART FILE AT STEP 13000
FINISHED WRITING RESTART VELOCITIES
TIMING: 14000  CPU: 136.299, 0.00976387/step  Wall: 136.356, 0.00976439/step, 0.016274 hours remaining, 77.632812 MB of memory in use.
ENERGY:   14000        19.9826        61.7938        33.2339         4.0589          -8608.9680       683.3717         0.0000         0.0000      2153.7396          -5652.7875       383.9897     -7806.5271     -5652.6570       385.3680           -643.5800      -636.8779     30582.4913       -13.8358       -13.5324

WRITING EXTENDED SYSTEM TO RESTART FILE AT STEP 14000
WRITING COORDINATES TO DCD FILE ./prod_4/prod.dcd AT STEP 14000
WRITING COORDINATES TO RESTART FILE AT STEP 14000
FINISHED WRITING RESTART COORDINATES
WRITING VELOCITIES TO RESTART FILE AT STEP 14000
FINISHED WRITING RESTART VELOCITIES
TIMING: 15000  CPU: 145.994, 0.00969452/step  Wall: 146.05, 0.00969429/step, 0.0134643 hours remaining, 77.632812 MB of memory in use.
ENERGY:   15000        20.0198        74.3139        26.6810         3.1861          -8661.7901       764.5350         0.0000         0.0000      2175.1455          -5597.9088       387.8062     -7773.0543     -5596.2552       385.0103            272.5936       262.9331     30637.3693         8.2491         8.2225

WRITING EXTENDED SYSTEM TO RESTART FILE AT STEP 15000
WRITING COORDINATES TO DCD FILE ./prod_4/prod.dcd AT STEP 15000
WRITING COORDINATES TO RESTART FILE AT STEP 15000
FINISHED WRITING RESTART COORDINATES
WRITING VELOCITIES TO RESTART FILE AT STEP 15000
FINISHED WRITING RESTART VELOCITIES
TIMING: 16000  CPU: 155.668, 0.00967497/step  Wall: 155.726, 0.00967602/step, 0.0107511 hours remaining, 77.632812 MB of memory in use.
ENERGY:   16000        27.6127        71.2859        35.1661         5.2363          -8571.1872       690.5861         0.0000         0.0000      2191.4812          -5549.8190       390.7187     -7741.3002     -5548.4862       386.9298           -409.3870      -399.0644     30483.0083        -9.8519        -9.5531

WRITING EXTENDED SYSTEM TO RESTART FILE AT STEP 16000
WRITING COORDINATES TO DCD FILE ./prod_4/prod.dcd AT STEP 16000
WRITING COORDINATES TO RESTART FILE AT STEP 16000
FINISHED WRITING RESTART COORDINATES
WRITING VELOCITIES TO RESTART FILE AT STEP 16000
FINISHED WRITING RESTART VELOCITIES
LDB: ============= START OF LOAD BALANCING ============== 159.156
LDB: ============== END OF LOAD BALANCING =============== 159.156
LDB: =============== DONE WITH MIGRATION ================ 159.156
LDB: ============= START OF LOAD BALANCING ============== 160.128
LDB: ============== END OF LOAD BALANCING =============== 160.128
LDB: =============== DONE WITH MIGRATION ================ 160.128
TIMING: 17000  CPU: 165.367, 0.00969824/step  Wall: 165.427, 0.00970083/step, 0.00808402 hours remaining, 77.632812 MB of memory in use.
ENERGY:   17000        18.2432        77.3391        24.8269         3.8784          -8599.1549       722.7557         0.0000         0.0000      2153.8527          -5598.2590       384.0099     -7752.1117     -5596.7054       389.7708            -70.7022       -58.5394     30200.2276        13.5342        13.9716

WRITING EXTENDED SYSTEM TO RESTART FILE AT STEP 17000
WRITING COORDINATES TO DCD FILE ./prod_4/prod.dcd AT STEP 17000
WRITING COORDINATES TO RESTART FILE AT STEP 17000
FINISHED WRITING RESTART COORDINATES
WRITING VELOCITIES TO RESTART FILE AT STEP 17000
FINISHED WRITING RESTART VELOCITIES
TIMING: 18000  CPU: 175.086, 0.00971888/step  Wall: 175.144, 0.00971765/step, 0.0053987 hours remaining, 77.632812 MB of memory in use.
ENERGY:   18000        26.1010        62.9040        31.2713         4.5297          -8664.9969       725.5833         0.0000         0.0000      2159.6779          -5654.9298       385.0485     -7814.6077     -5653.7444       385.4271             15.1793        23.3926     30194.8043         3.1941         3.4558

WRITING EXTENDED SYSTEM TO RESTART FILE AT STEP 18000
WRITING COORDINATES TO DCD FILE ./prod_4/prod.dcd AT STEP 18000
WRITING COORDINATES TO RESTART FILE AT STEP 18000
FINISHED WRITING RESTART COORDINATES
WRITING VELOCITIES TO RESTART FILE AT STEP 18000
FINISHED WRITING RESTART VELOCITIES
TIMING: 19000  CPU: 184.772, 0.00968668/step  Wall: 184.832, 0.00968786/step, 0.00269107 hours remaining, 77.632812 MB of memory in use.
ENERGY:   19000        21.2596        73.1192        26.1180         3.0927          -8503.7400       630.8039         0.0000         0.0000      2144.6753          -5604.6712       382.3737     -7749.3465     -5603.0907       384.6910           -783.5966      -783.5049     30518.8606        -9.6740        -8.8815

WRITING EXTENDED SYSTEM TO RESTART FILE AT STEP 19000
WRITING COORDINATES TO DCD FILE ./prod_4/prod.dcd AT STEP 19000
WRITING COORDINATES TO RESTART FILE AT STEP 19000
FINISHED WRITING RESTART COORDINATES
WRITING VELOCITIES TO RESTART FILE AT STEP 19000
FINISHED WRITING RESTART VELOCITIES
TIMING: 20000  CPU: 194.706, 0.00993418/step  Wall: 194.77, 0.00993777/step, 0 hours remaining, 77.632812 MB of memory in use.
ETITLE:      TS           BOND          ANGLE          DIHED          IMPRP               ELECT            VDW       BOUNDARY           MISC        KINETIC               TOTAL           TEMP      POTENTIAL         TOTAL3        TEMPAVG            PRESSURE      GPRESSURE         VOLUME       PRESSAVG      GPRESSAVG

ENERGY:   20000        26.5422        74.1074        35.6263         7.1309          -8704.0574       803.2350         0.0000         0.0000      2162.2339          -5595.1817       385.5042     -7757.4156     -5595.4953       387.5127            961.2796       951.8847     29837.7193       -24.0886       -23.9718

WRITING EXTENDED SYSTEM TO RESTART FILE AT STEP 20000
WRITING COORDINATES TO DCD FILE ./prod_4/prod.dcd AT STEP 20000
WRITING COORDINATES TO RESTART FILE AT STEP 20000
FINISHED WRITING RESTART COORDINATES
WRITING VELOCITIES TO RESTART FILE AT STEP 20000
FINISHED WRITING RESTART VELOCITIES
WRITING EXTENDED SYSTEM TO OUTPUT FILE AT STEP 20000
CLOSING EXTENDED SYSTEM TRAJECTORY FILE
WRITING COORDINATES TO OUTPUT FILE AT STEP 20000
CLOSING COORDINATE DCD FILE ./prod_4/prod.dcd
WRITING VELOCITIES TO OUTPUT FILE AT STEP 20000
====================================================

WallClock: 195.301636  CPUTime: 195.216476  Memory: 77.632812 MB
[Partition 0][Node 0] End of program
