Charm++> No provisioning arguments specified. Running with a single PE.
         Use +auto-provision to fully subscribe resources or +p1 to silence this message.
Charm++: standalone mode (not using charmrun)
Charm++> Running in Multicore mode: 1 threads (PEs)
Charm++> Using recursive bisection (scheme 3) for topology aware partitions
Converse/Charm++ Commit ID: v6.10.2-0-g7bf00fa-namd-charm-6.10.2-build-2020-Aug-05-556
Warning> Randomization of virtual memory (ASLR) is turned on in the kernel, thread migration may not work! Run 'echo 0 > /proc/sys/kernel/randomize_va_space' as root to disable it, or try running with '+isomalloc_sync'.
CharmLB> Load balancer assumes all CPUs are same.
Charm++> Running on 1 hosts (1 sockets x 8 cores x 2 PUs = 16-way SMP)
Charm++> cpu topology info is gathered in 0.001 seconds.
Info: NAMD 2.14 for Linux-x86_64-multicore
Info: 
Info: Please visit http://www.ks.uiuc.edu/Research/namd/
Info: for updates, documentation, and support information.
Info: 
Info: Please cite Phillips et al., J. Chem. Phys. 153:044130 (2020) doi:10.1063/5.0014475
Info: in all publications reporting results obtained with NAMD.
Info: 
Info: Based on Charm++/Converse 61002 for multicore-linux-x86_64-iccstatic
Info: Built Mon Aug 24 10:08:36 CDT 2020 by jim on belfast.ks.uiuc.edu
Info: 1 NAMD  2.14  Linux-x86_64-multicore  1    radhikesh  radhikesh
Info: Running on 1 processors, 1 nodes, 1 physical nodes.
Info: CPU topology information available.
Info: Charm++/Converse parallel runtime startup completed at 0.0016009 s
CkLoopLib is used in SMP with simple dynamic scheduling (converse-level notification)
Info: 31.082 MB of memory in use based on /proc/self/stat
Info: Configuration file is main/output_4/prod.inp
Info: Changed directory to main/output_4
TCL: Suspending until startup complete.
Info: EXTENDED SYSTEM FILE   ./../output_4/prod_0/prod.xsc
Info: SIMULATION PARAMETERS:
Info: TIMESTEP               1
Info: NUMBER OF STEPS        0
Info: STEPS PER CYCLE        20
Info: PERIODIC CELL BASIS 1  29.2829 0 0
Info: PERIODIC CELL BASIS 2  0 27.3936 0
Info: PERIODIC CELL BASIS 3  0 0 35.8951
Info: PERIODIC CELL CENTER   2.47456 -0.373263 6.1751
Info: WRAPPING WATERS AROUND PERIODIC BOUNDARIES ON OUTPUT.
Info: WRAPPING ALL CLUSTERS AROUND PERIODIC BOUNDARIES ON OUTPUT.
Info: LOAD BALANCER  Centralized
Info: LOAD BALANCING STRATEGY  New Load Balancers -- DEFAULT
Info: LDB PERIOD             4000 steps
Info: FIRST LDB TIMESTEP     100
Info: LAST LDB TIMESTEP     -1
Info: LDB BACKGROUND SCALING 1
Info: HOM BACKGROUND SCALING 1
Info: PME BACKGROUND SCALING 1
Info: MIN ATOMS PER PATCH    40
Info: VELOCITY FILE          ./../output_4/prod_0/prod.vel
Info: CENTER OF MASS MOVING INITIALLY? NO
Info: DIELECTRIC             1
Info: EXCLUDE                SCALED ONE-FOUR
Info: 1-4 ELECTROSTATICS SCALED BY 1
Info: MODIFIED 1-4 VDW PARAMETERS WILL BE USED
Info: DCD FILENAME           ./prod_2/prod.dcd
Info: DCD FREQUENCY          1000
Info: DCD FIRST STEP         1000
Info: DCD FILE WILL CONTAIN UNIT CELL DATA
Info: XST FILENAME           ./prod_2/prod.xst
Info: XST FREQUENCY          1000
Info: NO VELOCITY DCD OUTPUT
Info: NO FORCE DCD OUTPUT
Info: OUTPUT FILENAME        ./prod_2/prod
Info: BINARY OUTPUT FILES WILL BE USED
Info: RESTART FILENAME       ./prod_2/prod.restart
Info: RESTART FREQUENCY      1000
Info: BINARY RESTART FILES WILL BE USED
Info: SWITCHING ACTIVE
Info: VDW FORCE SWITCHING ACTIVE
Info: SWITCHING ON           10
Info: SWITCHING OFF          12
Info: PAIRLIST DISTANCE      16
Info: PAIRLIST SHRINK RATE   0.01
Info: PAIRLIST GROW RATE     0.01
Info: PAIRLIST TRIGGER       0.3
Info: PAIRLISTS PER CYCLE    2
Info: PAIRLISTS ENABLED
Info: MARGIN                 0.555
Info: HYDROGEN GROUP CUTOFF  2.5
Info: PATCH DIMENSION        19.055
Info: ENERGY OUTPUT STEPS    1000
Info: CROSSTERM ENERGY INCLUDED IN DIHEDRAL
Info: TIMING OUTPUT STEPS    1000
Info: LANGEVIN DYNAMICS ACTIVE
Info: LANGEVIN TEMPERATURE   330
Info: LANGEVIN USING BBK INTEGRATOR
Info: LANGEVIN DAMPING COEFFICIENT IS 1 INVERSE PS
Info: LANGEVIN DYNAMICS NOT APPLIED TO HYDROGENS
Info: LANGEVIN PISTON PRESSURE CONTROL ACTIVE
Info:        TARGET PRESSURE IS 1 BAR
Info:     OSCILLATION PERIOD IS 50 FS
Info:             DECAY TIME IS 25 FS
Info:     PISTON TEMPERATURE IS 330 K
Info:       PRESSURE CONTROL IS GROUP-BASED
Info:    INITIAL STRAIN RATE IS -0.000891865 -0.000891865 -0.000891865
Info:       CELL FLUCTUATION IS ISOTROPIC
Info: PARTICLE MESH EWALD (PME) ACTIVE
Info: PME TOLERANCE               1e-06
Info: PME EWALD COEFFICIENT       0.257952
Info: PME INTERPOLATION ORDER     6
Info: PME GRID DIMENSIONS         32 28 36
Info: PME MAXIMUM GRID SPACING    1
Info: Attempting to read FFTW data from FFTW_NAMD_2.14_Linux-x86_64-multicore.txt
Info: Optimizing 6 FFT steps.  1... 2... 3... 4... 5... 6...   Done.
Info: Writing FFTW data to FFTW_NAMD_2.14_Linux-x86_64-multicore.txt
Info: FULL ELECTROSTATIC EVALUATION FREQUENCY      1
Info: USING VERLET I (r-RESPA) MTS SCHEME.
Info: C1 SPLITTING OF LONG RANGE ELECTROSTATICS
Info: PLACING ATOMS IN PATCHES BY HYDROGEN GROUPS
Info: RIGID BONDS TO HYDROGEN : ALL
Info:         ERROR TOLERANCE : 1e-08
Info:          MAX ITERATIONS : 100
Info: RIGID WATER USING SETTLE ALGORITHM
Info: RANDOM NUMBER SEED     1656453338
Info: USE HYDROGEN BONDS?    NO
Info: COORDINATE PDB         ./../decaalanine_solvated.pdb
Info: STRUCTURE FILE         ./../decaalanine_solvated.psf
Info: PARAMETER file: CHARMM format! 
Info: PARAMETERS             ./../toppar/par_all36m_prot.prm
Info: PARAMETERS             ./../toppar/par_all36_na.prm
Info: PARAMETERS             ./../toppar/par_all36_carb.prm
Info: PARAMETERS             ./../toppar/par_all36_lipid.prm
Info: PARAMETERS             ./../toppar/par_all36_cgenff.prm
Info: PARAMETERS             ./../toppar/par_interface.prm
Info: PARAMETERS             ./../toppar/toppar_all36_moreions.str
Info: PARAMETERS             ./../toppar/toppar_all36_nano_lig.str
Info: PARAMETERS             ./../toppar/toppar_all36_nanolig_patch.str
Info: PARAMETERS             ./../toppar/toppar_all36_synthetic_polymer.str
Info: PARAMETERS             ./../toppar/toppar_all36_synthetic_polymer_patch.str
Info: PARAMETERS             ./../toppar/toppar_all36_polymer_solvent.str
Info: PARAMETERS             ./../toppar/toppar_water_ions.str
Info: PARAMETERS             ./../toppar/toppar_dum_noble_gases.str
Info: PARAMETERS             ./../toppar/toppar_ions_won.str
Info: PARAMETERS             ./../toppar/toppar_all36_prot_arg0.str
Info: PARAMETERS             ./../toppar/toppar_all36_prot_c36m_d_aminoacids.str
Info: PARAMETERS             ./../toppar/toppar_all36_prot_fluoro_alkanes.str
Info: PARAMETERS             ./../toppar/toppar_all36_prot_heme.str
Info: PARAMETERS             ./../toppar/toppar_all36_prot_na_combined.str
Info: PARAMETERS             ./../toppar/toppar_all36_prot_retinol.str
Info: PARAMETERS             ./../toppar/toppar_all36_prot_modify_res.str
Info: PARAMETERS             ./../toppar/toppar_all36_na_nad_ppi.str
Info: PARAMETERS             ./../toppar/toppar_all36_na_rna_modified.str
Info: PARAMETERS             ./../toppar/toppar_all36_lipid_archaeal.str
Info: PARAMETERS             ./../toppar/toppar_all36_lipid_bacterial.str
Info: PARAMETERS             ./../toppar/toppar_all36_lipid_cardiolipin.str
Info: PARAMETERS             ./../toppar/toppar_all36_lipid_cholesterol.str
Info: PARAMETERS             ./../toppar/toppar_all36_lipid_dag.str
Info: PARAMETERS             ./../toppar/toppar_all36_lipid_inositol.str
Info: PARAMETERS             ./../toppar/toppar_all36_lipid_lnp.str
Info: PARAMETERS             ./../toppar/toppar_all36_lipid_lps.str
Info: PARAMETERS             ./../toppar/toppar_all36_lipid_mycobacterial.str
Info: PARAMETERS             ./../toppar/toppar_all36_lipid_miscellaneous.str
Info: PARAMETERS             ./../toppar/toppar_all36_lipid_model.str
Info: PARAMETERS             ./../toppar/toppar_all36_lipid_prot.str
Info: PARAMETERS             ./../toppar/toppar_all36_lipid_sphingo.str
Info: PARAMETERS             ./../toppar/toppar_all36_lipid_tag.str
Info: PARAMETERS             ./../toppar/toppar_all36_lipid_yeast.str
Info: PARAMETERS             ./../toppar/toppar_all36_lipid_hmmm.str
Info: PARAMETERS             ./../toppar/toppar_all36_lipid_detergent.str
Info: PARAMETERS             ./../toppar/toppar_all36_lipid_ether.str
Info: PARAMETERS             ./../toppar/toppar_all36_carb_glycolipid.str
Info: PARAMETERS             ./../toppar/toppar_all36_carb_glycopeptide.str
Info: PARAMETERS             ./../toppar/toppar_all36_carb_imlab.str
Info: PARAMETERS             ./../toppar/toppar_all36_label_spin.str
Info: PARAMETERS             ./../toppar/toppar_all36_label_fluorophore.str
Info: USING ARITHMETIC MEAN TO COMBINE L-J SIGMA PARAMETERS
Info: BINARY COORDINATES     ./../output_4/prod_0/prod.coor

Warning: DUPLICATE ANGLE ENTRY FOR CG2D1-CG321-NG311
PREVIOUS VALUES  k=78  theta0=110 k_ub=0 r_ub=0
   USING VALUES  k=57  theta0=107 k_ub=0 r_ub=0

Warning: DUPLICATE ANGLE ENTRY FOR CG331-CG2D1-CG331
PREVIOUS VALUES  k=55  theta0=119 k_ub=0 r_ub=0
   USING VALUES  k=48  theta0=123.5 k_ub=0 r_ub=0

Warning: DUPLICATE ANGLE ENTRY FOR CG1N1-CG321-HGA2
PREVIOUS VALUES  k=50  theta0=109 k_ub=0 r_ub=0
   USING VALUES  k=50  theta0=110.5 k_ub=0 r_ub=0

Warning: DUPLICATE ANGLE ENTRY FOR CG321-NG311-CG331
PREVIOUS VALUES  k=48  theta0=112.2 k_ub=38 r_ub=2.35
   USING VALUES  k=40.5  theta0=109.6 k_ub=0 r_ub=0

Warning: DUPLICATE ANGLE ENTRY FOR CG2O2-CG311-OG311
PREVIOUS VALUES  k=110  theta0=106.7 k_ub=0 r_ub=0
   USING VALUES  k=112  theta0=111 k_ub=0 r_ub=0

Warning: DUPLICATE ANGLE ENTRY FOR CG2O3-CG311-OG311
PREVIOUS VALUES  k=80  theta0=107 k_ub=0 r_ub=0
   USING VALUES  k=45  theta0=109 k_ub=0 r_ub=0

Warning: DUPLICATE ANGLE ENTRY FOR CG2R61-CG311-OG311
PREVIOUS VALUES  k=82  theta0=112.8 k_ub=0 r_ub=0
   USING VALUES  k=75.7  theta0=110.1 k_ub=0 r_ub=0

Warning: DUPLICATE DIHEDRAL ENTRY FOR CG321-CG321-CG321-NG311
PREVIOUS VALUES MULTIPLICITY: 1
  k=0.3  n=3  delta=0
INCREASING MULTIPLICITY TO: 2
  k=0.39  n=2  delta=0

Warning: DUPLICATE DIHEDRAL ENTRY FOR HGA3-CG331-NG311-CG321
PREVIOUS VALUES MULTIPLICITY: 1
  k=0.5  n=3  delta=0
Warning: IDENTICAL PERIODICITY! REPLACING OLD VALUES BY: 
  k=0  n=3  delta=180

Warning: DUPLICATE DIHEDRAL ENTRY FOR CG331-CG321-CG321-NG311
PREVIOUS VALUES MULTIPLICITY: 1
  k=0.3  n=3  delta=0
INCREASING MULTIPLICITY TO: 2
  k=0.16  n=1  delta=180

Warning: DUPLICATE DIHEDRAL ENTRY FOR CG2D1-CG2D1-CG321-NG311
PREVIOUS VALUES MULTIPLICITY: 2
  k=1.6  n=1  delta=180
Warning: IDENTICAL PERIODICITY! REPLACING OLD VALUES BY: 
  k=0.6  n=1  delta=180

Warning: DUPLICATE DIHEDRAL ENTRY FOR CG2D1-CG321-NG311-CG321
PREVIOUS VALUES MULTIPLICITY: 3
  k=1.1  n=1  delta=180
  k=0.6  n=2  delta=180
Warning: IDENTICAL PERIODICITY! REPLACING OLD VALUES BY: 
  k=1.5  n=2  delta=0
Warning: IDENTICAL PERIODICITY! REPLACING OLD VALUES BY: 
  k=2.5  n=1  delta=180

Warning: DUPLICATE DIHEDRAL ENTRY FOR CG2D1-CG321-CG321-CG2D1
PREVIOUS VALUES MULTIPLICITY: 2
  k=0.9  n=1  delta=180
  k=0.3  n=3  delta=180
Warning: IDENTICAL PERIODICITY! REPLACING OLD VALUES BY: 
  k=0.2  n=3  delta=0

Warning: DUPLICATE DIHEDRAL ENTRY FOR CG2D1-CG321-NG311-HGPAM1
PREVIOUS VALUES MULTIPLICITY: 1
  k=0.48  n=3  delta=0
Warning: IDENTICAL PERIODICITY! REPLACING OLD VALUES BY: 
  k=0.16  n=3  delta=0

Warning: DUPLICATE DIHEDRAL ENTRY FOR HGA2-CG321-NG311-CG331
PREVIOUS VALUES MULTIPLICITY: 1
  k=0.4  n=3  delta=0
Warning: IDENTICAL PERIODICITY! REPLACING OLD VALUES BY: 
  k=0  n=3  delta=180

Warning: DUPLICATE DIHEDRAL ENTRY FOR HGA4-CG2D1-CG321-NG311
PREVIOUS VALUES MULTIPLICITY: 1
  k=0.26  n=3  delta=0
Warning: IDENTICAL PERIODICITY! REPLACING OLD VALUES BY: 
  k=0.2  n=3  delta=0

Warning: DUPLICATE DIHEDRAL ENTRY FOR CG2R61-CG311-OG311-HGP1
PREVIOUS VALUES MULTIPLICITY: 3
  k=1.08  n=1  delta=0
  k=0.54  n=2  delta=0
  k=0.77  n=3  delta=0
Warning: IDENTICAL PERIODICITY! REPLACING OLD VALUES BY: 
  k=0.74  n=3  delta=0
Warning: IDENTICAL PERIODICITY! REPLACING OLD VALUES BY: 
  k=1.4  n=2  delta=0
Warning: IDENTICAL PERIODICITY! REPLACING OLD VALUES BY: 
  k=2.1  n=1  delta=0

Warning: DUPLICATE DIHEDRAL ENTRY FOR OG2D2-CG2O3-CG311-OG311
PREVIOUS VALUES MULTIPLICITY: 1
  k=0.85  n=2  delta=180
Warning: IDENTICAL PERIODICITY! REPLACING OLD VALUES BY: 
  k=0.55  n=2  delta=180

Warning: DUPLICATE DIHEDRAL ENTRY FOR OG302-CG2O2-CG311-OG311
PREVIOUS VALUES MULTIPLICITY: 2
  k=0.4  n=2  delta=180
  k=0.1  n=6  delta=0
Warning: IDENTICAL PERIODICITY! REPLACING OLD VALUES BY: 
  k=0.05  n=6  delta=180

Warning: DUPLICATE DIHEDRAL ENTRY FOR CG2O3-CG311-OG311-HGP1
PREVIOUS VALUES MULTIPLICITY: 3
  k=0.3  n=1  delta=0
  k=0.3  n=2  delta=180
  k=0.4  n=3  delta=0
Warning: IDENTICAL PERIODICITY! REPLACING OLD VALUES BY: 
  k=0.01  n=3  delta=180
Warning: IDENTICAL PERIODICITY! REPLACING OLD VALUES BY: 
  k=0.37  n=2  delta=0
Warning: IDENTICAL PERIODICITY! REPLACING OLD VALUES BY: 
  k=0.35  n=1  delta=0

Warning: DUPLICATE DIHEDRAL ENTRY FOR CG2O2-CG311-OG311-HGP1
PREVIOUS VALUES MULTIPLICITY: 3
  k=0.85  n=1  delta=180
  k=0.38  n=2  delta=180
Warning: IDENTICAL PERIODICITY! REPLACING OLD VALUES BY: 
  k=0.37  n=2  delta=0
Warning: IDENTICAL PERIODICITY! REPLACING OLD VALUES BY: 
  k=0.35  n=1  delta=0
Warning: IDENTICAL PERIODICITY! REPLACING OLD VALUES BY: 
  k=0.01  n=3  delta=180

Warning: DUPLICATE DIHEDRAL ENTRY FOR CG331-CG2D1-CG321-OG311
PREVIOUS VALUES MULTIPLICITY: 3
  k=0.25  n=1  delta=180
  k=0.52  n=2  delta=180
  k=0.23  n=3  delta=180
Warning: IDENTICAL PERIODICITY! REPLACING OLD VALUES BY: 
  k=0.19  n=3  delta=0

Warning: DUPLICATE DIHEDRAL ENTRY FOR OG311-CG2O2-CG311-OG311
PREVIOUS VALUES MULTIPLICITY: 1
  k=0.46  n=2  delta=180
INCREASING MULTIPLICITY TO: 2
  k=0  n=6  delta=180

Warning: DUPLICATE DIHEDRAL ENTRY FOR OG2D1-CG2O2-CG311-OG311
PREVIOUS VALUES MULTIPLICITY: 1
  k=0.55  n=2  delta=180
Warning: IDENTICAL PERIODICITY! REPLACING OLD VALUES BY: 
  k=0  n=2  delta=0

Warning: DUPLICATE DIHEDRAL ENTRY FOR CG2R61-CG2R61-CG311-OG311
PREVIOUS VALUES MULTIPLICITY: 1
  k=0.7  n=2  delta=180
Warning: IDENTICAL PERIODICITY! REPLACING OLD VALUES BY: 
  k=0  n=2  delta=0
Warning: SKIPPING PART OF PARAMETER FILE AFTER RETURN STATEMENT

Warning: DUPLICATE ANGLE ENTRY FOR CG2R61-CG2R61-OG301
PREVIOUS VALUES  k=110  theta0=120 k_ub=0 r_ub=0
   USING VALUES  k=56  theta0=124.5 k_ub=0 r_ub=0

Warning: DUPLICATE ANGLE ENTRY FOR CTL3-CEL1-CTL3
PREVIOUS VALUES  k=48  theta0=123.5 k_ub=0 r_ub=0
   USING VALUES  k=58.35  theta0=113.5 k_ub=11.16 r_ub=2.561
Warning: SKIPPING PART OF PARAMETER FILE AFTER RETURN STATEMENT

Warning: DUPLICATE ANGLE ENTRY FOR CTL1-CTO1-CTO1
PREVIOUS VALUES  k=52  theta0=108 k_ub=0 r_ub=0
   USING VALUES  k=58.35  theta0=113.5 k_ub=11.16 r_ub=2.561

Warning: DUPLICATE ANGLE ENTRY FOR C-CTO1-HAL1
PREVIOUS VALUES  k=50  theta0=109.5 k_ub=0 r_ub=0
   USING VALUES  k=33  theta0=109.5 k_ub=30 r_ub=2.163
Warning: IDENTICAL PERIODICITY! REPLACING OLD VALUES BY: 
  k=1.3  n=3  delta=180

Warning: DUPLICATE DIHEDRAL ENTRY FOR NHL-C-CTO1-HAL1
PREVIOUS VALUES MULTIPLICITY: 1
  k=0  n=1  delta=0
INCREASING MULTIPLICITY TO: 2
  k=0  n=3  delta=0

Warning: DUPLICATE DIHEDRAL ENTRY FOR X-CTO1-CTO1-X
PREVIOUS VALUES MULTIPLICITY: 1
  k=0.2  n=3  delta=0
Warning: IDENTICAL PERIODICITY! REPLACING OLD VALUES BY: 
  k=0.14  n=3  delta=0

Warning: DUPLICATE DIHEDRAL ENTRY FOR O-C-CTO1-HAL1
PREVIOUS VALUES MULTIPLICITY: 1
  k=0  n=1  delta=0
INCREASING MULTIPLICITY TO: 2
  k=0  n=2  delta=180

Warning: DUPLICATE BOND ENTRY FOR CEL3-CTL3
PREVIOUS VALUES  k=383  x0=1.504
   USING VALUES  k=365  x0=1.502

Warning: DUPLICATE ANGLE ENTRY FOR CEL3-CTL3-HAL3
PREVIOUS VALUES  k=42  theta0=111.5 k_ub=0 r_ub=0
   USING VALUES  k=45  theta0=111.5 k_ub=0 r_ub=0

Warning: DUPLICATE DIHEDRAL ENTRY FOR HEL1-CEL3-CEL3-CTL3
PREVIOUS VALUES MULTIPLICITY: 1
  k=1  n=2  delta=0
INCREASING MULTIPLICITY TO: 2
  k=0.15  n=1  delta=180
Warning: IDENTICAL PERIODICITY! REPLACING OLD VALUES BY: 
  k=8.5  n=2  delta=180

Warning: DUPLICATE DIHEDRAL ENTRY FOR CG331-CG301-CG321-CG301
PREVIOUS VALUES MULTIPLICITY: 1
  k=0.2  n=3  delta=0
INCREASING MULTIPLICITY TO: 2
  k=0.44  n=1  delta=0

Warning: DUPLICATE DIHEDRAL ENTRY FOR CG331-CG301-CG321-CG301
PREVIOUS VALUES MULTIPLICITY: 2
  k=0.2  n=3  delta=0
  k=0.44  n=1  delta=0
INCREASING MULTIPLICITY TO: 3
  k=0.02  n=2  delta=180

Warning: DUPLICATE DIHEDRAL ENTRY FOR CG331-CG301-CG321-CG301
PREVIOUS VALUES MULTIPLICITY: 3
  k=0.2  n=3  delta=0
Warning: IDENTICAL PERIODICITY! REPLACING OLD VALUES BY: 
  k=0.73  n=3  delta=180

Warning: DUPLICATE DIHEDRAL ENTRY FOR NG311-CG321-CG321-NG311
PREVIOUS VALUES MULTIPLICITY: 2
  k=0.25  n=1  delta=180
  k=1.24  n=2  delta=0
INCREASING MULTIPLICITY TO: 3
  k=0.3  n=3  delta=0

Warning: DUPLICATE BOND ENTRY FOR CG2O1-CG2R51
PREVIOUS VALUES  k=280  x0=1.475
   USING VALUES  k=300  x0=1.475

Warning: DUPLICATE ANGLE ENTRY FOR CG2R51-CG2O1-NG2S1
PREVIOUS VALUES  k=52  theta0=115.5 k_ub=0 r_ub=0
   USING VALUES  k=80  theta0=116.5 k_ub=0 r_ub=0

Warning: DUPLICATE ANGLE ENTRY FOR CG2R51-CG2O1-OG2D1
PREVIOUS VALUES  k=45  theta0=122 k_ub=0 r_ub=0
   USING VALUES  k=30  theta0=121 k_ub=0 r_ub=0

Warning: DUPLICATE ANGLE ENTRY FOR CG2O1-CG2R51-CG2R51
PREVIOUS VALUES  k=35  theta0=130 k_ub=0 r_ub=0
   USING VALUES  k=45.8  theta0=130 k_ub=0 r_ub=0

Warning: DUPLICATE ANGLE ENTRY FOR CG2R53-NG2R53-CG3RC1
PREVIOUS VALUES  k=75  theta0=112 k_ub=0 r_ub=0
   USING VALUES  k=75  theta0=111 k_ub=0 r_ub=0

Warning: DUPLICATE DIHEDRAL ENTRY FOR NG2S1-CG2O1-CG2R51-CG2R51
PREVIOUS VALUES MULTIPLICITY: 2
  k=1.1  n=2  delta=180
Warning: IDENTICAL PERIODICITY! REPLACING OLD VALUES BY: 
  k=1  n=2  delta=180

Warning: DUPLICATE DIHEDRAL ENTRY FOR OG2D1-CG2O1-CG2R51-CG2R51
PREVIOUS VALUES MULTIPLICITY: 2
  k=1.1  n=2  delta=180
Warning: IDENTICAL PERIODICITY! REPLACING OLD VALUES BY: 
  k=1  n=2  delta=180

Warning: DUPLICATE DIHEDRAL ENTRY FOR CG2R51-CG2O1-NG2S1-HGP1
PREVIOUS VALUES MULTIPLICITY: 1
  k=1  n=2  delta=180
Warning: IDENTICAL PERIODICITY! REPLACING OLD VALUES BY: 
  k=2.5  n=2  delta=180

Warning: DUPLICATE IMPROPER DIHEDRAL ENTRY FOR CG2O1-CG2R51-NG2S1-OG2D1
PREVIOUS VALUES MULTIPLICITY 1
  k=70  n=0  delta=0
USING VALUES MULTIPLICITY 1
  k=120  n=0  delta=0Info: SUMMARY OF PARAMETERS:
Info: 1858 BONDS
Info: 5968 ANGLES
Info: 16480 DIHEDRAL
Info: 374 IMPROPER
Info: 16 CROSSTERM
Info: 717 VDW
Info: 124 VDW_PAIRS
Info: 0 NBTHOLE_PAIRS
Info: TIME FOR READING PSF FILE: 0.025184
Info: Reading pdb file ./../decaalanine_solvated.pdb
Info: TIME FOR READING PDB FILE: 0.00183887
Info: 
Info: ****************************
Info: STRUCTURE SUMMARY:
Info: 2797 ATOMS
Info: 1898 BONDS
Info: 1081 ANGLES
Info: 249 DIHEDRALS
Info: 19 IMPROPERS
Info: 8 CROSSTERMS
Info: 0 EXCLUSIONS
Info: 2746 RIGID BONDS
Info: 5645 DEGREES OF FREEDOM
Info: 949 HYDROGEN GROUPS
Info: 4 ATOMS IN LARGEST HYDROGEN GROUP
Info: 949 MIGRATION GROUPS
Info: 4 ATOMS IN LARGEST MIGRATION GROUP
Info: TOTAL MASS = 16906.6 amu
Info: TOTAL CHARGE = 5.96046e-08 e
Info: MASS DENSITY = 0.97503 g/cm^3
Info: ATOM DENSITY = 0.0971391 atoms/A^3
Info: *****************************
Info: Reading from binary file ./../output_4/prod_0/prod.coor
Info: 
Info: Entering startup at 0.497626 s, 49.9961 MB of memory in use
Info: Startup phase 0 took 3.6031e-05 s, 49.9961 MB of memory in use
Info: ADDED 3228 IMPLICIT EXCLUSIONS
Info: Startup phase 1 took 0.0011701 s, 51.1992 MB of memory in use
Info: NONBONDED TABLE R-SQUARED SPACING: 0.0625
Info: NONBONDED TABLE SIZE: 769 POINTS
Info: ABSOLUTE IMPRECISION IN FAST TABLE FORCE: 2.64698e-23 AT 11.9138
Info: RELATIVE IMPRECISION IN FAST TABLE FORCE: 1.40436e-16 AT 11.9138
Info: INCONSISTENCY IN FAST TABLE ENERGY VS FORCE: 0.000325096 AT 11.9556
Info: ABSOLUTE IMPRECISION IN SCOR TABLE FORCE: 4.10282e-22 AT 11.9138
Info: RELATIVE IMPRECISION IN SCOR TABLE FORCE: 3.56912e-15 AT 11.9138
Info: INCONSISTENCY IN SCOR TABLE ENERGY VS FORCE: 0.000324844 AT 11.9556
Info: ABSOLUTE IMPRECISION IN VDWA TABLE ENERGY: 9.86076e-32 AT 11.8295
Info: RELATIVE IMPRECISION IN VDWA TABLE ENERGY: 3.37915e-14 AT 11.9138
Info: ABSOLUTE IMPRECISION IN VDWA TABLE FORCE: 1.38667e-32 AT 11.9138
Info: RELATIVE IMPRECISION IN VDWA TABLE FORCE: 1.51174e-15 AT 11.9138
Info: INCONSISTENCY IN VDWA TABLE ENERGY VS FORCE: 0.0040507 AT 0.251946
Info: ABSOLUTE IMPRECISION IN VDWB TABLE ENERGY: 1.03398e-25 AT 11.8295
Info: RELATIVE IMPRECISION IN VDWB TABLE ENERGY: 2.7691e-14 AT 11.9138
Info: ABSOLUTE IMPRECISION IN VDWB TABLE FORCE: 1.61559e-27 AT 11.9138
Info: RELATIVE IMPRECISION IN VDWB TABLE FORCE: 1.496e-16 AT 11.9138
Info: INCONSISTENCY IN VDWB TABLE ENERGY VS FORCE: 0.00150189 AT 0.251946
Info: Startup phase 2 took 0.00803105 s, 66.8906 MB of memory in use
Info: Startup phase 3 took 3.7758e-05 s, 66.8906 MB of memory in use
Info: Startup phase 4 took 2.5098e-05 s, 66.8906 MB of memory in use
Info: Startup phase 5 took 9.011e-06 s, 66.8906 MB of memory in use
Info: PATCH GRID IS 1 (PERIODIC) BY 1 (PERIODIC) BY 1 (PERIODIC)
Info: PATCH GRID IS 1-AWAY BY 1-AWAY BY 1-AWAY
Info: Reading from binary file ./../output_4/prod_0/prod.vel
Info: REMOVING COM VELOCITY -0.0238758 0.0152116 0.000770781
Info: LARGEST PATCH (0) HAS 2797 ATOMS
Info: TORUS A SIZE 1 USING 0
Info: TORUS B SIZE 1 USING 0
Info: TORUS C SIZE 1 USING 0
Info: TORUS MINIMAL MESH SIZE IS 1 BY 1 BY 1
Info: Placed 100% of base nodes on same physical node as patch
Info: Startup phase 6 took 0.00045646 s, 67.4883 MB of memory in use
Info: PME using 1 and 1 processors for FFT and reciprocal sum.
Info: PME GRID LOCATIONS: 0
Info: PME TRANS LOCATIONS: 0
Info: PME USING 1 GRID NODES AND 1 TRANS NODES
Info: Optimizing 4 FFT steps.  1... 2... 3... 4...   Done.
Info: Startup phase 7 took 7.6403e-05 s, 67.4883 MB of memory in use
Info: Startup phase 8 took 1.5409e-05 s, 67.4883 MB of memory in use
Info: Startup phase 9 took 8.989e-06 s, 67.4883 MB of memory in use
Info: Startup phase 10 took 8.78e-06 s, 67.4883 MB of memory in use
Info: Startup phase 11 took 1.163e-05 s, 67.4883 MB of memory in use
LDB: Central LB being created...
Info: Startup phase 12 took 1.7634e-05 s, 67.4883 MB of memory in use
Info: CREATING 25 COMPUTE OBJECTS
Info: Startup phase 13 took 8.2242e-05 s, 67.4883 MB of memory in use
Info: Startup phase 14 took 1.0781e-05 s, 67.4883 MB of memory in use
Info: Startup phase 15 took 8.763e-06 s, 67.4883 MB of memory in use
Info: Finished startup at 0.507632 s, 67.4883 MB of memory in use

TCL: Running for 20000 steps
ETITLE:      TS           BOND          ANGLE          DIHED          IMPRP               ELECT            VDW       BOUNDARY           MISC        KINETIC               TOTAL           TEMP      POTENTIAL         TOTAL3        TEMPAVG            PRESSURE      GPRESSURE         VOLUME       PRESSAVG      GPRESSAVG

ENERGY:       0        20.5097        65.5434        27.1125         3.3241          -9476.4919       892.7892         0.0000         0.0000      1812.8774          -6654.3356       323.2175     -8467.2130     -6653.2714       323.2175            139.4661       139.0402     28793.7509       139.4661       139.0402

OPENING EXTENDED SYSTEM TRAJECTORY FILE
LDB: ============= START OF LOAD BALANCING ============== 0.746063
LDB: ============== END OF LOAD BALANCING =============== 0.7461
LDB: =============== DONE WITH MIGRATION ================ 0.746115
LDB: ============= START OF LOAD BALANCING ============== 1.65497
LDB: ============== END OF LOAD BALANCING =============== 1.655
LDB: =============== DONE WITH MIGRATION ================ 1.65503
Info: Initial time: 1 CPUs 0.0114163 s/step 0.132133 days/ns 81.4805 MB memory
LDB: ============= START OF LOAD BALANCING ============== 1.87757
LDB: ============== END OF LOAD BALANCING =============== 1.87759
LDB: =============== DONE WITH MIGRATION ================ 1.8776
LDB: ============= START OF LOAD BALANCING ============== 2.75439
LDB: ============== END OF LOAD BALANCING =============== 2.75441
LDB: =============== DONE WITH MIGRATION ================ 2.75444
Info: Initial time: 1 CPUs 0.0109842 s/step 0.127131 days/ns 81.4805 MB memory
LDB: ============= START OF LOAD BALANCING ============== 3.82873
LDB: ============== END OF LOAD BALANCING =============== 3.82875
LDB: =============== DONE WITH MIGRATION ================ 3.82878
Info: Initial time: 1 CPUs 0.010738 s/step 0.124283 days/ns 81.4805 MB memory
LDB: ============= START OF LOAD BALANCING ============== 4.888
LDB: ============== END OF LOAD BALANCING =============== 4.88803
LDB: =============== DONE WITH MIGRATION ================ 4.88806
Info: Benchmark time: 1 CPUs 0.0105888 s/step 0.122555 days/ns 81.4805 MB memory
Info: Benchmark time: 1 CPUs 0.0104582 s/step 0.121044 days/ns 81.4805 MB memory
Info: Benchmark time: 1 CPUs 0.0102091 s/step 0.118161 days/ns 81.4805 MB memory
Info: Benchmark time: 1 CPUs 0.0100312 s/step 0.116101 days/ns 81.4805 MB memory
Info: Benchmark time: 1 CPUs 0.00990313 s/step 0.11462 days/ns 81.4805 MB memory
Info: Benchmark time: 1 CPUs 0.00979593 s/step 0.113379 days/ns 81.4805 MB memory
TIMING: 1000  CPU: 10.4118, 0.010388/step  Wall: 10.416, 0.0103886/step, 0.0548287 hours remaining, 81.480469 MB of memory in use.
ENERGY:    1000        13.6925        72.2947        26.8960         4.2350          -9461.6044       932.6270         0.0000         0.0000      1822.4540          -6589.4053       324.9249     -8411.8593     -6588.2639       326.0483            632.7702       635.6189     28870.2058         9.3665         9.1420

WRITING EXTENDED SYSTEM TO RESTART FILE AT STEP 1000
OPENING COORDINATE DCD FILE
WRITING COORDINATES TO DCD FILE ./prod_2/prod.dcd AT STEP 1000
WRITING COORDINATES TO RESTART FILE AT STEP 1000
FINISHED WRITING RESTART COORDINATES
The last position output (seq=1000) takes 0.018 seconds, 81.480 MB of memory in use
WRITING VELOCITIES TO RESTART FILE AT STEP 1000
FINISHED WRITING RESTART VELOCITIES
The last velocity output (seq=1000) takes 0.000 seconds, 81.480 MB of memory in use
TIMING: 2000  CPU: 20.3203, 0.00990851/step  Wall: 20.3438, 0.00992771/step, 0.0496385 hours remaining, 81.480469 MB of memory in use.
ENERGY:    2000        19.7816        62.0899        22.8751         2.6289          -9365.0023       833.2825         0.0000         0.0000      1823.4754          -6600.8688       325.1070     -8424.3442     -6599.6568       327.9849            345.9186       347.0173     27990.1185        12.5157        12.8985

WRITING EXTENDED SYSTEM TO RESTART FILE AT STEP 2000
WRITING COORDINATES TO DCD FILE ./prod_2/prod.dcd AT STEP 2000
WRITING COORDINATES TO RESTART FILE AT STEP 2000
FINISHED WRITING RESTART COORDINATES
The last position output (seq=2000) takes 0.000 seconds, 81.480 MB of memory in use
WRITING VELOCITIES TO RESTART FILE AT STEP 2000
FINISHED WRITING RESTART VELOCITIES
The last velocity output (seq=2000) takes 0.000 seconds, 81.480 MB of memory in use
TIMING: 3000  CPU: 30.3821, 0.0100618/step  Wall: 30.4099, 0.0100662/step, 0.0475346 hours remaining, 81.480469 MB of memory in use.
ENERGY:    3000        18.1131        59.3385        26.5170         4.3283          -9321.0876       789.4403         0.0000         0.0000      1794.6685          -6628.6820       319.9710     -8423.3505     -6628.5612       325.5218              1.2213        12.8960     27838.7978         5.5037         5.4747

WRITING EXTENDED SYSTEM TO RESTART FILE AT STEP 3000
WRITING COORDINATES TO DCD FILE ./prod_2/prod.dcd AT STEP 3000
WRITING COORDINATES TO RESTART FILE AT STEP 3000
FINISHED WRITING RESTART COORDINATES
The last position output (seq=3000) takes 0.000 seconds, 81.480 MB of memory in use
WRITING VELOCITIES TO RESTART FILE AT STEP 3000
FINISHED WRITING RESTART VELOCITIES
The last velocity output (seq=3000) takes 0.000 seconds, 81.480 MB of memory in use
TIMING: 4000  CPU: 40.5882, 0.0102061/step  Wall: 40.6183, 0.0102084/step, 0.0453708 hours remaining, 81.480469 MB of memory in use.
ENERGY:    4000        17.2199        63.9652        27.7450         4.3399          -9385.3434       823.4449         0.0000         0.0000      1839.4340          -6609.1945       327.9523     -8448.6285     -6608.7500       329.0234             53.1411        51.1056     27828.4032        -6.8461        -6.4832

WRITING EXTENDED SYSTEM TO RESTART FILE AT STEP 4000
WRITING COORDINATES TO DCD FILE ./prod_2/prod.dcd AT STEP 4000
WRITING COORDINATES TO RESTART FILE AT STEP 4000
FINISHED WRITING RESTART COORDINATES
The last position output (seq=4000) takes 0.000 seconds, 81.480 MB of memory in use
WRITING VELOCITIES TO RESTART FILE AT STEP 4000
FINISHED WRITING RESTART VELOCITIES
The last velocity output (seq=4000) takes 0.000 seconds, 81.480 MB of memory in use
LDB: ============= START OF LOAD BALANCING ============== 44.2035
LDB: ============== END OF LOAD BALANCING =============== 44.2036
LDB: =============== DONE WITH MIGRATION ================ 44.2036
LDB: ============= START OF LOAD BALANCING ============== 45.2131
LDB: ============== END OF LOAD BALANCING =============== 45.2132
LDB: =============== DONE WITH MIGRATION ================ 45.2132
TIMING: 5000  CPU: 50.6779, 0.0100897/step  Wall: 50.7085, 0.0100901/step, 0.0420423 hours remaining, 81.480469 MB of memory in use.
ENERGY:    5000        11.3899        68.0591        24.4646         2.8676          -9491.5527       903.8683         0.0000         0.0000      1899.5041          -6581.3990       338.6622     -8480.9031     -6580.1424       327.8326            775.9241       787.4029     27854.4625        10.5947        11.1905

WRITING EXTENDED SYSTEM TO RESTART FILE AT STEP 5000
WRITING COORDINATES TO DCD FILE ./prod_2/prod.dcd AT STEP 5000
WRITING COORDINATES TO RESTART FILE AT STEP 5000
FINISHED WRITING RESTART COORDINATES
The last position output (seq=5000) takes 0.000 seconds, 81.480 MB of memory in use
WRITING VELOCITIES TO RESTART FILE AT STEP 5000
FINISHED WRITING RESTART VELOCITIES
The last velocity output (seq=5000) takes 0.000 seconds, 81.480 MB of memory in use
TIMING: 6000  CPU: 60.6282, 0.00995029/step  Wall: 60.6609, 0.00995244/step, 0.0387039 hours remaining, 81.480469 MB of memory in use.
ENERGY:    6000        26.1688        66.6937        25.8116         1.8876          -9383.0503       819.0420         0.0000         0.0000      1850.7560          -6592.6905       329.9709     -8443.4465     -6591.5261       328.8405           -785.6220      -797.2228     28798.9083        15.9210        15.9295

WRITING EXTENDED SYSTEM TO RESTART FILE AT STEP 6000
WRITING COORDINATES TO DCD FILE ./prod_2/prod.dcd AT STEP 6000
WRITING COORDINATES TO RESTART FILE AT STEP 6000
FINISHED WRITING RESTART COORDINATES
The last position output (seq=6000) takes 0.000 seconds, 81.480 MB of memory in use
WRITING VELOCITIES TO RESTART FILE AT STEP 6000
FINISHED WRITING RESTART VELOCITIES
TIMING: 7000  CPU: 70.5032, 0.009875/step  Wall: 70.5376, 0.00987673/step, 0.035666 hours remaining, 81.480469 MB of memory in use.
ENERGY:    7000        17.6334        54.1743        27.9022         3.1162          -9327.9453       835.5707         0.0000         0.0000      1834.6738          -6554.8746       327.1036     -8389.5484     -6552.8738       329.1963           -414.2530      -409.0793     28810.4159        24.4095        24.6729

WRITING EXTENDED SYSTEM TO RESTART FILE AT STEP 7000
WRITING COORDINATES TO DCD FILE ./prod_2/prod.dcd AT STEP 7000
WRITING COORDINATES TO RESTART FILE AT STEP 7000
FINISHED WRITING RESTART COORDINATES
The last position output (seq=7000) takes 0.000 seconds, 81.480 MB of memory in use
WRITING VELOCITIES TO RESTART FILE AT STEP 7000
FINISHED WRITING RESTART VELOCITIES
TIMING: 8000  CPU: 80.3778, 0.00987466/step  Wall: 80.4157, 0.00987807/step, 0.0329269 hours remaining, 81.480469 MB of memory in use.
ENERGY:    8000        24.7477        61.5009        26.3813         3.9366          -9501.6515       938.9823         0.0000         0.0000      1864.6482          -6581.4544       332.4477     -8446.1026     -6581.0309       328.8670           1467.6310      1449.0090     28043.1297       -23.0628       -23.7143

WRITING EXTENDED SYSTEM TO RESTART FILE AT STEP 8000
WRITING COORDINATES TO DCD FILE ./prod_2/prod.dcd AT STEP 8000
WRITING COORDINATES TO RESTART FILE AT STEP 8000
FINISHED WRITING RESTART COORDINATES
The last position output (seq=8000) takes 0.000 seconds, 81.480 MB of memory in use
WRITING VELOCITIES TO RESTART FILE AT STEP 8000
FINISHED WRITING RESTART VELOCITIES
LDB: ============= START OF LOAD BALANCING ============== 83.993
LDB: ============== END OF LOAD BALANCING =============== 83.993
LDB: =============== DONE WITH MIGRATION ================ 83.993
LDB: ============= START OF LOAD BALANCING ============== 84.9939
LDB: ============== END OF LOAD BALANCING =============== 84.9939
LDB: =============== DONE WITH MIGRATION ================ 84.994
TIMING: 9000  CPU: 90.4808, 0.0101029/step  Wall: 90.5192, 0.0101034/step, 0.0308716 hours remaining, 81.480469 MB of memory in use.
ENERGY:    9000        17.1211        65.7123        28.7177         1.7662          -9374.9018       853.4338         0.0000         0.0000      1837.7403          -6570.4105       327.6503     -8408.1507     -6570.0053       329.2157            262.6425       234.5448     28304.2185        22.7262        22.4594

WRITING EXTENDED SYSTEM TO RESTART FILE AT STEP 9000
WRITING COORDINATES TO DCD FILE ./prod_2/prod.dcd AT STEP 9000
WRITING COORDINATES TO RESTART FILE AT STEP 9000
FINISHED WRITING RESTART COORDINATES
The last position output (seq=9000) takes 0.000 seconds, 81.480 MB of memory in use
WRITING VELOCITIES TO RESTART FILE AT STEP 9000
FINISHED WRITING RESTART VELOCITIES
TIMING: 10000  CPU: 100.429, 0.00994777/step  Wall: 100.466, 0.00994733/step, 0.0276315 hours remaining, 81.480469 MB of memory in use.
ETITLE:      TS           BOND          ANGLE          DIHED          IMPRP               ELECT            VDW       BOUNDARY           MISC        KINETIC               TOTAL           TEMP      POTENTIAL         TOTAL3        TEMPAVG            PRESSURE      GPRESSURE         VOLUME       PRESSAVG      GPRESSAVG

ENERGY:   10000        22.4154        53.4048        31.3865         6.0792          -9395.1949       818.7082         0.0000         0.0000      1899.0566          -6564.1441       338.5824     -8463.2007     -6562.1309       329.3971           -208.6966      -213.5075     27989.3458       -15.3384       -15.1645

WRITING EXTENDED SYSTEM TO RESTART FILE AT STEP 10000
WRITING COORDINATES TO DCD FILE ./prod_2/prod.dcd AT STEP 10000
WRITING COORDINATES TO RESTART FILE AT STEP 10000
FINISHED WRITING RESTART COORDINATES
The last position output (seq=10000) takes 0.000 seconds, 81.480 MB of memory in use
WRITING VELOCITIES TO RESTART FILE AT STEP 10000
FINISHED WRITING RESTART VELOCITIES
TIMING: 11000  CPU: 110.567, 0.0101382/step  Wall: 110.621, 0.010154/step, 0.0253851 hours remaining, 81.480469 MB of memory in use.
ENERGY:   11000        26.4037        69.6311        29.8722         9.0096          -9442.8275       857.1222         0.0000         0.0000      1863.6008          -6587.1879       332.2610     -8450.7887     -6585.7448       329.5797           -242.9615      -250.2321     28508.4470         3.2788         2.8256

WRITING EXTENDED SYSTEM TO RESTART FILE AT STEP 11000
WRITING COORDINATES TO DCD FILE ./prod_2/prod.dcd AT STEP 11000
WRITING COORDINATES TO RESTART FILE AT STEP 11000
FINISHED WRITING RESTART COORDINATES
WRITING VELOCITIES TO RESTART FILE AT STEP 11000
FINISHED WRITING RESTART VELOCITIES
TIMING: 12000  CPU: 120.523, 0.00995583/step  Wall: 120.576, 0.00995542/step, 0.0221232 hours remaining, 81.480469 MB of memory in use.
ENERGY:   12000        13.5632        71.9297        24.9864         3.9912          -9471.3151       874.5285         0.0000         0.0000      1864.5149          -6617.8012       332.4239     -8482.3162     -6617.2954       329.8179            343.5743       326.2350     28211.3177        15.8040        15.5481

WRITING EXTENDED SYSTEM TO RESTART FILE AT STEP 12000
WRITING COORDINATES TO DCD FILE ./prod_2/prod.dcd AT STEP 12000
WRITING COORDINATES TO RESTART FILE AT STEP 12000
FINISHED WRITING RESTART COORDINATES
WRITING VELOCITIES TO RESTART FILE AT STEP 12000
FINISHED WRITING RESTART VELOCITIES
LDB: ============= START OF LOAD BALANCING ============== 124.078
LDB: ============== END OF LOAD BALANCING =============== 124.078
LDB: =============== DONE WITH MIGRATION ================ 124.078
LDB: ============= START OF LOAD BALANCING ============== 125.089
LDB: ============== END OF LOAD BALANCING =============== 125.089
LDB: =============== DONE WITH MIGRATION ================ 125.089
TIMING: 13000  CPU: 130.606, 0.0100838/step  Wall: 130.661, 0.0100853/step, 0.0196103 hours remaining, 81.480469 MB of memory in use.
ENERGY:   13000        20.3782        66.5210        26.2926         4.3712          -9520.7378       903.9386         0.0000         0.0000      1834.4863          -6664.7499       327.0702     -8499.2362     -6664.7068       328.1978            359.1571       354.0241     27866.1109         0.3604         0.8313

WRITING EXTENDED SYSTEM TO RESTART FILE AT STEP 13000
WRITING COORDINATES TO DCD FILE ./prod_2/prod.dcd AT STEP 13000
WRITING COORDINATES TO RESTART FILE AT STEP 13000
FINISHED WRITING RESTART COORDINATES
WRITING VELOCITIES TO RESTART FILE AT STEP 13000
FINISHED WRITING RESTART VELOCITIES
TIMING: 14000  CPU: 140.61, 0.0100038/step  Wall: 140.665, 0.0100039/step, 0.0166732 hours remaining, 81.480469 MB of memory in use.
ENERGY:   14000        22.5141        60.5496        24.2933         2.2317          -9440.8185       861.2328         0.0000         0.0000      1759.4503          -6710.5466       313.6920     -8469.9969     -6709.4469       322.1569             92.4245        81.8601     28131.8190         6.1136         5.5315

WRITING EXTENDED SYSTEM TO RESTART FILE AT STEP 14000
WRITING COORDINATES TO DCD FILE ./prod_2/prod.dcd AT STEP 14000
WRITING COORDINATES TO RESTART FILE AT STEP 14000
FINISHED WRITING RESTART COORDINATES
WRITING VELOCITIES TO RESTART FILE AT STEP 14000
FINISHED WRITING RESTART VELOCITIES
TIMING: 15000  CPU: 150.658, 0.0100478/step  Wall: 150.715, 0.01005/step, 0.0139584 hours remaining, 81.480469 MB of memory in use.
ENERGY:   15000        29.1793        52.5212        24.4268         2.5621          -9448.3428       890.4546         0.0000         0.0000      1787.4435          -6661.7553       318.6829     -8449.1988     -6660.6793       321.4982           -273.2167      -292.9477     28532.9012         9.4919         9.6341

WRITING EXTENDED SYSTEM TO RESTART FILE AT STEP 15000
WRITING COORDINATES TO DCD FILE ./prod_2/prod.dcd AT STEP 15000
WRITING COORDINATES TO RESTART FILE AT STEP 15000
FINISHED WRITING RESTART COORDINATES
WRITING VELOCITIES TO RESTART FILE AT STEP 15000
FINISHED WRITING RESTART VELOCITIES
TIMING: 16000  CPU: 160.626, 0.00996783/step  Wall: 160.682, 0.00996671/step, 0.0110741 hours remaining, 81.480469 MB of memory in use.
ENERGY:   16000        11.5227        56.4740        26.6462         4.3427          -9606.6018       967.5124         0.0000         0.0000      1844.0745          -6696.0292       328.7796     -8540.1037     -6694.6380       323.8313           1051.0525      1060.8884     28129.4771        -3.7678        -3.7527

WRITING EXTENDED SYSTEM TO RESTART FILE AT STEP 16000
WRITING COORDINATES TO DCD FILE ./prod_2/prod.dcd AT STEP 16000
WRITING COORDINATES TO RESTART FILE AT STEP 16000
FINISHED WRITING RESTART COORDINATES
WRITING VELOCITIES TO RESTART FILE AT STEP 16000
FINISHED WRITING RESTART VELOCITIES
LDB: ============= START OF LOAD BALANCING ============== 164.222
LDB: ============== END OF LOAD BALANCING =============== 164.222
LDB: =============== DONE WITH MIGRATION ================ 164.222
LDB: ============= START OF LOAD BALANCING ============== 165.225
LDB: ============== END OF LOAD BALANCING =============== 165.225
LDB: =============== DONE WITH MIGRATION ================ 165.225
TIMING: 17000  CPU: 170.658, 0.0100318/step  Wall: 170.713, 0.0100314/step, 0.00835951 hours remaining, 81.480469 MB of memory in use.
ENERGY:   17000        30.9703        57.2067        21.8357         3.0741          -9532.5002       851.6592         0.0000         0.0000      1903.2193          -6664.5348       339.3245     -8567.7541     -6663.4327       325.8233           -547.7566      -565.6962     28070.0078       -12.4457       -12.5239

WRITING EXTENDED SYSTEM TO RESTART FILE AT STEP 17000
WRITING COORDINATES TO DCD FILE ./prod_2/prod.dcd AT STEP 17000
WRITING COORDINATES TO RESTART FILE AT STEP 17000
FINISHED WRITING RESTART COORDINATES
WRITING VELOCITIES TO RESTART FILE AT STEP 17000
FINISHED WRITING RESTART VELOCITIES
TIMING: 18000  CPU: 180.689, 0.0100318/step  Wall: 180.744, 0.0100305/step, 0.00557252 hours remaining, 81.480469 MB of memory in use.
ENERGY:   18000        15.2430        59.2292        27.9821         4.4966          -9326.7686       789.7711         0.0000         0.0000      1880.4320          -6549.6146       335.2618     -8430.0466     -6548.8167       327.7764           -577.3629      -580.8091     28308.2945        18.9323        18.9968

WRITING EXTENDED SYSTEM TO RESTART FILE AT STEP 18000
WRITING COORDINATES TO DCD FILE ./prod_2/prod.dcd AT STEP 18000
WRITING COORDINATES TO RESTART FILE AT STEP 18000
FINISHED WRITING RESTART COORDINATES
WRITING VELOCITIES TO RESTART FILE AT STEP 18000
FINISHED WRITING RESTART VELOCITIES
TIMING: 19000  CPU: 190.585, 0.00989582/step  Wall: 190.641, 0.00989747/step, 0.0027493 hours remaining, 81.480469 MB of memory in use.
ENERGY:   19000        13.5493        63.0150        25.0898         6.2423          -9368.8743       892.5487         0.0000         0.0000      1810.8752          -6557.5541       322.8605     -8368.4292     -6557.0674       331.0349            565.0320       565.9888     28335.3545        -9.9028       -10.1564

WRITING EXTENDED SYSTEM TO RESTART FILE AT STEP 19000
WRITING COORDINATES TO DCD FILE ./prod_2/prod.dcd AT STEP 19000
WRITING COORDINATES TO RESTART FILE AT STEP 19000
FINISHED WRITING RESTART COORDINATES
WRITING VELOCITIES TO RESTART FILE AT STEP 19000
FINISHED WRITING RESTART VELOCITIES
TIMING: 20000  CPU: 200.573, 0.00998784/step  Wall: 200.631, 0.00998953/step, 0 hours remaining, 81.480469 MB of memory in use.
ETITLE:      TS           BOND          ANGLE          DIHED          IMPRP               ELECT            VDW       BOUNDARY           MISC        KINETIC               TOTAL           TEMP      POTENTIAL         TOTAL3        TEMPAVG            PRESSURE      GPRESSURE         VOLUME       PRESSAVG      GPRESSAVG

ENERGY:   20000        27.2960        72.3822        24.2954         5.8622          -9350.9950       846.2799         0.0000         0.0000      1821.3237          -6553.5556       324.7234     -8374.8792     -6552.5099       333.1648             30.1531         8.1187     28284.4146        -3.4334        -3.4682

WRITING EXTENDED SYSTEM TO RESTART FILE AT STEP 20000
WRITING COORDINATES TO DCD FILE ./prod_2/prod.dcd AT STEP 20000
WRITING COORDINATES TO RESTART FILE AT STEP 20000
FINISHED WRITING RESTART COORDINATES
WRITING VELOCITIES TO RESTART FILE AT STEP 20000
FINISHED WRITING RESTART VELOCITIES
WRITING EXTENDED SYSTEM TO OUTPUT FILE AT STEP 20000
CLOSING EXTENDED SYSTEM TRAJECTORY FILE
WRITING COORDINATES TO OUTPUT FILE AT STEP 20000
CLOSING COORDINATE DCD FILE ./prod_2/prod.dcd
WRITING VELOCITIES TO OUTPUT FILE AT STEP 20000
====================================================

WallClock: 201.160355  CPUTime: 201.083618  Memory: 81.480469 MB
[Partition 0][Node 0] End of program
