Charm++> No provisioning arguments specified. Running with a single PE.
         Use +auto-provision to fully subscribe resources or +p1 to silence this message.
Charm++: standalone mode (not using charmrun)
Charm++> Running in Multicore mode: 1 threads (PEs)
Charm++> Using recursive bisection (scheme 3) for topology aware partitions
Converse/Charm++ Commit ID: v6.10.2-0-g7bf00fa-namd-charm-6.10.2-build-2020-Aug-05-556
Warning> Randomization of virtual memory (ASLR) is turned on in the kernel, thread migration may not work! Run 'echo 0 > /proc/sys/kernel/randomize_va_space' as root to disable it, or try running with '+isomalloc_sync'.
CharmLB> Load balancer assumes all CPUs are same.
Charm++> Running on 1 hosts (1 sockets x 8 cores x 2 PUs = 16-way SMP)
Charm++> cpu topology info is gathered in 0.001 seconds.
Info: NAMD 2.14 for Linux-x86_64-multicore
Info: 
Info: Please visit http://www.ks.uiuc.edu/Research/namd/
Info: for updates, documentation, and support information.
Info: 
Info: Please cite Phillips et al., J. Chem. Phys. 153:044130 (2020) doi:10.1063/5.0014475
Info: in all publications reporting results obtained with NAMD.
Info: 
Info: Based on Charm++/Converse 61002 for multicore-linux-x86_64-iccstatic
Info: Built Mon Aug 24 10:08:36 CDT 2020 by jim on belfast.ks.uiuc.edu
Info: 1 NAMD  2.14  Linux-x86_64-multicore  1    radhikesh  radhikesh
Info: Running on 1 processors, 1 nodes, 1 physical nodes.
Info: CPU topology information available.
Info: Charm++/Converse parallel runtime startup completed at 0.0016401 s
CkLoopLib is used in SMP with simple dynamic scheduling (converse-level notification)
Info: 31.082 MB of memory in use based on /proc/self/stat
Info: Configuration file is main/output_5/prod.inp
Info: Changed directory to main/output_5
TCL: Suspending until startup complete.
Info: EXTENDED SYSTEM FILE   ./../output_5/prod_0/prod.xsc
Info: SIMULATION PARAMETERS:
Info: TIMESTEP               1
Info: NUMBER OF STEPS        0
Info: STEPS PER CYCLE        20
Info: PERIODIC CELL BASIS 1  29.1537 0 0
Info: PERIODIC CELL BASIS 2  0 27.2728 0
Info: PERIODIC CELL BASIS 3  0 0 35.7367
Info: PERIODIC CELL CENTER   2.47456 -0.373263 6.1751
Info: WRAPPING WATERS AROUND PERIODIC BOUNDARIES ON OUTPUT.
Info: WRAPPING ALL CLUSTERS AROUND PERIODIC BOUNDARIES ON OUTPUT.
Info: LOAD BALANCER  Centralized
Info: LOAD BALANCING STRATEGY  New Load Balancers -- DEFAULT
Info: LDB PERIOD             4000 steps
Info: FIRST LDB TIMESTEP     100
Info: LAST LDB TIMESTEP     -1
Info: LDB BACKGROUND SCALING 1
Info: HOM BACKGROUND SCALING 1
Info: PME BACKGROUND SCALING 1
Info: MIN ATOMS PER PATCH    40
Info: VELOCITY FILE          ./../output_5/prod_0/prod.vel
Info: CENTER OF MASS MOVING INITIALLY? NO
Info: DIELECTRIC             1
Info: EXCLUDE                SCALED ONE-FOUR
Info: 1-4 ELECTROSTATICS SCALED BY 1
Info: MODIFIED 1-4 VDW PARAMETERS WILL BE USED
Info: DCD FILENAME           ./prod_9/prod.dcd
Info: DCD FREQUENCY          1000
Info: DCD FIRST STEP         1000
Info: DCD FILE WILL CONTAIN UNIT CELL DATA
Info: XST FILENAME           ./prod_9/prod.xst
Info: XST FREQUENCY          1000
Info: NO VELOCITY DCD OUTPUT
Info: NO FORCE DCD OUTPUT
Info: OUTPUT FILENAME        ./prod_9/prod
Info: BINARY OUTPUT FILES WILL BE USED
Info: RESTART FILENAME       ./prod_9/prod.restart
Info: RESTART FREQUENCY      1000
Info: BINARY RESTART FILES WILL BE USED
Info: SWITCHING ACTIVE
Info: VDW FORCE SWITCHING ACTIVE
Info: SWITCHING ON           10
Info: SWITCHING OFF          12
Info: PAIRLIST DISTANCE      16
Info: PAIRLIST SHRINK RATE   0.01
Info: PAIRLIST GROW RATE     0.01
Info: PAIRLIST TRIGGER       0.3
Info: PAIRLISTS PER CYCLE    2
Info: PAIRLISTS ENABLED
Info: MARGIN                 0.555
Info: HYDROGEN GROUP CUTOFF  2.5
Info: PATCH DIMENSION        19.055
Info: ENERGY OUTPUT STEPS    1000
Info: CROSSTERM ENERGY INCLUDED IN DIHEDRAL
Info: TIMING OUTPUT STEPS    1000
Info: LANGEVIN DYNAMICS ACTIVE
Info: LANGEVIN TEMPERATURE   340
Info: LANGEVIN USING BBK INTEGRATOR
Info: LANGEVIN DAMPING COEFFICIENT IS 1 INVERSE PS
Info: LANGEVIN DYNAMICS NOT APPLIED TO HYDROGENS
Info: LANGEVIN PISTON PRESSURE CONTROL ACTIVE
Info:        TARGET PRESSURE IS 1 BAR
Info:     OSCILLATION PERIOD IS 50 FS
Info:             DECAY TIME IS 25 FS
Info:     PISTON TEMPERATURE IS 340 K
Info:       PRESSURE CONTROL IS GROUP-BASED
Info:    INITIAL STRAIN RATE IS 0.000120158 0.000120158 0.000120158
Info:       CELL FLUCTUATION IS ISOTROPIC
Info: PARTICLE MESH EWALD (PME) ACTIVE
Info: PME TOLERANCE               1e-06
Info: PME EWALD COEFFICIENT       0.257952
Info: PME INTERPOLATION ORDER     6
Info: PME GRID DIMENSIONS         32 28 36
Info: PME MAXIMUM GRID SPACING    1
Info: Attempting to read FFTW data from FFTW_NAMD_2.14_Linux-x86_64-multicore.txt
Info: Optimizing 6 FFT steps.  1... 2... 3... 4... 5... 6...   Done.
Info: Writing FFTW data to FFTW_NAMD_2.14_Linux-x86_64-multicore.txt
Info: FULL ELECTROSTATIC EVALUATION FREQUENCY      1
Info: USING VERLET I (r-RESPA) MTS SCHEME.
Info: C1 SPLITTING OF LONG RANGE ELECTROSTATICS
Info: PLACING ATOMS IN PATCHES BY HYDROGEN GROUPS
Info: RIGID BONDS TO HYDROGEN : ALL
Info:         ERROR TOLERANCE : 1e-08
Info:          MAX ITERATIONS : 100
Info: RIGID WATER USING SETTLE ALGORITHM
Info: RANDOM NUMBER SEED     1656467652
Info: USE HYDROGEN BONDS?    NO
Info: COORDINATE PDB         ./../decaalanine_solvated.pdb
Info: STRUCTURE FILE         ./../decaalanine_solvated.psf
Info: PARAMETER file: CHARMM format! 
Info: PARAMETERS             ./../toppar/par_all36m_prot.prm
Info: PARAMETERS             ./../toppar/par_all36_na.prm
Info: PARAMETERS             ./../toppar/par_all36_carb.prm
Info: PARAMETERS             ./../toppar/par_all36_lipid.prm
Info: PARAMETERS             ./../toppar/par_all36_cgenff.prm
Info: PARAMETERS             ./../toppar/par_interface.prm
Info: PARAMETERS             ./../toppar/toppar_all36_moreions.str
Info: PARAMETERS             ./../toppar/toppar_all36_nano_lig.str
Info: PARAMETERS             ./../toppar/toppar_all36_nanolig_patch.str
Info: PARAMETERS             ./../toppar/toppar_all36_synthetic_polymer.str
Info: PARAMETERS             ./../toppar/toppar_all36_synthetic_polymer_patch.str
Info: PARAMETERS             ./../toppar/toppar_all36_polymer_solvent.str
Info: PARAMETERS             ./../toppar/toppar_water_ions.str
Info: PARAMETERS             ./../toppar/toppar_dum_noble_gases.str
Info: PARAMETERS             ./../toppar/toppar_ions_won.str
Info: PARAMETERS             ./../toppar/toppar_all36_prot_arg0.str
Info: PARAMETERS             ./../toppar/toppar_all36_prot_c36m_d_aminoacids.str
Info: PARAMETERS             ./../toppar/toppar_all36_prot_fluoro_alkanes.str
Info: PARAMETERS             ./../toppar/toppar_all36_prot_heme.str
Info: PARAMETERS             ./../toppar/toppar_all36_prot_na_combined.str
Info: PARAMETERS             ./../toppar/toppar_all36_prot_retinol.str
Info: PARAMETERS             ./../toppar/toppar_all36_prot_modify_res.str
Info: PARAMETERS             ./../toppar/toppar_all36_na_nad_ppi.str
Info: PARAMETERS             ./../toppar/toppar_all36_na_rna_modified.str
Info: PARAMETERS             ./../toppar/toppar_all36_lipid_archaeal.str
Info: PARAMETERS             ./../toppar/toppar_all36_lipid_bacterial.str
Info: PARAMETERS             ./../toppar/toppar_all36_lipid_cardiolipin.str
Info: PARAMETERS             ./../toppar/toppar_all36_lipid_cholesterol.str
Info: PARAMETERS             ./../toppar/toppar_all36_lipid_dag.str
Info: PARAMETERS             ./../toppar/toppar_all36_lipid_inositol.str
Info: PARAMETERS             ./../toppar/toppar_all36_lipid_lnp.str
Info: PARAMETERS             ./../toppar/toppar_all36_lipid_lps.str
Info: PARAMETERS             ./../toppar/toppar_all36_lipid_mycobacterial.str
Info: PARAMETERS             ./../toppar/toppar_all36_lipid_miscellaneous.str
Info: PARAMETERS             ./../toppar/toppar_all36_lipid_model.str
Info: PARAMETERS             ./../toppar/toppar_all36_lipid_prot.str
Info: PARAMETERS             ./../toppar/toppar_all36_lipid_sphingo.str
Info: PARAMETERS             ./../toppar/toppar_all36_lipid_tag.str
Info: PARAMETERS             ./../toppar/toppar_all36_lipid_yeast.str
Info: PARAMETERS             ./../toppar/toppar_all36_lipid_hmmm.str
Info: PARAMETERS             ./../toppar/toppar_all36_lipid_detergent.str
Info: PARAMETERS             ./../toppar/toppar_all36_lipid_ether.str
Info: PARAMETERS             ./../toppar/toppar_all36_carb_glycolipid.str
Info: PARAMETERS             ./../toppar/toppar_all36_carb_glycopeptide.str
Info: PARAMETERS             ./../toppar/toppar_all36_carb_imlab.str
Info: PARAMETERS             ./../toppar/toppar_all36_label_spin.str
Info: PARAMETERS             ./../toppar/toppar_all36_label_fluorophore.str
Info: USING ARITHMETIC MEAN TO COMBINE L-J SIGMA PARAMETERS
Info: BINARY COORDINATES     ./../output_5/prod_0/prod.coor

Warning: DUPLICATE ANGLE ENTRY FOR CG2D1-CG321-NG311
PREVIOUS VALUES  k=78  theta0=110 k_ub=0 r_ub=0
   USING VALUES  k=57  theta0=107 k_ub=0 r_ub=0

Warning: DUPLICATE ANGLE ENTRY FOR CG331-CG2D1-CG331
PREVIOUS VALUES  k=55  theta0=119 k_ub=0 r_ub=0
   USING VALUES  k=48  theta0=123.5 k_ub=0 r_ub=0

Warning: DUPLICATE ANGLE ENTRY FOR CG1N1-CG321-HGA2
PREVIOUS VALUES  k=50  theta0=109 k_ub=0 r_ub=0
   USING VALUES  k=50  theta0=110.5 k_ub=0 r_ub=0

Warning: DUPLICATE ANGLE ENTRY FOR CG321-NG311-CG331
PREVIOUS VALUES  k=48  theta0=112.2 k_ub=38 r_ub=2.35
   USING VALUES  k=40.5  theta0=109.6 k_ub=0 r_ub=0

Warning: DUPLICATE ANGLE ENTRY FOR CG2O2-CG311-OG311
PREVIOUS VALUES  k=110  theta0=106.7 k_ub=0 r_ub=0
   USING VALUES  k=112  theta0=111 k_ub=0 r_ub=0

Warning: DUPLICATE ANGLE ENTRY FOR CG2O3-CG311-OG311
PREVIOUS VALUES  k=80  theta0=107 k_ub=0 r_ub=0
   USING VALUES  k=45  theta0=109 k_ub=0 r_ub=0

Warning: DUPLICATE ANGLE ENTRY FOR CG2R61-CG311-OG311
PREVIOUS VALUES  k=82  theta0=112.8 k_ub=0 r_ub=0
   USING VALUES  k=75.7  theta0=110.1 k_ub=0 r_ub=0

Warning: DUPLICATE DIHEDRAL ENTRY FOR CG321-CG321-CG321-NG311
PREVIOUS VALUES MULTIPLICITY: 1
  k=0.3  n=3  delta=0
INCREASING MULTIPLICITY TO: 2
  k=0.39  n=2  delta=0

Warning: DUPLICATE DIHEDRAL ENTRY FOR HGA3-CG331-NG311-CG321
PREVIOUS VALUES MULTIPLICITY: 1
  k=0.5  n=3  delta=0
Warning: IDENTICAL PERIODICITY! REPLACING OLD VALUES BY: 
  k=0  n=3  delta=180

Warning: DUPLICATE DIHEDRAL ENTRY FOR CG331-CG321-CG321-NG311
PREVIOUS VALUES MULTIPLICITY: 1
  k=0.3  n=3  delta=0
INCREASING MULTIPLICITY TO: 2
  k=0.16  n=1  delta=180

Warning: DUPLICATE DIHEDRAL ENTRY FOR CG2D1-CG2D1-CG321-NG311
PREVIOUS VALUES MULTIPLICITY: 2
  k=1.6  n=1  delta=180
Warning: IDENTICAL PERIODICITY! REPLACING OLD VALUES BY: 
  k=0.6  n=1  delta=180

Warning: DUPLICATE DIHEDRAL ENTRY FOR CG2D1-CG321-NG311-CG321
PREVIOUS VALUES MULTIPLICITY: 3
  k=1.1  n=1  delta=180
  k=0.6  n=2  delta=180
Warning: IDENTICAL PERIODICITY! REPLACING OLD VALUES BY: 
  k=1.5  n=2  delta=0
Warning: IDENTICAL PERIODICITY! REPLACING OLD VALUES BY: 
  k=2.5  n=1  delta=180

Warning: DUPLICATE DIHEDRAL ENTRY FOR CG2D1-CG321-CG321-CG2D1
PREVIOUS VALUES MULTIPLICITY: 2
  k=0.9  n=1  delta=180
  k=0.3  n=3  delta=180
Warning: IDENTICAL PERIODICITY! REPLACING OLD VALUES BY: 
  k=0.2  n=3  delta=0

Warning: DUPLICATE DIHEDRAL ENTRY FOR CG2D1-CG321-NG311-HGPAM1
PREVIOUS VALUES MULTIPLICITY: 1
  k=0.48  n=3  delta=0
Warning: IDENTICAL PERIODICITY! REPLACING OLD VALUES BY: 
  k=0.16  n=3  delta=0

Warning: DUPLICATE DIHEDRAL ENTRY FOR HGA2-CG321-NG311-CG331
PREVIOUS VALUES MULTIPLICITY: 1
  k=0.4  n=3  delta=0
Warning: IDENTICAL PERIODICITY! REPLACING OLD VALUES BY: 
  k=0  n=3  delta=180

Warning: DUPLICATE DIHEDRAL ENTRY FOR HGA4-CG2D1-CG321-NG311
PREVIOUS VALUES MULTIPLICITY: 1
  k=0.26  n=3  delta=0
Warning: IDENTICAL PERIODICITY! REPLACING OLD VALUES BY: 
  k=0.2  n=3  delta=0

Warning: DUPLICATE DIHEDRAL ENTRY FOR CG2R61-CG311-OG311-HGP1
PREVIOUS VALUES MULTIPLICITY: 3
  k=1.08  n=1  delta=0
  k=0.54  n=2  delta=0
  k=0.77  n=3  delta=0
Warning: IDENTICAL PERIODICITY! REPLACING OLD VALUES BY: 
  k=0.74  n=3  delta=0
Warning: IDENTICAL PERIODICITY! REPLACING OLD VALUES BY: 
  k=1.4  n=2  delta=0
Warning: IDENTICAL PERIODICITY! REPLACING OLD VALUES BY: 
  k=2.1  n=1  delta=0

Warning: DUPLICATE DIHEDRAL ENTRY FOR OG2D2-CG2O3-CG311-OG311
PREVIOUS VALUES MULTIPLICITY: 1
  k=0.85  n=2  delta=180
Warning: IDENTICAL PERIODICITY! REPLACING OLD VALUES BY: 
  k=0.55  n=2  delta=180

Warning: DUPLICATE DIHEDRAL ENTRY FOR OG302-CG2O2-CG311-OG311
PREVIOUS VALUES MULTIPLICITY: 2
  k=0.4  n=2  delta=180
  k=0.1  n=6  delta=0
Warning: IDENTICAL PERIODICITY! REPLACING OLD VALUES BY: 
  k=0.05  n=6  delta=180

Warning: DUPLICATE DIHEDRAL ENTRY FOR CG2O3-CG311-OG311-HGP1
PREVIOUS VALUES MULTIPLICITY: 3
  k=0.3  n=1  delta=0
  k=0.3  n=2  delta=180
  k=0.4  n=3  delta=0
Warning: IDENTICAL PERIODICITY! REPLACING OLD VALUES BY: 
  k=0.01  n=3  delta=180
Warning: IDENTICAL PERIODICITY! REPLACING OLD VALUES BY: 
  k=0.37  n=2  delta=0
Warning: IDENTICAL PERIODICITY! REPLACING OLD VALUES BY: 
  k=0.35  n=1  delta=0

Warning: DUPLICATE DIHEDRAL ENTRY FOR CG2O2-CG311-OG311-HGP1
PREVIOUS VALUES MULTIPLICITY: 3
  k=0.85  n=1  delta=180
  k=0.38  n=2  delta=180
Warning: IDENTICAL PERIODICITY! REPLACING OLD VALUES BY: 
  k=0.37  n=2  delta=0
Warning: IDENTICAL PERIODICITY! REPLACING OLD VALUES BY: 
  k=0.35  n=1  delta=0
Warning: IDENTICAL PERIODICITY! REPLACING OLD VALUES BY: 
  k=0.01  n=3  delta=180

Warning: DUPLICATE DIHEDRAL ENTRY FOR CG331-CG2D1-CG321-OG311
PREVIOUS VALUES MULTIPLICITY: 3
  k=0.25  n=1  delta=180
  k=0.52  n=2  delta=180
  k=0.23  n=3  delta=180
Warning: IDENTICAL PERIODICITY! REPLACING OLD VALUES BY: 
  k=0.19  n=3  delta=0

Warning: DUPLICATE DIHEDRAL ENTRY FOR OG311-CG2O2-CG311-OG311
PREVIOUS VALUES MULTIPLICITY: 1
  k=0.46  n=2  delta=180
INCREASING MULTIPLICITY TO: 2
  k=0  n=6  delta=180

Warning: DUPLICATE DIHEDRAL ENTRY FOR OG2D1-CG2O2-CG311-OG311
PREVIOUS VALUES MULTIPLICITY: 1
  k=0.55  n=2  delta=180
Warning: IDENTICAL PERIODICITY! REPLACING OLD VALUES BY: 
  k=0  n=2  delta=0

Warning: DUPLICATE DIHEDRAL ENTRY FOR CG2R61-CG2R61-CG311-OG311
PREVIOUS VALUES MULTIPLICITY: 1
  k=0.7  n=2  delta=180
Warning: IDENTICAL PERIODICITY! REPLACING OLD VALUES BY: 
  k=0  n=2  delta=0
Warning: SKIPPING PART OF PARAMETER FILE AFTER RETURN STATEMENT

Warning: DUPLICATE ANGLE ENTRY FOR CG2R61-CG2R61-OG301
PREVIOUS VALUES  k=110  theta0=120 k_ub=0 r_ub=0
   USING VALUES  k=56  theta0=124.5 k_ub=0 r_ub=0

Warning: DUPLICATE ANGLE ENTRY FOR CTL3-CEL1-CTL3
PREVIOUS VALUES  k=48  theta0=123.5 k_ub=0 r_ub=0
   USING VALUES  k=58.35  theta0=113.5 k_ub=11.16 r_ub=2.561
Warning: SKIPPING PART OF PARAMETER FILE AFTER RETURN STATEMENT

Warning: DUPLICATE ANGLE ENTRY FOR CTL1-CTO1-CTO1
PREVIOUS VALUES  k=52  theta0=108 k_ub=0 r_ub=0
   USING VALUES  k=58.35  theta0=113.5 k_ub=11.16 r_ub=2.561

Warning: DUPLICATE ANGLE ENTRY FOR C-CTO1-HAL1
PREVIOUS VALUES  k=50  theta0=109.5 k_ub=0 r_ub=0
   USING VALUES  k=33  theta0=109.5 k_ub=30 r_ub=2.163
Warning: IDENTICAL PERIODICITY! REPLACING OLD VALUES BY: 
  k=1.3  n=3  delta=180

Warning: DUPLICATE DIHEDRAL ENTRY FOR NHL-C-CTO1-HAL1
PREVIOUS VALUES MULTIPLICITY: 1
  k=0  n=1  delta=0
INCREASING MULTIPLICITY TO: 2
  k=0  n=3  delta=0

Warning: DUPLICATE DIHEDRAL ENTRY FOR X-CTO1-CTO1-X
PREVIOUS VALUES MULTIPLICITY: 1
  k=0.2  n=3  delta=0
Warning: IDENTICAL PERIODICITY! REPLACING OLD VALUES BY: 
  k=0.14  n=3  delta=0

Warning: DUPLICATE DIHEDRAL ENTRY FOR O-C-CTO1-HAL1
PREVIOUS VALUES MULTIPLICITY: 1
  k=0  n=1  delta=0
INCREASING MULTIPLICITY TO: 2
  k=0  n=2  delta=180

Warning: DUPLICATE BOND ENTRY FOR CEL3-CTL3
PREVIOUS VALUES  k=383  x0=1.504
   USING VALUES  k=365  x0=1.502

Warning: DUPLICATE ANGLE ENTRY FOR CEL3-CTL3-HAL3
PREVIOUS VALUES  k=42  theta0=111.5 k_ub=0 r_ub=0
   USING VALUES  k=45  theta0=111.5 k_ub=0 r_ub=0

Warning: DUPLICATE DIHEDRAL ENTRY FOR HEL1-CEL3-CEL3-CTL3
PREVIOUS VALUES MULTIPLICITY: 1
  k=1  n=2  delta=0
INCREASING MULTIPLICITY TO: 2
  k=0.15  n=1  delta=180
Warning: IDENTICAL PERIODICITY! REPLACING OLD VALUES BY: 
  k=8.5  n=2  delta=180

Warning: DUPLICATE DIHEDRAL ENTRY FOR CG331-CG301-CG321-CG301
PREVIOUS VALUES MULTIPLICITY: 1
  k=0.2  n=3  delta=0
INCREASING MULTIPLICITY TO: 2
  k=0.44  n=1  delta=0

Warning: DUPLICATE DIHEDRAL ENTRY FOR CG331-CG301-CG321-CG301
PREVIOUS VALUES MULTIPLICITY: 2
  k=0.2  n=3  delta=0
  k=0.44  n=1  delta=0
INCREASING MULTIPLICITY TO: 3
  k=0.02  n=2  delta=180

Warning: DUPLICATE DIHEDRAL ENTRY FOR CG331-CG301-CG321-CG301
PREVIOUS VALUES MULTIPLICITY: 3
  k=0.2  n=3  delta=0
Warning: IDENTICAL PERIODICITY! REPLACING OLD VALUES BY: 
  k=0.73  n=3  delta=180

Warning: DUPLICATE DIHEDRAL ENTRY FOR NG311-CG321-CG321-NG311
PREVIOUS VALUES MULTIPLICITY: 2
  k=0.25  n=1  delta=180
  k=1.24  n=2  delta=0
INCREASING MULTIPLICITY TO: 3
  k=0.3  n=3  delta=0

Warning: DUPLICATE BOND ENTRY FOR CG2O1-CG2R51
PREVIOUS VALUES  k=280  x0=1.475
   USING VALUES  k=300  x0=1.475

Warning: DUPLICATE ANGLE ENTRY FOR CG2R51-CG2O1-NG2S1
PREVIOUS VALUES  k=52  theta0=115.5 k_ub=0 r_ub=0
   USING VALUES  k=80  theta0=116.5 k_ub=0 r_ub=0

Warning: DUPLICATE ANGLE ENTRY FOR CG2R51-CG2O1-OG2D1
PREVIOUS VALUES  k=45  theta0=122 k_ub=0 r_ub=0
   USING VALUES  k=30  theta0=121 k_ub=0 r_ub=0

Warning: DUPLICATE ANGLE ENTRY FOR CG2O1-CG2R51-CG2R51
PREVIOUS VALUES  k=35  theta0=130 k_ub=0 r_ub=0
   USING VALUES  k=45.8  theta0=130 k_ub=0 r_ub=0

Warning: DUPLICATE ANGLE ENTRY FOR CG2R53-NG2R53-CG3RC1
PREVIOUS VALUES  k=75  theta0=112 k_ub=0 r_ub=0
   USING VALUES  k=75  theta0=111 k_ub=0 r_ub=0

Warning: DUPLICATE DIHEDRAL ENTRY FOR NG2S1-CG2O1-CG2R51-CG2R51
PREVIOUS VALUES MULTIPLICITY: 2
  k=1.1  n=2  delta=180
Warning: IDENTICAL PERIODICITY! REPLACING OLD VALUES BY: 
  k=1  n=2  delta=180

Warning: DUPLICATE DIHEDRAL ENTRY FOR OG2D1-CG2O1-CG2R51-CG2R51
PREVIOUS VALUES MULTIPLICITY: 2
  k=1.1  n=2  delta=180
Warning: IDENTICAL PERIODICITY! REPLACING OLD VALUES BY: 
  k=1  n=2  delta=180

Warning: DUPLICATE DIHEDRAL ENTRY FOR CG2R51-CG2O1-NG2S1-HGP1
PREVIOUS VALUES MULTIPLICITY: 1
  k=1  n=2  delta=180
Warning: IDENTICAL PERIODICITY! REPLACING OLD VALUES BY: 
  k=2.5  n=2  delta=180

Warning: DUPLICATE IMPROPER DIHEDRAL ENTRY FOR CG2O1-CG2R51-NG2S1-OG2D1
PREVIOUS VALUES MULTIPLICITY 1
  k=70  n=0  delta=0
USING VALUES MULTIPLICITY 1
  k=120  n=0  delta=0Info: SUMMARY OF PARAMETERS:
Info: 1858 BONDS
Info: 5968 ANGLES
Info: 16480 DIHEDRAL
Info: 374 IMPROPER
Info: 16 CROSSTERM
Info: 717 VDW
Info: 124 VDW_PAIRS
Info: 0 NBTHOLE_PAIRS
Info: TIME FOR READING PSF FILE: 0.025344
Info: Reading pdb file ./../decaalanine_solvated.pdb
Info: TIME FOR READING PDB FILE: 0.00186455
Info: 
Info: ****************************
Info: STRUCTURE SUMMARY:
Info: 2797 ATOMS
Info: 1898 BONDS
Info: 1081 ANGLES
Info: 249 DIHEDRALS
Info: 19 IMPROPERS
Info: 8 CROSSTERMS
Info: 0 EXCLUSIONS
Info: 2746 RIGID BONDS
Info: 5645 DEGREES OF FREEDOM
Info: 949 HYDROGEN GROUPS
Info: 4 ATOMS IN LARGEST HYDROGEN GROUP
Info: 949 MIGRATION GROUPS
Info: 4 ATOMS IN LARGEST MIGRATION GROUP
Info: TOTAL MASS = 16906.6 amu
Info: TOTAL CHARGE = 5.96046e-08 e
Info: MASS DENSITY = 0.988051 g/cm^3
Info: ATOM DENSITY = 0.0984363 atoms/A^3
Info: *****************************
Info: Reading from binary file ./../output_5/prod_0/prod.coor
Info: 
Info: Entering startup at 0.500334 s, 49.9961 MB of memory in use
Info: Startup phase 0 took 3.4403e-05 s, 49.9961 MB of memory in use
Info: ADDED 3228 IMPLICIT EXCLUSIONS
Info: Startup phase 1 took 0.0011923 s, 51.1992 MB of memory in use
Info: NONBONDED TABLE R-SQUARED SPACING: 0.0625
Info: NONBONDED TABLE SIZE: 769 POINTS
Info: ABSOLUTE IMPRECISION IN FAST TABLE FORCE: 2.64698e-23 AT 11.9138
Info: RELATIVE IMPRECISION IN FAST TABLE FORCE: 1.40436e-16 AT 11.9138
Info: INCONSISTENCY IN FAST TABLE ENERGY VS FORCE: 0.000325096 AT 11.9556
Info: ABSOLUTE IMPRECISION IN SCOR TABLE FORCE: 4.10282e-22 AT 11.9138
Info: RELATIVE IMPRECISION IN SCOR TABLE FORCE: 3.56912e-15 AT 11.9138
Info: INCONSISTENCY IN SCOR TABLE ENERGY VS FORCE: 0.000324844 AT 11.9556
Info: ABSOLUTE IMPRECISION IN VDWA TABLE ENERGY: 9.86076e-32 AT 11.8295
Info: RELATIVE IMPRECISION IN VDWA TABLE ENERGY: 3.37915e-14 AT 11.9138
Info: ABSOLUTE IMPRECISION IN VDWA TABLE FORCE: 1.38667e-32 AT 11.9138
Info: RELATIVE IMPRECISION IN VDWA TABLE FORCE: 1.51174e-15 AT 11.9138
Info: INCONSISTENCY IN VDWA TABLE ENERGY VS FORCE: 0.0040507 AT 0.251946
Info: ABSOLUTE IMPRECISION IN VDWB TABLE ENERGY: 1.03398e-25 AT 11.8295
Info: RELATIVE IMPRECISION IN VDWB TABLE ENERGY: 2.7691e-14 AT 11.9138
Info: ABSOLUTE IMPRECISION IN VDWB TABLE FORCE: 1.61559e-27 AT 11.9138
Info: RELATIVE IMPRECISION IN VDWB TABLE FORCE: 1.496e-16 AT 11.9138
Info: INCONSISTENCY IN VDWB TABLE ENERGY VS FORCE: 0.00150189 AT 0.251946
Info: Startup phase 2 took 0.00803297 s, 66.8906 MB of memory in use
Info: Startup phase 3 took 3.361e-05 s, 66.8906 MB of memory in use
Info: Startup phase 4 took 2.599e-05 s, 66.8906 MB of memory in use
Info: Startup phase 5 took 8.583e-06 s, 66.8906 MB of memory in use
Info: PATCH GRID IS 1 (PERIODIC) BY 1 (PERIODIC) BY 1 (PERIODIC)
Info: PATCH GRID IS 1-AWAY BY 1-AWAY BY 1-AWAY
Info: Reading from binary file ./../output_5/prod_0/prod.vel
Info: REMOVING COM VELOCITY -0.184572 -0.0246648 -0.148607
Info: LARGEST PATCH (0) HAS 2797 ATOMS
Info: TORUS A SIZE 1 USING 0
Info: TORUS B SIZE 1 USING 0
Info: TORUS C SIZE 1 USING 0
Info: TORUS MINIMAL MESH SIZE IS 1 BY 1 BY 1
Info: Placed 100% of base nodes on same physical node as patch
Info: Startup phase 6 took 0.00039569 s, 67.4883 MB of memory in use
Info: PME using 1 and 1 processors for FFT and reciprocal sum.
Info: PME GRID LOCATIONS: 0
Info: PME TRANS LOCATIONS: 0
Info: PME USING 1 GRID NODES AND 1 TRANS NODES
Info: Optimizing 4 FFT steps.  1... 2... 3... 4...   Done.
Info: Startup phase 7 took 6.3822e-05 s, 67.4883 MB of memory in use
Info: Startup phase 8 took 9.082e-06 s, 67.4883 MB of memory in use
Info: Startup phase 9 took 8.1e-06 s, 67.4883 MB of memory in use
Info: Startup phase 10 took 8.464e-06 s, 67.4883 MB of memory in use
Info: Startup phase 11 took 9.432e-06 s, 67.4883 MB of memory in use
LDB: Central LB being created...
Info: Startup phase 12 took 1.652e-05 s, 67.4883 MB of memory in use
Info: CREATING 25 COMPUTE OBJECTS
Info: Startup phase 13 took 7.8875e-05 s, 67.4883 MB of memory in use
Info: Startup phase 14 took 1.0961e-05 s, 67.4883 MB of memory in use
Info: Startup phase 15 took 9.075e-06 s, 67.4883 MB of memory in use
Info: Finished startup at 0.510272 s, 67.4883 MB of memory in use

TCL: Running for 20000 steps
ETITLE:      TS           BOND          ANGLE          DIHED          IMPRP               ELECT            VDW       BOUNDARY           MISC        KINETIC               TOTAL           TEMP      POTENTIAL         TOTAL3        TEMPAVG            PRESSURE      GPRESSURE         VOLUME       PRESSAVG      GPRESSAVG

ENERGY:       0        21.1229        55.6954        30.7745         5.2376          -9349.7207       868.2364         0.0000         0.0000      1948.2953          -6420.3586       347.3611     -8368.6539     -6419.2594       347.3611            353.1403       355.3166     28414.3126       353.1403       355.3166

OPENING EXTENDED SYSTEM TRAJECTORY FILE
LDB: ============= START OF LOAD BALANCING ============== 0.755199
LDB: ============== END OF LOAD BALANCING =============== 0.755233
LDB: =============== DONE WITH MIGRATION ================ 0.755247
LDB: ============= START OF LOAD BALANCING ============== 1.70499
LDB: ============== END OF LOAD BALANCING =============== 1.70502
LDB: =============== DONE WITH MIGRATION ================ 1.70505
Info: Initial time: 1 CPUs 0.0118878 s/step 0.13759 days/ns 81.4961 MB memory
LDB: ============= START OF LOAD BALANCING ============== 1.93323
LDB: ============== END OF LOAD BALANCING =============== 1.93325
LDB: =============== DONE WITH MIGRATION ================ 1.93326
LDB: ============= START OF LOAD BALANCING ============== 2.83217
LDB: ============== END OF LOAD BALANCING =============== 2.83219
LDB: =============== DONE WITH MIGRATION ================ 2.83222
Info: Initial time: 1 CPUs 0.0112615 s/step 0.130341 days/ns 81.4961 MB memory
LDB: ============= START OF LOAD BALANCING ============== 3.94167
LDB: ============== END OF LOAD BALANCING =============== 3.9417
LDB: =============== DONE WITH MIGRATION ================ 3.94173
Info: Initial time: 1 CPUs 0.0110906 s/step 0.128363 days/ns 81.4961 MB memory
LDB: ============= START OF LOAD BALANCING ============== 5.0321
LDB: ============== END OF LOAD BALANCING =============== 5.03212
LDB: =============== DONE WITH MIGRATION ================ 5.03215
Info: Benchmark time: 1 CPUs 0.0108954 s/step 0.126104 days/ns 81.4961 MB memory
Info: Benchmark time: 1 CPUs 0.0106742 s/step 0.123544 days/ns 81.4961 MB memory
Info: Benchmark time: 1 CPUs 0.0105274 s/step 0.121845 days/ns 81.4961 MB memory
Info: Benchmark time: 1 CPUs 0.0103981 s/step 0.120348 days/ns 81.4961 MB memory
Info: Benchmark time: 1 CPUs 0.010262 s/step 0.118773 days/ns 81.4961 MB memory
Info: Benchmark time: 1 CPUs 0.0101806 s/step 0.117831 days/ns 81.4961 MB memory
TIMING: 1000  CPU: 10.7574, 0.010732/step  Wall: 10.7594, 0.0107311/step, 0.0566365 hours remaining, 81.496094 MB of memory in use.
ENERGY:    1000        21.2526        70.2228        25.1409         3.8947          -9289.6644       787.1219         0.0000         0.0000      1961.0623          -6420.9693       349.6374     -8382.0315     -6419.9768       341.3033           -512.5682      -505.8503     28364.0498        -7.3262        -7.4065

WRITING EXTENDED SYSTEM TO RESTART FILE AT STEP 1000
OPENING COORDINATE DCD FILE
WRITING COORDINATES TO DCD FILE ./prod_9/prod.dcd AT STEP 1000
WRITING COORDINATES TO RESTART FILE AT STEP 1000
FINISHED WRITING RESTART COORDINATES
The last position output (seq=1000) takes 0.000 seconds, 81.496 MB of memory in use
WRITING VELOCITIES TO RESTART FILE AT STEP 1000
FINISHED WRITING RESTART VELOCITIES
The last velocity output (seq=1000) takes 0.000 seconds, 81.496 MB of memory in use
TIMING: 2000  CPU: 20.7653, 0.0100079/step  Wall: 20.7681, 0.0100087/step, 0.0500434 hours remaining, 81.496094 MB of memory in use.
ENERGY:    2000        22.5731        60.6636        29.2813         4.3249          -9215.7592       802.6949         0.0000         0.0000      1873.7149          -6422.5065       334.0642     -8296.2215     -6421.1761       338.1716            242.4134       242.1725     28234.9452         7.0420         7.0426

WRITING EXTENDED SYSTEM TO RESTART FILE AT STEP 2000
WRITING COORDINATES TO DCD FILE ./prod_9/prod.dcd AT STEP 2000
WRITING COORDINATES TO RESTART FILE AT STEP 2000
FINISHED WRITING RESTART COORDINATES
The last position output (seq=2000) takes 0.000 seconds, 81.496 MB of memory in use
WRITING VELOCITIES TO RESTART FILE AT STEP 2000
FINISHED WRITING RESTART VELOCITIES
The last velocity output (seq=2000) takes 0.000 seconds, 81.496 MB of memory in use
TIMING: 3000  CPU: 30.8205, 0.0100552/step  Wall: 30.8231, 0.010055/step, 0.0474818 hours remaining, 81.496094 MB of memory in use.
ENERGY:    3000        18.8760        56.1675        35.2909         4.9849          -9315.0752       831.9223         0.0000         0.0000      1901.6846          -6466.1491       339.0509     -8367.8336     -6464.0709       338.3603            -19.3024       -34.1758     28390.1189         5.4387         5.1113

WRITING EXTENDED SYSTEM TO RESTART FILE AT STEP 3000
WRITING COORDINATES TO DCD FILE ./prod_9/prod.dcd AT STEP 3000
WRITING COORDINATES TO RESTART FILE AT STEP 3000
FINISHED WRITING RESTART COORDINATES
The last position output (seq=3000) takes 0.000 seconds, 81.496 MB of memory in use
WRITING VELOCITIES TO RESTART FILE AT STEP 3000
FINISHED WRITING RESTART VELOCITIES
The last velocity output (seq=3000) takes 0.000 seconds, 81.496 MB of memory in use
TIMING: 4000  CPU: 40.823, 0.0100025/step  Wall: 40.8291, 0.010006/step, 0.044471 hours remaining, 81.496094 MB of memory in use.
ENERGY:    4000        24.8113        69.0120        29.4390         2.8801          -9244.1031       795.8638         0.0000         0.0000      1809.0533          -6513.0435       322.5357     -8322.0968     -6510.9034       332.3995           -891.7641      -903.6166     29005.4041        -3.5358        -3.4690

WRITING EXTENDED SYSTEM TO RESTART FILE AT STEP 4000
WRITING COORDINATES TO DCD FILE ./prod_9/prod.dcd AT STEP 4000
WRITING COORDINATES TO RESTART FILE AT STEP 4000
FINISHED WRITING RESTART COORDINATES
The last position output (seq=4000) takes 0.000 seconds, 81.496 MB of memory in use
WRITING VELOCITIES TO RESTART FILE AT STEP 4000
FINISHED WRITING RESTART VELOCITIES
The last velocity output (seq=4000) takes 0.000 seconds, 81.496 MB of memory in use
LDB: ============= START OF LOAD BALANCING ============== 44.3214
LDB: ============== END OF LOAD BALANCING =============== 44.3214
LDB: =============== DONE WITH MIGRATION ================ 44.3214
LDB: ============= START OF LOAD BALANCING ============== 45.3235
LDB: ============== END OF LOAD BALANCING =============== 45.3236
LDB: =============== DONE WITH MIGRATION ================ 45.3236
TIMING: 5000  CPU: 50.8684, 0.0100454/step  Wall: 50.8747, 0.0100457/step, 0.041857 hours remaining, 81.496094 MB of memory in use.
ENERGY:    5000        18.6136        67.9431        29.1975         2.7897          -9260.9579       791.3711         0.0000         0.0000      1913.9665          -6437.0762       341.2407     -8351.0427     -6436.5258       333.6252           -172.8577      -164.8698     28076.2918       -12.7873       -12.8915

WRITING EXTENDED SYSTEM TO RESTART FILE AT STEP 5000
WRITING COORDINATES TO DCD FILE ./prod_9/prod.dcd AT STEP 5000
WRITING COORDINATES TO RESTART FILE AT STEP 5000
FINISHED WRITING RESTART COORDINATES
The last position output (seq=5000) takes 0.000 seconds, 81.496 MB of memory in use
WRITING VELOCITIES TO RESTART FILE AT STEP 5000
FINISHED WRITING RESTART VELOCITIES
The last velocity output (seq=5000) takes 0.000 seconds, 81.496 MB of memory in use
TIMING: 6000  CPU: 60.9507, 0.0100823/step  Wall: 60.961, 0.0100863/step, 0.0392243 hours remaining, 81.496094 MB of memory in use.
ENERGY:    6000        13.7728        62.7603        32.6391         6.4496          -9237.5135       828.0807         0.0000         0.0000      1894.9599          -6398.8512       337.8520     -8293.8111     -6398.6224       339.4062            384.2489       400.6109     28703.1855        25.6795        25.5809

WRITING EXTENDED SYSTEM TO RESTART FILE AT STEP 6000
WRITING COORDINATES TO DCD FILE ./prod_9/prod.dcd AT STEP 6000
WRITING COORDINATES TO RESTART FILE AT STEP 6000
FINISHED WRITING RESTART COORDINATES
The last position output (seq=6000) takes 0.000 seconds, 81.496 MB of memory in use
WRITING VELOCITIES TO RESTART FILE AT STEP 6000
FINISHED WRITING RESTART VELOCITIES
TIMING: 7000  CPU: 70.9732, 0.0100225/step  Wall: 70.9844, 0.0100234/step, 0.0361958 hours remaining, 81.496094 MB of memory in use.
ENERGY:    7000        23.4586        72.7347        29.3238         3.2985          -9120.9673       756.5952         0.0000         0.0000      1904.0779          -6331.4786       339.4776     -8235.5566     -6331.5266       340.4020           -953.2563      -947.2493     29101.8002        -5.8637        -5.9976

WRITING EXTENDED SYSTEM TO RESTART FILE AT STEP 7000
WRITING COORDINATES TO DCD FILE ./prod_9/prod.dcd AT STEP 7000
WRITING COORDINATES TO RESTART FILE AT STEP 7000
FINISHED WRITING RESTART COORDINATES
The last position output (seq=7000) takes 0.000 seconds, 81.496 MB of memory in use
WRITING VELOCITIES TO RESTART FILE AT STEP 7000
FINISHED WRITING RESTART VELOCITIES
TIMING: 8000  CPU: 80.9403, 0.00996711/step  Wall: 80.9509, 0.00996645/step, 0.0332215 hours remaining, 81.496094 MB of memory in use.
ENERGY:    8000        16.8438        57.9158        26.4643         7.4625          -9221.0308       834.8420         0.0000         0.0000      1902.7421          -6374.7603       339.2395     -8277.5024     -6372.6648       340.7399             12.5208        35.3175     29065.3697         3.2509         3.6473

WRITING EXTENDED SYSTEM TO RESTART FILE AT STEP 8000
WRITING COORDINATES TO DCD FILE ./prod_9/prod.dcd AT STEP 8000
WRITING COORDINATES TO RESTART FILE AT STEP 8000
FINISHED WRITING RESTART COORDINATES
The last position output (seq=8000) takes 0.000 seconds, 81.496 MB of memory in use
WRITING VELOCITIES TO RESTART FILE AT STEP 8000
FINISHED WRITING RESTART VELOCITIES
LDB: ============= START OF LOAD BALANCING ============== 84.4594
LDB: ============== END OF LOAD BALANCING =============== 84.4595
LDB: =============== DONE WITH MIGRATION ================ 84.4595
LDB: ============= START OF LOAD BALANCING ============== 85.4584
LDB: ============== END OF LOAD BALANCING =============== 85.4584
LDB: =============== DONE WITH MIGRATION ================ 85.4584
TIMING: 9000  CPU: 90.8802, 0.00993982/step  Wall: 90.89, 0.00993915/step, 0.0303696 hours remaining, 81.496094 MB of memory in use.
ENERGY:    9000        17.8273        65.1910        30.6848         5.0904          -9334.8312       933.7202         0.0000         0.0000      1840.3683          -6441.9492       328.1189     -8282.3175     -6440.9364       337.6426           1033.7152      1051.2847     28931.2832        21.9612        22.2431

WRITING EXTENDED SYSTEM TO RESTART FILE AT STEP 9000
WRITING COORDINATES TO DCD FILE ./prod_9/prod.dcd AT STEP 9000
WRITING COORDINATES TO RESTART FILE AT STEP 9000
FINISHED WRITING RESTART COORDINATES
The last position output (seq=9000) takes 0.018 seconds, 81.496 MB of memory in use
WRITING VELOCITIES TO RESTART FILE AT STEP 9000
FINISHED WRITING RESTART VELOCITIES
TIMING: 10000  CPU: 100.846, 0.00996579/step  Wall: 100.876, 0.00998593/step, 0.0277387 hours remaining, 81.496094 MB of memory in use.
ETITLE:      TS           BOND          ANGLE          DIHED          IMPRP               ELECT            VDW       BOUNDARY           MISC        KINETIC               TOTAL           TEMP      POTENTIAL         TOTAL3        TEMPAVG            PRESSURE      GPRESSURE         VOLUME       PRESSAVG      GPRESSAVG

ENERGY:   10000        19.7853        57.1146        30.1604         3.5695          -9245.7067       813.5571         0.0000         0.0000      1911.1423          -6410.3774       340.7371     -8321.5197     -6408.0119       336.1107           -119.4930      -134.5984     28762.9028         9.8363         9.6511

WRITING EXTENDED SYSTEM TO RESTART FILE AT STEP 10000
WRITING COORDINATES TO DCD FILE ./prod_9/prod.dcd AT STEP 10000
WRITING COORDINATES TO RESTART FILE AT STEP 10000
FINISHED WRITING RESTART COORDINATES
The last position output (seq=10000) takes 0.000 seconds, 81.496 MB of memory in use
WRITING VELOCITIES TO RESTART FILE AT STEP 10000
FINISHED WRITING RESTART VELOCITIES
TIMING: 11000  CPU: 110.83, 0.0099838/step  Wall: 110.857, 0.0099815/step, 0.0249538 hours remaining, 81.496094 MB of memory in use.
ENERGY:   11000        19.3208        58.2764        26.6408         6.1261          -9371.3116       874.3361         0.0000         0.0000      1935.2332          -6451.3783       345.0323     -8386.6115     -6450.4319       336.6038            220.3953       236.5307     28604.2984       -22.9572       -23.1028

WRITING EXTENDED SYSTEM TO RESTART FILE AT STEP 11000
WRITING COORDINATES TO DCD FILE ./prod_9/prod.dcd AT STEP 11000
WRITING COORDINATES TO RESTART FILE AT STEP 11000
FINISHED WRITING RESTART COORDINATES
WRITING VELOCITIES TO RESTART FILE AT STEP 11000
FINISHED WRITING RESTART VELOCITIES
TIMING: 12000  CPU: 120.87, 0.0100398/step  Wall: 120.901, 0.0100434/step, 0.0223186 hours remaining, 81.496094 MB of memory in use.
ENERGY:   12000        26.8726        49.7574        31.0410         4.0217          -9338.8928       827.3511         0.0000         0.0000      1939.8429          -6460.0061       345.8542     -8399.8490     -6457.8494       335.7712           -315.3055      -313.1009     28467.2889        -4.1434        -4.5924

WRITING EXTENDED SYSTEM TO RESTART FILE AT STEP 12000
WRITING COORDINATES TO DCD FILE ./prod_9/prod.dcd AT STEP 12000
WRITING COORDINATES TO RESTART FILE AT STEP 12000
FINISHED WRITING RESTART COORDINATES
WRITING VELOCITIES TO RESTART FILE AT STEP 12000
FINISHED WRITING RESTART VELOCITIES
LDB: ============= START OF LOAD BALANCING ============== 124.417
LDB: ============== END OF LOAD BALANCING =============== 124.417
LDB: =============== DONE WITH MIGRATION ================ 124.417
LDB: ============= START OF LOAD BALANCING ============== 125.423
LDB: ============== END OF LOAD BALANCING =============== 125.423
LDB: =============== DONE WITH MIGRATION ================ 125.423
TIMING: 13000  CPU: 130.897, 0.0100274/step  Wall: 130.927, 0.0100257/step, 0.0194944 hours remaining, 81.496094 MB of memory in use.
ENERGY:   13000        11.7360        59.8632        25.7143         1.5682          -9366.0392       831.7779         0.0000         0.0000      1939.4845          -6495.8951       345.7902     -8435.3796     -6495.7053       334.1955             14.5274        31.5634     28442.5770        -7.0596        -7.3842

WRITING EXTENDED SYSTEM TO RESTART FILE AT STEP 13000
WRITING COORDINATES TO DCD FILE ./prod_9/prod.dcd AT STEP 13000
WRITING COORDINATES TO RESTART FILE AT STEP 13000
FINISHED WRITING RESTART COORDINATES
WRITING VELOCITIES TO RESTART FILE AT STEP 13000
FINISHED WRITING RESTART VELOCITIES
TIMING: 14000  CPU: 140.975, 0.0100783/step  Wall: 141.007, 0.0100808/step, 0.0168014 hours remaining, 81.496094 MB of memory in use.
ENERGY:   14000        18.5158        57.9583        27.6839         5.1818          -9281.1023       815.4323         0.0000         0.0000      1896.2236          -6460.1065       338.0773     -8356.3302     -6459.4282       330.8302            -35.7046       -29.6164     28791.0144        -3.6358        -3.4564

WRITING EXTENDED SYSTEM TO RESTART FILE AT STEP 14000
WRITING COORDINATES TO DCD FILE ./prod_9/prod.dcd AT STEP 14000
WRITING COORDINATES TO RESTART FILE AT STEP 14000
FINISHED WRITING RESTART COORDINATES
WRITING VELOCITIES TO RESTART FILE AT STEP 14000
FINISHED WRITING RESTART VELOCITIES
TIMING: 15000  CPU: 151.046, 0.0100706/step  Wall: 151.081, 0.0100735/step, 0.013991 hours remaining, 81.496094 MB of memory in use.
ENERGY:   15000        19.4767        51.6331        25.6047         4.8249          -9318.1017       832.9514         0.0000         0.0000      1931.7693          -6451.8415       344.4147     -8383.6108     -6450.9474       337.6227             56.3579        58.7830     28098.7248         6.1090         5.4306

WRITING EXTENDED SYSTEM TO RESTART FILE AT STEP 15000
WRITING COORDINATES TO DCD FILE ./prod_9/prod.dcd AT STEP 15000
WRITING COORDINATES TO RESTART FILE AT STEP 15000
FINISHED WRITING RESTART COORDINATES
WRITING VELOCITIES TO RESTART FILE AT STEP 15000
FINISHED WRITING RESTART VELOCITIES
TIMING: 16000  CPU: 161.11, 0.0100639/step  Wall: 161.142, 0.0100611/step, 0.0111789 hours remaining, 81.496094 MB of memory in use.
ENERGY:   16000        20.6813        63.6021        27.6434         3.7735          -9259.9640       868.6745         0.0000         0.0000      1933.4434          -6342.1457       344.7132     -8275.5891     -6342.0772       340.9343            456.4546       432.4885     28685.7601         8.9901         8.7593

WRITING EXTENDED SYSTEM TO RESTART FILE AT STEP 16000
WRITING COORDINATES TO DCD FILE ./prod_9/prod.dcd AT STEP 16000
WRITING COORDINATES TO RESTART FILE AT STEP 16000
FINISHED WRITING RESTART COORDINATES
WRITING VELOCITIES TO RESTART FILE AT STEP 16000
FINISHED WRITING RESTART VELOCITIES
LDB: ============= START OF LOAD BALANCING ============== 164.648
LDB: ============== END OF LOAD BALANCING =============== 164.648
LDB: =============== DONE WITH MIGRATION ================ 164.648
LDB: ============= START OF LOAD BALANCING ============== 165.649
LDB: ============== END OF LOAD BALANCING =============== 165.649
LDB: =============== DONE WITH MIGRATION ================ 165.649
TIMING: 17000  CPU: 171.092, 0.00998276/step  Wall: 171.126, 0.00998364/step, 0.0083197 hours remaining, 81.496094 MB of memory in use.
ENERGY:   17000        28.0404        61.9551        29.3133         6.0262          -9219.4490       846.3110         0.0000         0.0000      1939.7812          -6308.0219       345.8432     -8247.8031     -6306.4212       344.0212             85.9668        93.3776     28931.5038         8.2844         8.3748

WRITING EXTENDED SYSTEM TO RESTART FILE AT STEP 17000
WRITING COORDINATES TO DCD FILE ./prod_9/prod.dcd AT STEP 17000
WRITING COORDINATES TO RESTART FILE AT STEP 17000
FINISHED WRITING RESTART COORDINATES
WRITING VELOCITIES TO RESTART FILE AT STEP 17000
FINISHED WRITING RESTART VELOCITIES
TIMING: 18000  CPU: 181.111, 0.0100183/step  Wall: 181.149, 0.0100234/step, 0.00556854 hours remaining, 81.496094 MB of memory in use.
ENERGY:   18000        13.1443        51.3790        30.0171         8.1944          -9101.4976       789.6495         0.0000         0.0000      1912.8431          -6296.2701       341.0404     -8209.1132     -6294.4888       346.5108           -113.0723      -103.2352     28989.4040        -4.4041        -4.2610

WRITING EXTENDED SYSTEM TO RESTART FILE AT STEP 18000
WRITING COORDINATES TO DCD FILE ./prod_9/prod.dcd AT STEP 18000
WRITING COORDINATES TO RESTART FILE AT STEP 18000
FINISHED WRITING RESTART COORDINATES
WRITING VELOCITIES TO RESTART FILE AT STEP 18000
FINISHED WRITING RESTART VELOCITIES
TIMING: 19000  CPU: 191.049, 0.00993844/step  Wall: 191.087, 0.00993801/step, 0.00276056 hours remaining, 81.496094 MB of memory in use.
ENERGY:   19000        14.6752        68.4372        30.4655         4.4869          -9176.8394       802.6734         0.0000         0.0000      1982.2037          -6273.8975       353.4067     -8256.1012     -6272.1145       348.1928            -17.4128       -14.7011     28606.7140         4.4827         4.5247

WRITING EXTENDED SYSTEM TO RESTART FILE AT STEP 19000
WRITING COORDINATES TO DCD FILE ./prod_9/prod.dcd AT STEP 19000
WRITING COORDINATES TO RESTART FILE AT STEP 19000
FINISHED WRITING RESTART COORDINATES
WRITING VELOCITIES TO RESTART FILE AT STEP 19000
FINISHED WRITING RESTART VELOCITIES
TIMING: 20000  CPU: 201.052, 0.0100032/step  Wall: 201.092, 0.0100045/step, 0 hours remaining, 81.496094 MB of memory in use.
ETITLE:      TS           BOND          ANGLE          DIHED          IMPRP               ELECT            VDW       BOUNDARY           MISC        KINETIC               TOTAL           TEMP      POTENTIAL         TOTAL3        TEMPAVG            PRESSURE      GPRESSURE         VOLUME       PRESSAVG      GPRESSAVG

ENERGY:   20000        23.3422        61.0979        30.2965         6.9851          -9135.7590       800.8281         0.0000         0.0000      1962.9123          -6250.2970       349.9672     -8213.2093     -6249.3796       349.8003           -233.4815      -231.3450     29003.4850        -7.9867        -8.3771

WRITING EXTENDED SYSTEM TO RESTART FILE AT STEP 20000
WRITING COORDINATES TO DCD FILE ./prod_9/prod.dcd AT STEP 20000
WRITING COORDINATES TO RESTART FILE AT STEP 20000
FINISHED WRITING RESTART COORDINATES
WRITING VELOCITIES TO RESTART FILE AT STEP 20000
FINISHED WRITING RESTART VELOCITIES
WRITING EXTENDED SYSTEM TO OUTPUT FILE AT STEP 20000
CLOSING EXTENDED SYSTEM TRAJECTORY FILE
WRITING COORDINATES TO OUTPUT FILE AT STEP 20000
CLOSING COORDINATE DCD FILE ./prod_9/prod.dcd
WRITING VELOCITIES TO OUTPUT FILE AT STEP 20000
====================================================

WallClock: 201.609131  CPUTime: 201.564606  Memory: 81.496094 MB
[Partition 0][Node 0] End of program
