Charm++> No provisioning arguments specified. Running with a single PE.
         Use +auto-provision to fully subscribe resources or +p1 to silence this message.
Charm++: standalone mode (not using charmrun)
Charm++> Running in Multicore mode: 1 threads (PEs)
Charm++> Using recursive bisection (scheme 3) for topology aware partitions
Converse/Charm++ Commit ID: v6.10.2-0-g7bf00fa-namd-charm-6.10.2-build-2020-Aug-05-556
Warning> Randomization of virtual memory (ASLR) is turned on in the kernel, thread migration may not work! Run 'echo 0 > /proc/sys/kernel/randomize_va_space' as root to disable it, or try running with '+isomalloc_sync'.
CharmLB> Load balancer assumes all CPUs are same.
Charm++> Running on 1 hosts (1 sockets x 8 cores x 2 PUs = 16-way SMP)
Charm++> cpu topology info is gathered in 0.000 seconds.
Info: NAMD 2.14 for Linux-x86_64-multicore
Info: 
Info: Please visit http://www.ks.uiuc.edu/Research/namd/
Info: for updates, documentation, and support information.
Info: 
Info: Please cite Phillips et al., J. Chem. Phys. 153:044130 (2020) doi:10.1063/5.0014475
Info: in all publications reporting results obtained with NAMD.
Info: 
Info: Based on Charm++/Converse 61002 for multicore-linux-x86_64-iccstatic
Info: Built Mon Aug 24 10:08:36 CDT 2020 by jim on belfast.ks.uiuc.edu
Info: 1 NAMD  2.14  Linux-x86_64-multicore  1    radhikesh  radhikesh
Info: Running on 1 processors, 1 nodes, 1 physical nodes.
Info: CPU topology information available.
Info: Charm++/Converse parallel runtime startup completed at 0.000927278 s
CkLoopLib is used in SMP with simple dynamic scheduling (converse-level notification)
Info: 31.082 MB of memory in use based on /proc/self/stat
Info: Configuration file is main/output_3/prod.inp
Info: Changed directory to main/output_3
TCL: Suspending until startup complete.
Info: EXTENDED SYSTEM FILE   ./../output_3/prod_0/prod.xsc
Info: SIMULATION PARAMETERS:
Info: TIMESTEP               1
Info: NUMBER OF STEPS        0
Info: STEPS PER CYCLE        20
Info: PERIODIC CELL BASIS 1  29.2162 0 0
Info: PERIODIC CELL BASIS 2  0 27.3313 0
Info: PERIODIC CELL BASIS 3  0 0 35.8134
Info: PERIODIC CELL CENTER   2.47456 -0.373263 6.1751
Info: WRAPPING WATERS AROUND PERIODIC BOUNDARIES ON OUTPUT.
Info: WRAPPING ALL CLUSTERS AROUND PERIODIC BOUNDARIES ON OUTPUT.
Info: LOAD BALANCER  Centralized
Info: LOAD BALANCING STRATEGY  New Load Balancers -- DEFAULT
Info: LDB PERIOD             4000 steps
Info: FIRST LDB TIMESTEP     100
Info: LAST LDB TIMESTEP     -1
Info: LDB BACKGROUND SCALING 1
Info: HOM BACKGROUND SCALING 1
Info: PME BACKGROUND SCALING 1
Info: MIN ATOMS PER PATCH    40
Info: VELOCITY FILE          ./../output_3/prod_0/prod.vel
Info: CENTER OF MASS MOVING INITIALLY? NO
Info: DIELECTRIC             1
Info: EXCLUDE                SCALED ONE-FOUR
Info: 1-4 ELECTROSTATICS SCALED BY 1
Info: MODIFIED 1-4 VDW PARAMETERS WILL BE USED
Info: DCD FILENAME           ./prod_3/prod.dcd
Info: DCD FREQUENCY          1000
Info: DCD FIRST STEP         1000
Info: DCD FILE WILL CONTAIN UNIT CELL DATA
Info: XST FILENAME           ./prod_3/prod.xst
Info: XST FREQUENCY          1000
Info: NO VELOCITY DCD OUTPUT
Info: NO FORCE DCD OUTPUT
Info: OUTPUT FILENAME        ./prod_3/prod
Info: BINARY OUTPUT FILES WILL BE USED
Info: RESTART FILENAME       ./prod_3/prod.restart
Info: RESTART FREQUENCY      1000
Info: BINARY RESTART FILES WILL BE USED
Info: SWITCHING ACTIVE
Info: VDW FORCE SWITCHING ACTIVE
Info: SWITCHING ON           10
Info: SWITCHING OFF          12
Info: PAIRLIST DISTANCE      16
Info: PAIRLIST SHRINK RATE   0.01
Info: PAIRLIST GROW RATE     0.01
Info: PAIRLIST TRIGGER       0.3
Info: PAIRLISTS PER CYCLE    2
Info: PAIRLISTS ENABLED
Info: MARGIN                 0.555
Info: HYDROGEN GROUP CUTOFF  2.5
Info: PATCH DIMENSION        19.055
Info: ENERGY OUTPUT STEPS    1000
Info: CROSSTERM ENERGY INCLUDED IN DIHEDRAL
Info: TIMING OUTPUT STEPS    1000
Info: LANGEVIN DYNAMICS ACTIVE
Info: LANGEVIN TEMPERATURE   320
Info: LANGEVIN USING BBK INTEGRATOR
Info: LANGEVIN DAMPING COEFFICIENT IS 1 INVERSE PS
Info: LANGEVIN DYNAMICS NOT APPLIED TO HYDROGENS
Info: LANGEVIN PISTON PRESSURE CONTROL ACTIVE
Info:        TARGET PRESSURE IS 1 BAR
Info:     OSCILLATION PERIOD IS 50 FS
Info:             DECAY TIME IS 25 FS
Info:     PISTON TEMPERATURE IS 320 K
Info:       PRESSURE CONTROL IS GROUP-BASED
Info:    INITIAL STRAIN RATE IS -0.000479391 -0.000479391 -0.000479391
Info:       CELL FLUCTUATION IS ISOTROPIC
Info: PARTICLE MESH EWALD (PME) ACTIVE
Info: PME TOLERANCE               1e-06
Info: PME EWALD COEFFICIENT       0.257952
Info: PME INTERPOLATION ORDER     6
Info: PME GRID DIMENSIONS         32 28 36
Info: PME MAXIMUM GRID SPACING    1
Info: Attempting to read FFTW data from FFTW_NAMD_2.14_Linux-x86_64-multicore.txt
Info: Optimizing 6 FFT steps.  1... 2... 3... 4... 5... 6...   Done.
Info: Writing FFTW data to FFTW_NAMD_2.14_Linux-x86_64-multicore.txt
Info: FULL ELECTROSTATIC EVALUATION FREQUENCY      1
Info: USING VERLET I (r-RESPA) MTS SCHEME.
Info: C1 SPLITTING OF LONG RANGE ELECTROSTATICS
Info: PLACING ATOMS IN PATCHES BY HYDROGEN GROUPS
Info: RIGID BONDS TO HYDROGEN : ALL
Info:         ERROR TOLERANCE : 1e-08
Info:          MAX ITERATIONS : 100
Info: RIGID WATER USING SETTLE ALGORITHM
Info: RANDOM NUMBER SEED     1656455148
Info: USE HYDROGEN BONDS?    NO
Info: COORDINATE PDB         ./../decaalanine_solvated.pdb
Info: STRUCTURE FILE         ./../decaalanine_solvated.psf
Info: PARAMETER file: CHARMM format! 
Info: PARAMETERS             ./../toppar/par_all36m_prot.prm
Info: PARAMETERS             ./../toppar/par_all36_na.prm
Info: PARAMETERS             ./../toppar/par_all36_carb.prm
Info: PARAMETERS             ./../toppar/par_all36_lipid.prm
Info: PARAMETERS             ./../toppar/par_all36_cgenff.prm
Info: PARAMETERS             ./../toppar/par_interface.prm
Info: PARAMETERS             ./../toppar/toppar_all36_moreions.str
Info: PARAMETERS             ./../toppar/toppar_all36_nano_lig.str
Info: PARAMETERS             ./../toppar/toppar_all36_nanolig_patch.str
Info: PARAMETERS             ./../toppar/toppar_all36_synthetic_polymer.str
Info: PARAMETERS             ./../toppar/toppar_all36_synthetic_polymer_patch.str
Info: PARAMETERS             ./../toppar/toppar_all36_polymer_solvent.str
Info: PARAMETERS             ./../toppar/toppar_water_ions.str
Info: PARAMETERS             ./../toppar/toppar_dum_noble_gases.str
Info: PARAMETERS             ./../toppar/toppar_ions_won.str
Info: PARAMETERS             ./../toppar/toppar_all36_prot_arg0.str
Info: PARAMETERS             ./../toppar/toppar_all36_prot_c36m_d_aminoacids.str
Info: PARAMETERS             ./../toppar/toppar_all36_prot_fluoro_alkanes.str
Info: PARAMETERS             ./../toppar/toppar_all36_prot_heme.str
Info: PARAMETERS             ./../toppar/toppar_all36_prot_na_combined.str
Info: PARAMETERS             ./../toppar/toppar_all36_prot_retinol.str
Info: PARAMETERS             ./../toppar/toppar_all36_prot_modify_res.str
Info: PARAMETERS             ./../toppar/toppar_all36_na_nad_ppi.str
Info: PARAMETERS             ./../toppar/toppar_all36_na_rna_modified.str
Info: PARAMETERS             ./../toppar/toppar_all36_lipid_archaeal.str
Info: PARAMETERS             ./../toppar/toppar_all36_lipid_bacterial.str
Info: PARAMETERS             ./../toppar/toppar_all36_lipid_cardiolipin.str
Info: PARAMETERS             ./../toppar/toppar_all36_lipid_cholesterol.str
Info: PARAMETERS             ./../toppar/toppar_all36_lipid_dag.str
Info: PARAMETERS             ./../toppar/toppar_all36_lipid_inositol.str
Info: PARAMETERS             ./../toppar/toppar_all36_lipid_lnp.str
Info: PARAMETERS             ./../toppar/toppar_all36_lipid_lps.str
Info: PARAMETERS             ./../toppar/toppar_all36_lipid_mycobacterial.str
Info: PARAMETERS             ./../toppar/toppar_all36_lipid_miscellaneous.str
Info: PARAMETERS             ./../toppar/toppar_all36_lipid_model.str
Info: PARAMETERS             ./../toppar/toppar_all36_lipid_prot.str
Info: PARAMETERS             ./../toppar/toppar_all36_lipid_sphingo.str
Info: PARAMETERS             ./../toppar/toppar_all36_lipid_tag.str
Info: PARAMETERS             ./../toppar/toppar_all36_lipid_yeast.str
Info: PARAMETERS             ./../toppar/toppar_all36_lipid_hmmm.str
Info: PARAMETERS             ./../toppar/toppar_all36_lipid_detergent.str
Info: PARAMETERS             ./../toppar/toppar_all36_lipid_ether.str
Info: PARAMETERS             ./../toppar/toppar_all36_carb_glycolipid.str
Info: PARAMETERS             ./../toppar/toppar_all36_carb_glycopeptide.str
Info: PARAMETERS             ./../toppar/toppar_all36_carb_imlab.str
Info: PARAMETERS             ./../toppar/toppar_all36_label_spin.str
Info: PARAMETERS             ./../toppar/toppar_all36_label_fluorophore.str
Info: USING ARITHMETIC MEAN TO COMBINE L-J SIGMA PARAMETERS
Info: BINARY COORDINATES     ./../output_3/prod_0/prod.coor

Warning: DUPLICATE ANGLE ENTRY FOR CG2D1-CG321-NG311
PREVIOUS VALUES  k=78  theta0=110 k_ub=0 r_ub=0
   USING VALUES  k=57  theta0=107 k_ub=0 r_ub=0

Warning: DUPLICATE ANGLE ENTRY FOR CG331-CG2D1-CG331
PREVIOUS VALUES  k=55  theta0=119 k_ub=0 r_ub=0
   USING VALUES  k=48  theta0=123.5 k_ub=0 r_ub=0

Warning: DUPLICATE ANGLE ENTRY FOR CG1N1-CG321-HGA2
PREVIOUS VALUES  k=50  theta0=109 k_ub=0 r_ub=0
   USING VALUES  k=50  theta0=110.5 k_ub=0 r_ub=0

Warning: DUPLICATE ANGLE ENTRY FOR CG321-NG311-CG331
PREVIOUS VALUES  k=48  theta0=112.2 k_ub=38 r_ub=2.35
   USING VALUES  k=40.5  theta0=109.6 k_ub=0 r_ub=0

Warning: DUPLICATE ANGLE ENTRY FOR CG2O2-CG311-OG311
PREVIOUS VALUES  k=110  theta0=106.7 k_ub=0 r_ub=0
   USING VALUES  k=112  theta0=111 k_ub=0 r_ub=0

Warning: DUPLICATE ANGLE ENTRY FOR CG2O3-CG311-OG311
PREVIOUS VALUES  k=80  theta0=107 k_ub=0 r_ub=0
   USING VALUES  k=45  theta0=109 k_ub=0 r_ub=0

Warning: DUPLICATE ANGLE ENTRY FOR CG2R61-CG311-OG311
PREVIOUS VALUES  k=82  theta0=112.8 k_ub=0 r_ub=0
   USING VALUES  k=75.7  theta0=110.1 k_ub=0 r_ub=0

Warning: DUPLICATE DIHEDRAL ENTRY FOR CG321-CG321-CG321-NG311
PREVIOUS VALUES MULTIPLICITY: 1
  k=0.3  n=3  delta=0
INCREASING MULTIPLICITY TO: 2
  k=0.39  n=2  delta=0

Warning: DUPLICATE DIHEDRAL ENTRY FOR HGA3-CG331-NG311-CG321
PREVIOUS VALUES MULTIPLICITY: 1
  k=0.5  n=3  delta=0
Warning: IDENTICAL PERIODICITY! REPLACING OLD VALUES BY: 
  k=0  n=3  delta=180

Warning: DUPLICATE DIHEDRAL ENTRY FOR CG331-CG321-CG321-NG311
PREVIOUS VALUES MULTIPLICITY: 1
  k=0.3  n=3  delta=0
INCREASING MULTIPLICITY TO: 2
  k=0.16  n=1  delta=180

Warning: DUPLICATE DIHEDRAL ENTRY FOR CG2D1-CG2D1-CG321-NG311
PREVIOUS VALUES MULTIPLICITY: 2
  k=1.6  n=1  delta=180
Warning: IDENTICAL PERIODICITY! REPLACING OLD VALUES BY: 
  k=0.6  n=1  delta=180

Warning: DUPLICATE DIHEDRAL ENTRY FOR CG2D1-CG321-NG311-CG321
PREVIOUS VALUES MULTIPLICITY: 3
  k=1.1  n=1  delta=180
  k=0.6  n=2  delta=180
Warning: IDENTICAL PERIODICITY! REPLACING OLD VALUES BY: 
  k=1.5  n=2  delta=0
Warning: IDENTICAL PERIODICITY! REPLACING OLD VALUES BY: 
  k=2.5  n=1  delta=180

Warning: DUPLICATE DIHEDRAL ENTRY FOR CG2D1-CG321-CG321-CG2D1
PREVIOUS VALUES MULTIPLICITY: 2
  k=0.9  n=1  delta=180
  k=0.3  n=3  delta=180
Warning: IDENTICAL PERIODICITY! REPLACING OLD VALUES BY: 
  k=0.2  n=3  delta=0

Warning: DUPLICATE DIHEDRAL ENTRY FOR CG2D1-CG321-NG311-HGPAM1
PREVIOUS VALUES MULTIPLICITY: 1
  k=0.48  n=3  delta=0
Warning: IDENTICAL PERIODICITY! REPLACING OLD VALUES BY: 
  k=0.16  n=3  delta=0

Warning: DUPLICATE DIHEDRAL ENTRY FOR HGA2-CG321-NG311-CG331
PREVIOUS VALUES MULTIPLICITY: 1
  k=0.4  n=3  delta=0
Warning: IDENTICAL PERIODICITY! REPLACING OLD VALUES BY: 
  k=0  n=3  delta=180

Warning: DUPLICATE DIHEDRAL ENTRY FOR HGA4-CG2D1-CG321-NG311
PREVIOUS VALUES MULTIPLICITY: 1
  k=0.26  n=3  delta=0
Warning: IDENTICAL PERIODICITY! REPLACING OLD VALUES BY: 
  k=0.2  n=3  delta=0

Warning: DUPLICATE DIHEDRAL ENTRY FOR CG2R61-CG311-OG311-HGP1
PREVIOUS VALUES MULTIPLICITY: 3
  k=1.08  n=1  delta=0
  k=0.54  n=2  delta=0
  k=0.77  n=3  delta=0
Warning: IDENTICAL PERIODICITY! REPLACING OLD VALUES BY: 
  k=0.74  n=3  delta=0
Warning: IDENTICAL PERIODICITY! REPLACING OLD VALUES BY: 
  k=1.4  n=2  delta=0
Warning: IDENTICAL PERIODICITY! REPLACING OLD VALUES BY: 
  k=2.1  n=1  delta=0

Warning: DUPLICATE DIHEDRAL ENTRY FOR OG2D2-CG2O3-CG311-OG311
PREVIOUS VALUES MULTIPLICITY: 1
  k=0.85  n=2  delta=180
Warning: IDENTICAL PERIODICITY! REPLACING OLD VALUES BY: 
  k=0.55  n=2  delta=180

Warning: DUPLICATE DIHEDRAL ENTRY FOR OG302-CG2O2-CG311-OG311
PREVIOUS VALUES MULTIPLICITY: 2
  k=0.4  n=2  delta=180
  k=0.1  n=6  delta=0
Warning: IDENTICAL PERIODICITY! REPLACING OLD VALUES BY: 
  k=0.05  n=6  delta=180

Warning: DUPLICATE DIHEDRAL ENTRY FOR CG2O3-CG311-OG311-HGP1
PREVIOUS VALUES MULTIPLICITY: 3
  k=0.3  n=1  delta=0
  k=0.3  n=2  delta=180
  k=0.4  n=3  delta=0
Warning: IDENTICAL PERIODICITY! REPLACING OLD VALUES BY: 
  k=0.01  n=3  delta=180
Warning: IDENTICAL PERIODICITY! REPLACING OLD VALUES BY: 
  k=0.37  n=2  delta=0
Warning: IDENTICAL PERIODICITY! REPLACING OLD VALUES BY: 
  k=0.35  n=1  delta=0

Warning: DUPLICATE DIHEDRAL ENTRY FOR CG2O2-CG311-OG311-HGP1
PREVIOUS VALUES MULTIPLICITY: 3
  k=0.85  n=1  delta=180
  k=0.38  n=2  delta=180
Warning: IDENTICAL PERIODICITY! REPLACING OLD VALUES BY: 
  k=0.37  n=2  delta=0
Warning: IDENTICAL PERIODICITY! REPLACING OLD VALUES BY: 
  k=0.35  n=1  delta=0
Warning: IDENTICAL PERIODICITY! REPLACING OLD VALUES BY: 
  k=0.01  n=3  delta=180

Warning: DUPLICATE DIHEDRAL ENTRY FOR CG331-CG2D1-CG321-OG311
PREVIOUS VALUES MULTIPLICITY: 3
  k=0.25  n=1  delta=180
  k=0.52  n=2  delta=180
  k=0.23  n=3  delta=180
Warning: IDENTICAL PERIODICITY! REPLACING OLD VALUES BY: 
  k=0.19  n=3  delta=0

Warning: DUPLICATE DIHEDRAL ENTRY FOR OG311-CG2O2-CG311-OG311
PREVIOUS VALUES MULTIPLICITY: 1
  k=0.46  n=2  delta=180
INCREASING MULTIPLICITY TO: 2
  k=0  n=6  delta=180

Warning: DUPLICATE DIHEDRAL ENTRY FOR OG2D1-CG2O2-CG311-OG311
PREVIOUS VALUES MULTIPLICITY: 1
  k=0.55  n=2  delta=180
Warning: IDENTICAL PERIODICITY! REPLACING OLD VALUES BY: 
  k=0  n=2  delta=0

Warning: DUPLICATE DIHEDRAL ENTRY FOR CG2R61-CG2R61-CG311-OG311
PREVIOUS VALUES MULTIPLICITY: 1
  k=0.7  n=2  delta=180
Warning: IDENTICAL PERIODICITY! REPLACING OLD VALUES BY: 
  k=0  n=2  delta=0
Warning: SKIPPING PART OF PARAMETER FILE AFTER RETURN STATEMENT

Warning: DUPLICATE ANGLE ENTRY FOR CG2R61-CG2R61-OG301
PREVIOUS VALUES  k=110  theta0=120 k_ub=0 r_ub=0
   USING VALUES  k=56  theta0=124.5 k_ub=0 r_ub=0

Warning: DUPLICATE ANGLE ENTRY FOR CTL3-CEL1-CTL3
PREVIOUS VALUES  k=48  theta0=123.5 k_ub=0 r_ub=0
   USING VALUES  k=58.35  theta0=113.5 k_ub=11.16 r_ub=2.561
Warning: SKIPPING PART OF PARAMETER FILE AFTER RETURN STATEMENT

Warning: DUPLICATE ANGLE ENTRY FOR CTL1-CTO1-CTO1
PREVIOUS VALUES  k=52  theta0=108 k_ub=0 r_ub=0
   USING VALUES  k=58.35  theta0=113.5 k_ub=11.16 r_ub=2.561

Warning: DUPLICATE ANGLE ENTRY FOR C-CTO1-HAL1
PREVIOUS VALUES  k=50  theta0=109.5 k_ub=0 r_ub=0
   USING VALUES  k=33  theta0=109.5 k_ub=30 r_ub=2.163
Warning: IDENTICAL PERIODICITY! REPLACING OLD VALUES BY: 
  k=1.3  n=3  delta=180

Warning: DUPLICATE DIHEDRAL ENTRY FOR NHL-C-CTO1-HAL1
PREVIOUS VALUES MULTIPLICITY: 1
  k=0  n=1  delta=0
INCREASING MULTIPLICITY TO: 2
  k=0  n=3  delta=0

Warning: DUPLICATE DIHEDRAL ENTRY FOR X-CTO1-CTO1-X
PREVIOUS VALUES MULTIPLICITY: 1
  k=0.2  n=3  delta=0
Warning: IDENTICAL PERIODICITY! REPLACING OLD VALUES BY: 
  k=0.14  n=3  delta=0

Warning: DUPLICATE DIHEDRAL ENTRY FOR O-C-CTO1-HAL1
PREVIOUS VALUES MULTIPLICITY: 1
  k=0  n=1  delta=0
INCREASING MULTIPLICITY TO: 2
  k=0  n=2  delta=180

Warning: DUPLICATE BOND ENTRY FOR CEL3-CTL3
PREVIOUS VALUES  k=383  x0=1.504
   USING VALUES  k=365  x0=1.502

Warning: DUPLICATE ANGLE ENTRY FOR CEL3-CTL3-HAL3
PREVIOUS VALUES  k=42  theta0=111.5 k_ub=0 r_ub=0
   USING VALUES  k=45  theta0=111.5 k_ub=0 r_ub=0

Warning: DUPLICATE DIHEDRAL ENTRY FOR HEL1-CEL3-CEL3-CTL3
PREVIOUS VALUES MULTIPLICITY: 1
  k=1  n=2  delta=0
INCREASING MULTIPLICITY TO: 2
  k=0.15  n=1  delta=180
Warning: IDENTICAL PERIODICITY! REPLACING OLD VALUES BY: 
  k=8.5  n=2  delta=180

Warning: DUPLICATE DIHEDRAL ENTRY FOR CG331-CG301-CG321-CG301
PREVIOUS VALUES MULTIPLICITY: 1
  k=0.2  n=3  delta=0
INCREASING MULTIPLICITY TO: 2
  k=0.44  n=1  delta=0

Warning: DUPLICATE DIHEDRAL ENTRY FOR CG331-CG301-CG321-CG301
PREVIOUS VALUES MULTIPLICITY: 2
  k=0.2  n=3  delta=0
  k=0.44  n=1  delta=0
INCREASING MULTIPLICITY TO: 3
  k=0.02  n=2  delta=180

Warning: DUPLICATE DIHEDRAL ENTRY FOR CG331-CG301-CG321-CG301
PREVIOUS VALUES MULTIPLICITY: 3
  k=0.2  n=3  delta=0
Warning: IDENTICAL PERIODICITY! REPLACING OLD VALUES BY: 
  k=0.73  n=3  delta=180

Warning: DUPLICATE DIHEDRAL ENTRY FOR NG311-CG321-CG321-NG311
PREVIOUS VALUES MULTIPLICITY: 2
  k=0.25  n=1  delta=180
  k=1.24  n=2  delta=0
INCREASING MULTIPLICITY TO: 3
  k=0.3  n=3  delta=0

Warning: DUPLICATE BOND ENTRY FOR CG2O1-CG2R51
PREVIOUS VALUES  k=280  x0=1.475
   USING VALUES  k=300  x0=1.475

Warning: DUPLICATE ANGLE ENTRY FOR CG2R51-CG2O1-NG2S1
PREVIOUS VALUES  k=52  theta0=115.5 k_ub=0 r_ub=0
   USING VALUES  k=80  theta0=116.5 k_ub=0 r_ub=0

Warning: DUPLICATE ANGLE ENTRY FOR CG2R51-CG2O1-OG2D1
PREVIOUS VALUES  k=45  theta0=122 k_ub=0 r_ub=0
   USING VALUES  k=30  theta0=121 k_ub=0 r_ub=0

Warning: DUPLICATE ANGLE ENTRY FOR CG2O1-CG2R51-CG2R51
PREVIOUS VALUES  k=35  theta0=130 k_ub=0 r_ub=0
   USING VALUES  k=45.8  theta0=130 k_ub=0 r_ub=0

Warning: DUPLICATE ANGLE ENTRY FOR CG2R53-NG2R53-CG3RC1
PREVIOUS VALUES  k=75  theta0=112 k_ub=0 r_ub=0
   USING VALUES  k=75  theta0=111 k_ub=0 r_ub=0

Warning: DUPLICATE DIHEDRAL ENTRY FOR NG2S1-CG2O1-CG2R51-CG2R51
PREVIOUS VALUES MULTIPLICITY: 2
  k=1.1  n=2  delta=180
Warning: IDENTICAL PERIODICITY! REPLACING OLD VALUES BY: 
  k=1  n=2  delta=180

Warning: DUPLICATE DIHEDRAL ENTRY FOR OG2D1-CG2O1-CG2R51-CG2R51
PREVIOUS VALUES MULTIPLICITY: 2
  k=1.1  n=2  delta=180
Warning: IDENTICAL PERIODICITY! REPLACING OLD VALUES BY: 
  k=1  n=2  delta=180

Warning: DUPLICATE DIHEDRAL ENTRY FOR CG2R51-CG2O1-NG2S1-HGP1
PREVIOUS VALUES MULTIPLICITY: 1
  k=1  n=2  delta=180
Warning: IDENTICAL PERIODICITY! REPLACING OLD VALUES BY: 
  k=2.5  n=2  delta=180

Warning: DUPLICATE IMPROPER DIHEDRAL ENTRY FOR CG2O1-CG2R51-NG2S1-OG2D1
PREVIOUS VALUES MULTIPLICITY 1
  k=70  n=0  delta=0
USING VALUES MULTIPLICITY 1
  k=120  n=0  delta=0Info: SUMMARY OF PARAMETERS:
Info: 1858 BONDS
Info: 5968 ANGLES
Info: 16480 DIHEDRAL
Info: 374 IMPROPER
Info: 16 CROSSTERM
Info: 717 VDW
Info: 124 VDW_PAIRS
Info: 0 NBTHOLE_PAIRS
Info: TIME FOR READING PSF FILE: 0.0252441
Info: Reading pdb file ./../decaalanine_solvated.pdb
Info: TIME FOR READING PDB FILE: 0.00186258
Info: 
Info: ****************************
Info: STRUCTURE SUMMARY:
Info: 2797 ATOMS
Info: 1898 BONDS
Info: 1081 ANGLES
Info: 249 DIHEDRALS
Info: 19 IMPROPERS
Info: 8 CROSSTERMS
Info: 0 EXCLUSIONS
Info: 2746 RIGID BONDS
Info: 5645 DEGREES OF FREEDOM
Info: 949 HYDROGEN GROUPS
Info: 4 ATOMS IN LARGEST HYDROGEN GROUP
Info: 949 MIGRATION GROUPS
Info: 4 ATOMS IN LARGEST MIGRATION GROUP
Info: TOTAL MASS = 16906.6 amu
Info: TOTAL CHARGE = 5.96046e-08 e
Info: MASS DENSITY = 0.98172 g/cm^3
Info: ATOM DENSITY = 0.0978056 atoms/A^3
Info: *****************************
Info: Reading from binary file ./../output_3/prod_0/prod.coor
Info: 
Info: Entering startup at 0.498454 s, 49.9961 MB of memory in use
Info: Startup phase 0 took 3.5255e-05 s, 49.9961 MB of memory in use
Info: ADDED 3228 IMPLICIT EXCLUSIONS
Info: Startup phase 1 took 0.00128121 s, 51.1992 MB of memory in use
Info: NONBONDED TABLE R-SQUARED SPACING: 0.0625
Info: NONBONDED TABLE SIZE: 769 POINTS
Info: ABSOLUTE IMPRECISION IN FAST TABLE FORCE: 2.64698e-23 AT 11.9138
Info: RELATIVE IMPRECISION IN FAST TABLE FORCE: 1.40436e-16 AT 11.9138
Info: INCONSISTENCY IN FAST TABLE ENERGY VS FORCE: 0.000325096 AT 11.9556
Info: ABSOLUTE IMPRECISION IN SCOR TABLE FORCE: 4.10282e-22 AT 11.9138
Info: RELATIVE IMPRECISION IN SCOR TABLE FORCE: 3.56912e-15 AT 11.9138
Info: INCONSISTENCY IN SCOR TABLE ENERGY VS FORCE: 0.000324844 AT 11.9556
Info: ABSOLUTE IMPRECISION IN VDWA TABLE ENERGY: 9.86076e-32 AT 11.8295
Info: RELATIVE IMPRECISION IN VDWA TABLE ENERGY: 3.37915e-14 AT 11.9138
Info: ABSOLUTE IMPRECISION IN VDWA TABLE FORCE: 1.38667e-32 AT 11.9138
Info: RELATIVE IMPRECISION IN VDWA TABLE FORCE: 1.51174e-15 AT 11.9138
Info: INCONSISTENCY IN VDWA TABLE ENERGY VS FORCE: 0.0040507 AT 0.251946
Info: ABSOLUTE IMPRECISION IN VDWB TABLE ENERGY: 1.03398e-25 AT 11.8295
Info: RELATIVE IMPRECISION IN VDWB TABLE ENERGY: 2.7691e-14 AT 11.9138
Info: ABSOLUTE IMPRECISION IN VDWB TABLE FORCE: 1.61559e-27 AT 11.9138
Info: RELATIVE IMPRECISION IN VDWB TABLE FORCE: 1.496e-16 AT 11.9138
Info: INCONSISTENCY IN VDWB TABLE ENERGY VS FORCE: 0.00150189 AT 0.251946
Info: Startup phase 2 took 0.00799352 s, 66.8906 MB of memory in use
Info: Startup phase 3 took 3.4398e-05 s, 66.8906 MB of memory in use
Info: Startup phase 4 took 2.5138e-05 s, 66.8906 MB of memory in use
Info: Startup phase 5 took 7.833e-06 s, 66.8906 MB of memory in use
Info: PATCH GRID IS 1 (PERIODIC) BY 1 (PERIODIC) BY 1 (PERIODIC)
Info: PATCH GRID IS 1-AWAY BY 1-AWAY BY 1-AWAY
Info: Reading from binary file ./../output_3/prod_0/prod.vel
Info: REMOVING COM VELOCITY -0.190011 0.0536912 -0.118222
Info: LARGEST PATCH (0) HAS 2797 ATOMS
Info: TORUS A SIZE 1 USING 0
Info: TORUS B SIZE 1 USING 0
Info: TORUS C SIZE 1 USING 0
Info: TORUS MINIMAL MESH SIZE IS 1 BY 1 BY 1
Info: Placed 100% of base nodes on same physical node as patch
Info: Startup phase 6 took 0.000424868 s, 67.4883 MB of memory in use
Info: PME using 1 and 1 processors for FFT and reciprocal sum.
Info: PME GRID LOCATIONS: 0
Info: PME TRANS LOCATIONS: 0
Info: PME USING 1 GRID NODES AND 1 TRANS NODES
Info: Optimizing 4 FFT steps.  1... 2... 3... 4...   Done.
Info: Startup phase 7 took 6.1461e-05 s, 67.4883 MB of memory in use
Info: Startup phase 8 took 9.361e-06 s, 67.4883 MB of memory in use
Info: Startup phase 9 took 7.771e-06 s, 67.4883 MB of memory in use
Info: Startup phase 10 took 7.477e-06 s, 67.4883 MB of memory in use
Info: Startup phase 11 took 8.558e-06 s, 67.4883 MB of memory in use
LDB: Central LB being created...
Info: Startup phase 12 took 1.6775e-05 s, 67.4883 MB of memory in use
Info: CREATING 25 COMPUTE OBJECTS
Info: Startup phase 13 took 8.324e-05 s, 67.4883 MB of memory in use
Info: Startup phase 14 took 1.0321e-05 s, 67.4883 MB of memory in use
Info: Startup phase 15 took 8.561e-06 s, 67.4883 MB of memory in use
Info: Finished startup at 0.508469 s, 67.4883 MB of memory in use

TCL: Running for 20000 steps
ETITLE:      TS           BOND          ANGLE          DIHED          IMPRP               ELECT            VDW       BOUNDARY           MISC        KINETIC               TOTAL           TEMP      POTENTIAL         TOTAL3        TEMPAVG            PRESSURE      GPRESSURE         VOLUME       PRESSAVG      GPRESSAVG

ENERGY:       0        16.8052        58.4524        21.2451         3.6058          -9250.2591       771.2614         0.0000         0.0000      1728.4259          -6650.4632       308.1607     -8378.8891     -6649.4163       308.1607           -850.7136      -854.2168     28597.5477      -850.7136      -854.2168

OPENING EXTENDED SYSTEM TRAJECTORY FILE
LDB: ============= START OF LOAD BALANCING ============== 0.750357
LDB: ============== END OF LOAD BALANCING =============== 0.750394
LDB: =============== DONE WITH MIGRATION ================ 0.750407
LDB: ============= START OF LOAD BALANCING ============== 1.6841
LDB: ============== END OF LOAD BALANCING =============== 1.68413
LDB: =============== DONE WITH MIGRATION ================ 1.68416
Info: Initial time: 1 CPUs 0.0117118 s/step 0.135553 days/ns 76.9258 MB memory
LDB: ============= START OF LOAD BALANCING ============== 1.91435
LDB: ============== END OF LOAD BALANCING =============== 1.91437
LDB: =============== DONE WITH MIGRATION ================ 1.91438
LDB: ============= START OF LOAD BALANCING ============== 2.82002
LDB: ============== END OF LOAD BALANCING =============== 2.82005
LDB: =============== DONE WITH MIGRATION ================ 2.82007
Info: Initial time: 1 CPUs 0.0113501 s/step 0.131367 days/ns 76.9258 MB memory
LDB: ============= START OF LOAD BALANCING ============== 3.92456
LDB: ============== END OF LOAD BALANCING =============== 3.92459
LDB: =============== DONE WITH MIGRATION ================ 3.92462
Info: Initial time: 1 CPUs 0.0110391 s/step 0.127767 days/ns 76.9258 MB memory
LDB: ============= START OF LOAD BALANCING ============== 5.01645
LDB: ============== END OF LOAD BALANCING =============== 5.01647
LDB: =============== DONE WITH MIGRATION ================ 5.0165
Info: Benchmark time: 1 CPUs 0.0109118 s/step 0.126294 days/ns 76.9258 MB memory
Info: Benchmark time: 1 CPUs 0.0107244 s/step 0.124125 days/ns 76.9258 MB memory
Info: Benchmark time: 1 CPUs 0.0105392 s/step 0.121981 days/ns 76.9258 MB memory
Info: Benchmark time: 1 CPUs 0.010401 s/step 0.120382 days/ns 76.9258 MB memory
Info: Benchmark time: 1 CPUs 0.0101781 s/step 0.117802 days/ns 76.9258 MB memory
Info: Benchmark time: 1 CPUs 0.0100786 s/step 0.11665 days/ns 76.9258 MB memory
TIMING: 1000  CPU: 10.718, 0.0106953/step  Wall: 10.7189, 0.0106923/step, 0.0564313 hours remaining, 76.925781 MB of memory in use.
ENERGY:    1000        28.1416        62.6809        25.0035         5.9605          -9554.2933       937.9906         0.0000         0.0000      1849.2787          -6645.2375       329.7075     -8494.5162     -6644.6540       324.4600            234.0528       234.6627     28582.8042        -3.1242        -3.4404

WRITING EXTENDED SYSTEM TO RESTART FILE AT STEP 1000
OPENING COORDINATE DCD FILE
WRITING COORDINATES TO DCD FILE ./prod_3/prod.dcd AT STEP 1000
WRITING COORDINATES TO RESTART FILE AT STEP 1000
FINISHED WRITING RESTART COORDINATES
The last position output (seq=1000) takes 0.000 seconds, 76.926 MB of memory in use
WRITING VELOCITIES TO RESTART FILE AT STEP 1000
FINISHED WRITING RESTART VELOCITIES
The last velocity output (seq=1000) takes 0.000 seconds, 76.926 MB of memory in use
TIMING: 2000  CPU: 20.7891, 0.0100711/step  Wall: 20.7917, 0.0100728/step, 0.0503638 hours remaining, 76.925781 MB of memory in use.
ENERGY:    2000        15.3793        61.2007        27.6558         6.0171          -9475.1541       817.0765         0.0000         0.0000      1889.0843          -6658.7403       336.8044     -8547.8247     -6658.2004       325.1057           -308.7413      -323.7695     28199.5592         3.2516         3.4321

WRITING EXTENDED SYSTEM TO RESTART FILE AT STEP 2000
WRITING COORDINATES TO DCD FILE ./prod_3/prod.dcd AT STEP 2000
WRITING COORDINATES TO RESTART FILE AT STEP 2000
FINISHED WRITING RESTART COORDINATES
The last position output (seq=2000) takes 0.000 seconds, 76.926 MB of memory in use
WRITING VELOCITIES TO RESTART FILE AT STEP 2000
FINISHED WRITING RESTART VELOCITIES
The last velocity output (seq=2000) takes 0.000 seconds, 76.926 MB of memory in use
TIMING: 3000  CPU: 30.9844, 0.0101953/step  Wall: 30.9893, 0.0101976/step, 0.0481554 hours remaining, 76.925781 MB of memory in use.
ENERGY:    3000        24.0030        54.7827        30.4951         5.0581          -9631.3259       921.4462         0.0000         0.0000      1858.5759          -6736.9650       331.3651     -8595.5408     -6736.6333       324.0841             56.6093        47.0625     28178.0739        -1.5996        -2.0644

WRITING EXTENDED SYSTEM TO RESTART FILE AT STEP 3000
WRITING COORDINATES TO DCD FILE ./prod_3/prod.dcd AT STEP 3000
WRITING COORDINATES TO RESTART FILE AT STEP 3000
FINISHED WRITING RESTART COORDINATES
The last position output (seq=3000) takes 0.000 seconds, 76.926 MB of memory in use
WRITING VELOCITIES TO RESTART FILE AT STEP 3000
FINISHED WRITING RESTART VELOCITIES
The last velocity output (seq=3000) takes 0.000 seconds, 76.926 MB of memory in use
TIMING: 4000  CPU: 41.1402, 0.0101558/step  Wall: 41.1449, 0.0101556/step, 0.0451362 hours remaining, 76.925781 MB of memory in use.
ENERGY:    4000        19.8763        58.3083        27.2127         4.4235          -9534.3481       871.3631         0.0000         0.0000      1847.7207          -6705.4435       329.4297     -8553.1642     -6703.5914       323.5554           -107.7298      -123.3824     28324.0158         8.0744         7.9173

WRITING EXTENDED SYSTEM TO RESTART FILE AT STEP 4000
WRITING COORDINATES TO DCD FILE ./prod_3/prod.dcd AT STEP 4000
WRITING COORDINATES TO RESTART FILE AT STEP 4000
FINISHED WRITING RESTART COORDINATES
The last position output (seq=4000) takes 0.000 seconds, 76.926 MB of memory in use
WRITING VELOCITIES TO RESTART FILE AT STEP 4000
FINISHED WRITING RESTART VELOCITIES
The last velocity output (seq=4000) takes 0.000 seconds, 76.926 MB of memory in use
LDB: ============= START OF LOAD BALANCING ============== 44.6867
LDB: ============== END OF LOAD BALANCING =============== 44.6867
LDB: =============== DONE WITH MIGRATION ================ 44.6867
LDB: ============= START OF LOAD BALANCING ============== 45.7079
LDB: ============== END OF LOAD BALANCING =============== 45.7079
LDB: =============== DONE WITH MIGRATION ================ 45.708
TIMING: 5000  CPU: 51.308, 0.0101679/step  Wall: 51.312, 0.0101671/step, 0.0423629 hours remaining, 76.925781 MB of memory in use.
ENERGY:    5000        10.2011        65.5677        26.5360         3.3481          -9540.2683       916.9479         0.0000         0.0000      1828.5552          -6689.1123       326.0127     -8517.6675     -6687.8164       320.8725            574.5252       557.5313     28218.6200         0.4270         0.9062

WRITING EXTENDED SYSTEM TO RESTART FILE AT STEP 5000
WRITING COORDINATES TO DCD FILE ./prod_3/prod.dcd AT STEP 5000
WRITING COORDINATES TO RESTART FILE AT STEP 5000
FINISHED WRITING RESTART COORDINATES
The last position output (seq=5000) takes 0.000 seconds, 76.926 MB of memory in use
WRITING VELOCITIES TO RESTART FILE AT STEP 5000
FINISHED WRITING RESTART VELOCITIES
The last velocity output (seq=5000) takes 0.000 seconds, 76.926 MB of memory in use
TIMING: 6000  CPU: 61.6159, 0.0103078/step  Wall: 61.6206, 0.0103086/step, 0.0400889 hours remaining, 76.925781 MB of memory in use.
ENERGY:    6000        14.9854        49.2291        24.4575         4.4365          -9537.1142       899.9117         0.0000         0.0000      1824.4415          -6719.6525       325.2793     -8544.0940     -6719.3904       322.7700            551.3973       557.0123     28036.1796        24.9596        24.7826

WRITING EXTENDED SYSTEM TO RESTART FILE AT STEP 6000
WRITING COORDINATES TO DCD FILE ./prod_3/prod.dcd AT STEP 6000
WRITING COORDINATES TO RESTART FILE AT STEP 6000
FINISHED WRITING RESTART COORDINATES
The last position output (seq=6000) takes 0.000 seconds, 76.926 MB of memory in use
WRITING VELOCITIES TO RESTART FILE AT STEP 6000
FINISHED WRITING RESTART VELOCITIES
TIMING: 7000  CPU: 71.7716, 0.0101557/step  Wall: 71.7756, 0.010155/step, 0.036671 hours remaining, 76.925781 MB of memory in use.
ENERGY:    7000        17.6425        58.7638        22.9612         3.3206          -9492.3868       892.6696         0.0000         0.0000      1756.3244          -6740.7046       313.1347     -8497.0290     -6741.1431       321.0268            -49.0206       -49.1224     28613.2826       -11.0744       -11.4189

WRITING EXTENDED SYSTEM TO RESTART FILE AT STEP 7000
WRITING COORDINATES TO DCD FILE ./prod_3/prod.dcd AT STEP 7000
WRITING COORDINATES TO RESTART FILE AT STEP 7000
FINISHED WRITING RESTART COORDINATES
The last position output (seq=7000) takes 0.000 seconds, 76.926 MB of memory in use
WRITING VELOCITIES TO RESTART FILE AT STEP 7000
FINISHED WRITING RESTART VELOCITIES
TIMING: 8000  CPU: 81.8706, 0.0100991/step  Wall: 81.8751, 0.0100994/step, 0.0336648 hours remaining, 76.925781 MB of memory in use.
ENERGY:    8000        21.6776        52.0848        25.5060         6.9427          -9502.8356       841.4187         0.0000         0.0000      1788.6700          -6766.5358       318.9016     -8555.2058     -6765.3829       318.9424           -702.5257      -704.0126     28487.9335         1.9595         2.5279

WRITING EXTENDED SYSTEM TO RESTART FILE AT STEP 8000
WRITING COORDINATES TO DCD FILE ./prod_3/prod.dcd AT STEP 8000
WRITING COORDINATES TO RESTART FILE AT STEP 8000
FINISHED WRITING RESTART COORDINATES
The last position output (seq=8000) takes 0.000 seconds, 76.926 MB of memory in use
WRITING VELOCITIES TO RESTART FILE AT STEP 8000
FINISHED WRITING RESTART VELOCITIES
LDB: ============= START OF LOAD BALANCING ============== 85.4458
LDB: ============== END OF LOAD BALANCING =============== 85.4458
LDB: =============== DONE WITH MIGRATION ================ 85.4459
LDB: ============= START OF LOAD BALANCING ============== 86.4684
LDB: ============== END OF LOAD BALANCING =============== 86.4684
LDB: =============== DONE WITH MIGRATION ================ 86.4685
TIMING: 9000  CPU: 92.0482, 0.0101776/step  Wall: 92.0564, 0.0101813/step, 0.0311096 hours remaining, 76.925781 MB of memory in use.
ENERGY:    9000        17.7331        57.6639        22.9624         3.5627          -9636.0551       961.9209         0.0000         0.0000      1772.8538          -6799.3583       316.0817     -8572.2120     -6798.0129       316.9833           1104.2813      1108.0179     28087.0179        -6.1065        -6.1173

WRITING EXTENDED SYSTEM TO RESTART FILE AT STEP 9000
WRITING COORDINATES TO DCD FILE ./prod_3/prod.dcd AT STEP 9000
WRITING COORDINATES TO RESTART FILE AT STEP 9000
FINISHED WRITING RESTART COORDINATES
The last position output (seq=9000) takes 0.000 seconds, 76.926 MB of memory in use
WRITING VELOCITIES TO RESTART FILE AT STEP 9000
FINISHED WRITING RESTART VELOCITIES
TIMING: 10000  CPU: 102.286, 0.0102383/step  Wall: 102.298, 0.0102416/step, 0.0284489 hours remaining, 76.925781 MB of memory in use.
ETITLE:      TS           BOND          ANGLE          DIHED          IMPRP               ELECT            VDW       BOUNDARY           MISC        KINETIC               TOTAL           TEMP      POTENTIAL         TOTAL3        TEMPAVG            PRESSURE      GPRESSURE         VOLUME       PRESSAVG      GPRESSAVG

ENERGY:   10000        18.6644        61.2000        22.4808         3.8031          -9638.7907       936.0460         0.0000         0.0000      1815.9363          -6780.6600       323.7629     -8596.5964     -6780.7646       318.0189            904.4546       893.7208     27489.2013        26.8273        26.9442

WRITING EXTENDED SYSTEM TO RESTART FILE AT STEP 10000
WRITING COORDINATES TO DCD FILE ./prod_3/prod.dcd AT STEP 10000
WRITING COORDINATES TO RESTART FILE AT STEP 10000
FINISHED WRITING RESTART COORDINATES
The last position output (seq=10000) takes 0.000 seconds, 76.926 MB of memory in use
WRITING VELOCITIES TO RESTART FILE AT STEP 10000
FINISHED WRITING RESTART VELOCITIES
TIMING: 11000  CPU: 112.578, 0.0102918/step  Wall: 112.588, 0.01029/step, 0.0257249 hours remaining, 76.925781 MB of memory in use.
ENERGY:   11000        15.7591        61.7235        23.9477         2.6747          -9604.2971       893.8747         0.0000         0.0000      1792.0491          -6814.2683       319.5040     -8606.3174     -6813.6863       316.8571            377.9158       369.1887     27704.2587        -6.5949        -6.6139

WRITING EXTENDED SYSTEM TO RESTART FILE AT STEP 11000
WRITING COORDINATES TO DCD FILE ./prod_3/prod.dcd AT STEP 11000
WRITING COORDINATES TO RESTART FILE AT STEP 11000
FINISHED WRITING RESTART COORDINATES
WRITING VELOCITIES TO RESTART FILE AT STEP 11000
FINISHED WRITING RESTART VELOCITIES
TIMING: 12000  CPU: 122.758, 0.0101798/step  Wall: 122.769, 0.0101806/step, 0.0226236 hours remaining, 76.925781 MB of memory in use.
ENERGY:   12000        19.5564        65.9469        25.0489         3.3660          -9556.4259       837.5347         0.0000         0.0000      1793.7812          -6811.1916       319.8129     -8604.9729     -6808.7600       318.1370           -637.7861      -634.8417     28158.0876         5.9341         6.0606

WRITING EXTENDED SYSTEM TO RESTART FILE AT STEP 12000
WRITING COORDINATES TO DCD FILE ./prod_3/prod.dcd AT STEP 12000
WRITING COORDINATES TO RESTART FILE AT STEP 12000
FINISHED WRITING RESTART COORDINATES
WRITING VELOCITIES TO RESTART FILE AT STEP 12000
FINISHED WRITING RESTART VELOCITIES
LDB: ============= START OF LOAD BALANCING ============== 126.4
LDB: ============== END OF LOAD BALANCING =============== 126.4
LDB: =============== DONE WITH MIGRATION ================ 126.4
LDB: ============= START OF LOAD BALANCING ============== 127.454
LDB: ============== END OF LOAD BALANCING =============== 127.454
LDB: =============== DONE WITH MIGRATION ================ 127.454
TIMING: 13000  CPU: 133.13, 0.0103718/step  Wall: 133.142, 0.0103738/step, 0.0201714 hours remaining, 76.925781 MB of memory in use.
ENERGY:   13000        24.1603        53.0855        25.4170         2.8277          -9550.2229       859.8607         0.0000         0.0000      1743.8145          -6841.0572       310.9043     -8584.8717     -6841.0759       314.6004           -183.1286      -203.2255     27845.4963         5.6422         6.1966

WRITING EXTENDED SYSTEM TO RESTART FILE AT STEP 13000
WRITING COORDINATES TO DCD FILE ./prod_3/prod.dcd AT STEP 13000
WRITING COORDINATES TO RESTART FILE AT STEP 13000
FINISHED WRITING RESTART COORDINATES
WRITING VELOCITIES TO RESTART FILE AT STEP 13000
FINISHED WRITING RESTART VELOCITIES
TIMING: 14000  CPU: 143.354, 0.0102238/step  Wall: 143.364, 0.0102213/step, 0.0170355 hours remaining, 76.925781 MB of memory in use.
ENERGY:   14000        16.8487        63.9823        26.4368         3.6964          -9641.0304       921.9889         0.0000         0.0000      1781.9919          -6826.0854       317.7109     -8608.0773     -6824.2545       313.3954            573.6604       583.4031     27813.3806       -16.4198       -16.5831

WRITING EXTENDED SYSTEM TO RESTART FILE AT STEP 14000
WRITING COORDINATES TO DCD FILE ./prod_3/prod.dcd AT STEP 14000
WRITING COORDINATES TO RESTART FILE AT STEP 14000
FINISHED WRITING RESTART COORDINATES
WRITING VELOCITIES TO RESTART FILE AT STEP 14000
FINISHED WRITING RESTART VELOCITIES
TIMING: 15000  CPU: 153.537, 0.0101833/step  Wall: 153.548, 0.0101844/step, 0.014145 hours remaining, 76.925781 MB of memory in use.
ENERGY:   15000        17.9752        52.4921        30.0726         5.0463          -9563.1844       914.5551         0.0000         0.0000      1784.0344          -6759.0088       318.0751     -8543.0432     -6758.2838       317.8683            181.4653       180.1368     28248.1895         4.2810         4.5222

WRITING EXTENDED SYSTEM TO RESTART FILE AT STEP 15000
WRITING COORDINATES TO DCD FILE ./prod_3/prod.dcd AT STEP 15000
WRITING COORDINATES TO RESTART FILE AT STEP 15000
FINISHED WRITING RESTART COORDINATES
WRITING VELOCITIES TO RESTART FILE AT STEP 15000
FINISHED WRITING RESTART VELOCITIES
TIMING: 16000  CPU: 163.724, 0.0101871/step  Wall: 163.737, 0.0101889/step, 0.011321 hours remaining, 76.925781 MB of memory in use.
ENERGY:   16000        16.2204        62.3229        29.6152         5.7073          -9669.1896       939.9228         0.0000         0.0000      1798.5912          -6816.8098       320.6704     -8615.4010     -6815.6458       319.3354            986.9461       994.0286     27412.0272         7.7369         7.9914

WRITING EXTENDED SYSTEM TO RESTART FILE AT STEP 16000
WRITING COORDINATES TO DCD FILE ./prod_3/prod.dcd AT STEP 16000
WRITING COORDINATES TO RESTART FILE AT STEP 16000
FINISHED WRITING RESTART COORDINATES
WRITING VELOCITIES TO RESTART FILE AT STEP 16000
FINISHED WRITING RESTART VELOCITIES
LDB: ============= START OF LOAD BALANCING ============== 167.39
LDB: ============== END OF LOAD BALANCING =============== 167.39
LDB: =============== DONE WITH MIGRATION ================ 167.39
LDB: ============= START OF LOAD BALANCING ============== 168.426
LDB: ============== END OF LOAD BALANCING =============== 168.426
LDB: =============== DONE WITH MIGRATION ================ 168.426
TIMING: 17000  CPU: 174.126, 0.010402/step  Wall: 174.141, 0.0104039/step, 0.00866989 hours remaining, 76.925781 MB of memory in use.
ENERGY:   17000        16.3904        54.4577        18.2610         3.8661          -9651.0499       931.1678         0.0000         0.0000      1801.6393          -6825.2675       321.2139     -8626.9068     -6825.1468       317.3858            416.3444       413.8939     28195.2652        10.1307        10.1946

WRITING EXTENDED SYSTEM TO RESTART FILE AT STEP 17000
WRITING COORDINATES TO DCD FILE ./prod_3/prod.dcd AT STEP 17000
WRITING COORDINATES TO RESTART FILE AT STEP 17000
FINISHED WRITING RESTART COORDINATES
WRITING VELOCITIES TO RESTART FILE AT STEP 17000
FINISHED WRITING RESTART VELOCITIES
TIMING: 18000  CPU: 184.374, 0.0102478/step  Wall: 184.388, 0.0102468/step, 0.00569267 hours remaining, 76.925781 MB of memory in use.
ENERGY:   18000        18.9331        59.9950        24.3373         2.8486          -9601.6558       895.3703         0.0000         0.0000      1771.1230          -6829.0485       315.7731     -8600.1714     -6829.8765       315.3065            187.0358       168.5995     27943.5776         2.9416         3.1011

WRITING EXTENDED SYSTEM TO RESTART FILE AT STEP 18000
WRITING COORDINATES TO DCD FILE ./prod_3/prod.dcd AT STEP 18000
WRITING COORDINATES TO RESTART FILE AT STEP 18000
FINISHED WRITING RESTART COORDINATES
WRITING VELOCITIES TO RESTART FILE AT STEP 18000
FINISHED WRITING RESTART VELOCITIES
TIMING: 19000  CPU: 194.602, 0.0102278/step  Wall: 194.616, 0.0102283/step, 0.00284119 hours remaining, 76.925781 MB of memory in use.
ENERGY:   19000        17.8082        58.6437        23.5436         2.8056          -9636.1983       930.6996         0.0000         0.0000      1721.6576          -6881.0401       306.9539     -8602.6977     -6880.0517       312.9143            -17.8972        -9.6497     28085.3514        -0.2262        -0.5269

WRITING EXTENDED SYSTEM TO RESTART FILE AT STEP 19000
WRITING COORDINATES TO DCD FILE ./prod_3/prod.dcd AT STEP 19000
WRITING COORDINATES TO RESTART FILE AT STEP 19000
FINISHED WRITING RESTART COORDINATES
WRITING VELOCITIES TO RESTART FILE AT STEP 19000
FINISHED WRITING RESTART VELOCITIES
TIMING: 20000  CPU: 204.761, 0.0101591/step  Wall: 204.777, 0.0101609/step, 0 hours remaining, 76.925781 MB of memory in use.
ETITLE:      TS           BOND          ANGLE          DIHED          IMPRP               ELECT            VDW       BOUNDARY           MISC        KINETIC               TOTAL           TEMP      POTENTIAL         TOTAL3        TEMPAVG            PRESSURE      GPRESSURE         VOLUME       PRESSAVG      GPRESSAVG

ENERGY:   20000        13.5779        59.5424        29.2268         8.5318          -9601.9978       885.5959         0.0000         0.0000      1766.8234          -6838.6996       315.0066     -8605.5230     -6837.8107       313.2080            176.0527       176.1038     27888.8413        -9.5052        -9.2477

WRITING EXTENDED SYSTEM TO RESTART FILE AT STEP 20000
WRITING COORDINATES TO DCD FILE ./prod_3/prod.dcd AT STEP 20000
WRITING COORDINATES TO RESTART FILE AT STEP 20000
FINISHED WRITING RESTART COORDINATES
WRITING VELOCITIES TO RESTART FILE AT STEP 20000
FINISHED WRITING RESTART VELOCITIES
WRITING EXTENDED SYSTEM TO OUTPUT FILE AT STEP 20000
CLOSING EXTENDED SYSTEM TRAJECTORY FILE
WRITING COORDINATES TO OUTPUT FILE AT STEP 20000
CLOSING COORDINATE DCD FILE ./prod_3/prod.dcd
WRITING VELOCITIES TO OUTPUT FILE AT STEP 20000
====================================================

WallClock: 205.312088  CPUTime: 205.271484  Memory: 76.925781 MB
[Partition 0][Node 0] End of program
