Charm++> No provisioning arguments specified. Running with a single PE.
         Use +auto-provision to fully subscribe resources or +p1 to silence this message.
Charm++: standalone mode (not using charmrun)
Charm++> Running in Multicore mode: 1 threads (PEs)
Charm++> Using recursive bisection (scheme 3) for topology aware partitions
Converse/Charm++ Commit ID: v6.10.2-0-g7bf00fa-namd-charm-6.10.2-build-2020-Aug-05-556
Warning> Randomization of virtual memory (ASLR) is turned on in the kernel, thread migration may not work! Run 'echo 0 > /proc/sys/kernel/randomize_va_space' as root to disable it, or try running with '+isomalloc_sync'.
CharmLB> Load balancer assumes all CPUs are same.
Charm++> Running on 1 hosts (1 sockets x 8 cores x 2 PUs = 16-way SMP)
Charm++> cpu topology info is gathered in 0.001 seconds.
Info: NAMD 2.14 for Linux-x86_64-multicore
Info: 
Info: Please visit http://www.ks.uiuc.edu/Research/namd/
Info: for updates, documentation, and support information.
Info: 
Info: Please cite Phillips et al., J. Chem. Phys. 153:044130 (2020) doi:10.1063/5.0014475
Info: in all publications reporting results obtained with NAMD.
Info: 
Info: Based on Charm++/Converse 61002 for multicore-linux-x86_64-iccstatic
Info: Built Mon Aug 24 10:08:36 CDT 2020 by jim on belfast.ks.uiuc.edu
Info: 1 NAMD  2.14  Linux-x86_64-multicore  1    radhikesh  radhikesh
Info: Running on 1 processors, 1 nodes, 1 physical nodes.
Info: CPU topology information available.
Info: Charm++/Converse parallel runtime startup completed at 0.00162876 s
CkLoopLib is used in SMP with simple dynamic scheduling (converse-level notification)
Info: 31.082 MB of memory in use based on /proc/self/stat
Info: Configuration file is main/output_2/prod.inp
Info: Changed directory to main/output_2
TCL: Suspending until startup complete.
Info: EXTENDED SYSTEM FILE   ./../output_2/prod_0/prod.xsc
Info: SIMULATION PARAMETERS:
Info: TIMESTEP               1
Info: NUMBER OF STEPS        0
Info: STEPS PER CYCLE        20
Info: PERIODIC CELL BASIS 1  29.101 0 0
Info: PERIODIC CELL BASIS 2  0 27.2235 0
Info: PERIODIC CELL BASIS 3  0 0 35.6722
Info: PERIODIC CELL CENTER   2.47456 -0.373263 6.1751
Info: WRAPPING WATERS AROUND PERIODIC BOUNDARIES ON OUTPUT.
Info: WRAPPING ALL CLUSTERS AROUND PERIODIC BOUNDARIES ON OUTPUT.
Info: LOAD BALANCER  Centralized
Info: LOAD BALANCING STRATEGY  New Load Balancers -- DEFAULT
Info: LDB PERIOD             4000 steps
Info: FIRST LDB TIMESTEP     100
Info: LAST LDB TIMESTEP     -1
Info: LDB BACKGROUND SCALING 1
Info: HOM BACKGROUND SCALING 1
Info: PME BACKGROUND SCALING 1
Info: MIN ATOMS PER PATCH    40
Info: VELOCITY FILE          ./../output_2/prod_0/prod.vel
Info: CENTER OF MASS MOVING INITIALLY? NO
Info: DIELECTRIC             1
Info: EXCLUDE                SCALED ONE-FOUR
Info: 1-4 ELECTROSTATICS SCALED BY 1
Info: MODIFIED 1-4 VDW PARAMETERS WILL BE USED
Info: DCD FILENAME           ./prod_7/prod.dcd
Info: DCD FREQUENCY          1000
Info: DCD FIRST STEP         1000
Info: DCD FILE WILL CONTAIN UNIT CELL DATA
Info: XST FILENAME           ./prod_7/prod.xst
Info: XST FREQUENCY          1000
Info: NO VELOCITY DCD OUTPUT
Info: NO FORCE DCD OUTPUT
Info: OUTPUT FILENAME        ./prod_7/prod
Info: BINARY OUTPUT FILES WILL BE USED
Info: RESTART FILENAME       ./prod_7/prod.restart
Info: RESTART FREQUENCY      1000
Info: BINARY RESTART FILES WILL BE USED
Info: SWITCHING ACTIVE
Info: VDW FORCE SWITCHING ACTIVE
Info: SWITCHING ON           10
Info: SWITCHING OFF          12
Info: PAIRLIST DISTANCE      16
Info: PAIRLIST SHRINK RATE   0.01
Info: PAIRLIST GROW RATE     0.01
Info: PAIRLIST TRIGGER       0.3
Info: PAIRLISTS PER CYCLE    2
Info: PAIRLISTS ENABLED
Info: MARGIN                 0.555
Info: HYDROGEN GROUP CUTOFF  2.5
Info: PATCH DIMENSION        19.055
Info: ENERGY OUTPUT STEPS    1000
Info: CROSSTERM ENERGY INCLUDED IN DIHEDRAL
Info: TIMING OUTPUT STEPS    1000
Info: LANGEVIN DYNAMICS ACTIVE
Info: LANGEVIN TEMPERATURE   310
Info: LANGEVIN USING BBK INTEGRATOR
Info: LANGEVIN DAMPING COEFFICIENT IS 1 INVERSE PS
Info: LANGEVIN DYNAMICS NOT APPLIED TO HYDROGENS
Info: LANGEVIN PISTON PRESSURE CONTROL ACTIVE
Info:        TARGET PRESSURE IS 1 BAR
Info:     OSCILLATION PERIOD IS 50 FS
Info:             DECAY TIME IS 25 FS
Info:     PISTON TEMPERATURE IS 310 K
Info:       PRESSURE CONTROL IS GROUP-BASED
Info:    INITIAL STRAIN RATE IS -9.62465e-05 -9.62465e-05 -9.62465e-05
Info:       CELL FLUCTUATION IS ISOTROPIC
Info: PARTICLE MESH EWALD (PME) ACTIVE
Info: PME TOLERANCE               1e-06
Info: PME EWALD COEFFICIENT       0.257952
Info: PME INTERPOLATION ORDER     6
Info: PME GRID DIMENSIONS         32 28 36
Info: PME MAXIMUM GRID SPACING    1
Info: Attempting to read FFTW data from FFTW_NAMD_2.14_Linux-x86_64-multicore.txt
Info: Optimizing 6 FFT steps.  1... 2... 3... 4... 5... 6...   Done.
Info: Writing FFTW data to FFTW_NAMD_2.14_Linux-x86_64-multicore.txt
Info: FULL ELECTROSTATIC EVALUATION FREQUENCY      1
Info: USING VERLET I (r-RESPA) MTS SCHEME.
Info: C1 SPLITTING OF LONG RANGE ELECTROSTATICS
Info: PLACING ATOMS IN PATCHES BY HYDROGEN GROUPS
Info: RIGID BONDS TO HYDROGEN : ALL
Info:         ERROR TOLERANCE : 1e-08
Info:          MAX ITERATIONS : 100
Info: RIGID WATER USING SETTLE ALGORITHM
Info: RANDOM NUMBER SEED     1656463022
Info: USE HYDROGEN BONDS?    NO
Info: COORDINATE PDB         ./../decaalanine_solvated.pdb
Info: STRUCTURE FILE         ./../decaalanine_solvated.psf
Info: PARAMETER file: CHARMM format! 
Info: PARAMETERS             ./../toppar/par_all36m_prot.prm
Info: PARAMETERS             ./../toppar/par_all36_na.prm
Info: PARAMETERS             ./../toppar/par_all36_carb.prm
Info: PARAMETERS             ./../toppar/par_all36_lipid.prm
Info: PARAMETERS             ./../toppar/par_all36_cgenff.prm
Info: PARAMETERS             ./../toppar/par_interface.prm
Info: PARAMETERS             ./../toppar/toppar_all36_moreions.str
Info: PARAMETERS             ./../toppar/toppar_all36_nano_lig.str
Info: PARAMETERS             ./../toppar/toppar_all36_nanolig_patch.str
Info: PARAMETERS             ./../toppar/toppar_all36_synthetic_polymer.str
Info: PARAMETERS             ./../toppar/toppar_all36_synthetic_polymer_patch.str
Info: PARAMETERS             ./../toppar/toppar_all36_polymer_solvent.str
Info: PARAMETERS             ./../toppar/toppar_water_ions.str
Info: PARAMETERS             ./../toppar/toppar_dum_noble_gases.str
Info: PARAMETERS             ./../toppar/toppar_ions_won.str
Info: PARAMETERS             ./../toppar/toppar_all36_prot_arg0.str
Info: PARAMETERS             ./../toppar/toppar_all36_prot_c36m_d_aminoacids.str
Info: PARAMETERS             ./../toppar/toppar_all36_prot_fluoro_alkanes.str
Info: PARAMETERS             ./../toppar/toppar_all36_prot_heme.str
Info: PARAMETERS             ./../toppar/toppar_all36_prot_na_combined.str
Info: PARAMETERS             ./../toppar/toppar_all36_prot_retinol.str
Info: PARAMETERS             ./../toppar/toppar_all36_prot_modify_res.str
Info: PARAMETERS             ./../toppar/toppar_all36_na_nad_ppi.str
Info: PARAMETERS             ./../toppar/toppar_all36_na_rna_modified.str
Info: PARAMETERS             ./../toppar/toppar_all36_lipid_archaeal.str
Info: PARAMETERS             ./../toppar/toppar_all36_lipid_bacterial.str
Info: PARAMETERS             ./../toppar/toppar_all36_lipid_cardiolipin.str
Info: PARAMETERS             ./../toppar/toppar_all36_lipid_cholesterol.str
Info: PARAMETERS             ./../toppar/toppar_all36_lipid_dag.str
Info: PARAMETERS             ./../toppar/toppar_all36_lipid_inositol.str
Info: PARAMETERS             ./../toppar/toppar_all36_lipid_lnp.str
Info: PARAMETERS             ./../toppar/toppar_all36_lipid_lps.str
Info: PARAMETERS             ./../toppar/toppar_all36_lipid_mycobacterial.str
Info: PARAMETERS             ./../toppar/toppar_all36_lipid_miscellaneous.str
Info: PARAMETERS             ./../toppar/toppar_all36_lipid_model.str
Info: PARAMETERS             ./../toppar/toppar_all36_lipid_prot.str
Info: PARAMETERS             ./../toppar/toppar_all36_lipid_sphingo.str
Info: PARAMETERS             ./../toppar/toppar_all36_lipid_tag.str
Info: PARAMETERS             ./../toppar/toppar_all36_lipid_yeast.str
Info: PARAMETERS             ./../toppar/toppar_all36_lipid_hmmm.str
Info: PARAMETERS             ./../toppar/toppar_all36_lipid_detergent.str
Info: PARAMETERS             ./../toppar/toppar_all36_lipid_ether.str
Info: PARAMETERS             ./../toppar/toppar_all36_carb_glycolipid.str
Info: PARAMETERS             ./../toppar/toppar_all36_carb_glycopeptide.str
Info: PARAMETERS             ./../toppar/toppar_all36_carb_imlab.str
Info: PARAMETERS             ./../toppar/toppar_all36_label_spin.str
Info: PARAMETERS             ./../toppar/toppar_all36_label_fluorophore.str
Info: USING ARITHMETIC MEAN TO COMBINE L-J SIGMA PARAMETERS
Info: BINARY COORDINATES     ./../output_2/prod_0/prod.coor

Warning: DUPLICATE ANGLE ENTRY FOR CG2D1-CG321-NG311
PREVIOUS VALUES  k=78  theta0=110 k_ub=0 r_ub=0
   USING VALUES  k=57  theta0=107 k_ub=0 r_ub=0

Warning: DUPLICATE ANGLE ENTRY FOR CG331-CG2D1-CG331
PREVIOUS VALUES  k=55  theta0=119 k_ub=0 r_ub=0
   USING VALUES  k=48  theta0=123.5 k_ub=0 r_ub=0

Warning: DUPLICATE ANGLE ENTRY FOR CG1N1-CG321-HGA2
PREVIOUS VALUES  k=50  theta0=109 k_ub=0 r_ub=0
   USING VALUES  k=50  theta0=110.5 k_ub=0 r_ub=0

Warning: DUPLICATE ANGLE ENTRY FOR CG321-NG311-CG331
PREVIOUS VALUES  k=48  theta0=112.2 k_ub=38 r_ub=2.35
   USING VALUES  k=40.5  theta0=109.6 k_ub=0 r_ub=0

Warning: DUPLICATE ANGLE ENTRY FOR CG2O2-CG311-OG311
PREVIOUS VALUES  k=110  theta0=106.7 k_ub=0 r_ub=0
   USING VALUES  k=112  theta0=111 k_ub=0 r_ub=0

Warning: DUPLICATE ANGLE ENTRY FOR CG2O3-CG311-OG311
PREVIOUS VALUES  k=80  theta0=107 k_ub=0 r_ub=0
   USING VALUES  k=45  theta0=109 k_ub=0 r_ub=0

Warning: DUPLICATE ANGLE ENTRY FOR CG2R61-CG311-OG311
PREVIOUS VALUES  k=82  theta0=112.8 k_ub=0 r_ub=0
   USING VALUES  k=75.7  theta0=110.1 k_ub=0 r_ub=0

Warning: DUPLICATE DIHEDRAL ENTRY FOR CG321-CG321-CG321-NG311
PREVIOUS VALUES MULTIPLICITY: 1
  k=0.3  n=3  delta=0
INCREASING MULTIPLICITY TO: 2
  k=0.39  n=2  delta=0

Warning: DUPLICATE DIHEDRAL ENTRY FOR HGA3-CG331-NG311-CG321
PREVIOUS VALUES MULTIPLICITY: 1
  k=0.5  n=3  delta=0
Warning: IDENTICAL PERIODICITY! REPLACING OLD VALUES BY: 
  k=0  n=3  delta=180

Warning: DUPLICATE DIHEDRAL ENTRY FOR CG331-CG321-CG321-NG311
PREVIOUS VALUES MULTIPLICITY: 1
  k=0.3  n=3  delta=0
INCREASING MULTIPLICITY TO: 2
  k=0.16  n=1  delta=180

Warning: DUPLICATE DIHEDRAL ENTRY FOR CG2D1-CG2D1-CG321-NG311
PREVIOUS VALUES MULTIPLICITY: 2
  k=1.6  n=1  delta=180
Warning: IDENTICAL PERIODICITY! REPLACING OLD VALUES BY: 
  k=0.6  n=1  delta=180

Warning: DUPLICATE DIHEDRAL ENTRY FOR CG2D1-CG321-NG311-CG321
PREVIOUS VALUES MULTIPLICITY: 3
  k=1.1  n=1  delta=180
  k=0.6  n=2  delta=180
Warning: IDENTICAL PERIODICITY! REPLACING OLD VALUES BY: 
  k=1.5  n=2  delta=0
Warning: IDENTICAL PERIODICITY! REPLACING OLD VALUES BY: 
  k=2.5  n=1  delta=180

Warning: DUPLICATE DIHEDRAL ENTRY FOR CG2D1-CG321-CG321-CG2D1
PREVIOUS VALUES MULTIPLICITY: 2
  k=0.9  n=1  delta=180
  k=0.3  n=3  delta=180
Warning: IDENTICAL PERIODICITY! REPLACING OLD VALUES BY: 
  k=0.2  n=3  delta=0

Warning: DUPLICATE DIHEDRAL ENTRY FOR CG2D1-CG321-NG311-HGPAM1
PREVIOUS VALUES MULTIPLICITY: 1
  k=0.48  n=3  delta=0
Warning: IDENTICAL PERIODICITY! REPLACING OLD VALUES BY: 
  k=0.16  n=3  delta=0

Warning: DUPLICATE DIHEDRAL ENTRY FOR HGA2-CG321-NG311-CG331
PREVIOUS VALUES MULTIPLICITY: 1
  k=0.4  n=3  delta=0
Warning: IDENTICAL PERIODICITY! REPLACING OLD VALUES BY: 
  k=0  n=3  delta=180

Warning: DUPLICATE DIHEDRAL ENTRY FOR HGA4-CG2D1-CG321-NG311
PREVIOUS VALUES MULTIPLICITY: 1
  k=0.26  n=3  delta=0
Warning: IDENTICAL PERIODICITY! REPLACING OLD VALUES BY: 
  k=0.2  n=3  delta=0

Warning: DUPLICATE DIHEDRAL ENTRY FOR CG2R61-CG311-OG311-HGP1
PREVIOUS VALUES MULTIPLICITY: 3
  k=1.08  n=1  delta=0
  k=0.54  n=2  delta=0
  k=0.77  n=3  delta=0
Warning: IDENTICAL PERIODICITY! REPLACING OLD VALUES BY: 
  k=0.74  n=3  delta=0
Warning: IDENTICAL PERIODICITY! REPLACING OLD VALUES BY: 
  k=1.4  n=2  delta=0
Warning: IDENTICAL PERIODICITY! REPLACING OLD VALUES BY: 
  k=2.1  n=1  delta=0

Warning: DUPLICATE DIHEDRAL ENTRY FOR OG2D2-CG2O3-CG311-OG311
PREVIOUS VALUES MULTIPLICITY: 1
  k=0.85  n=2  delta=180
Warning: IDENTICAL PERIODICITY! REPLACING OLD VALUES BY: 
  k=0.55  n=2  delta=180

Warning: DUPLICATE DIHEDRAL ENTRY FOR OG302-CG2O2-CG311-OG311
PREVIOUS VALUES MULTIPLICITY: 2
  k=0.4  n=2  delta=180
  k=0.1  n=6  delta=0
Warning: IDENTICAL PERIODICITY! REPLACING OLD VALUES BY: 
  k=0.05  n=6  delta=180

Warning: DUPLICATE DIHEDRAL ENTRY FOR CG2O3-CG311-OG311-HGP1
PREVIOUS VALUES MULTIPLICITY: 3
  k=0.3  n=1  delta=0
  k=0.3  n=2  delta=180
  k=0.4  n=3  delta=0
Warning: IDENTICAL PERIODICITY! REPLACING OLD VALUES BY: 
  k=0.01  n=3  delta=180
Warning: IDENTICAL PERIODICITY! REPLACING OLD VALUES BY: 
  k=0.37  n=2  delta=0
Warning: IDENTICAL PERIODICITY! REPLACING OLD VALUES BY: 
  k=0.35  n=1  delta=0

Warning: DUPLICATE DIHEDRAL ENTRY FOR CG2O2-CG311-OG311-HGP1
PREVIOUS VALUES MULTIPLICITY: 3
  k=0.85  n=1  delta=180
  k=0.38  n=2  delta=180
Warning: IDENTICAL PERIODICITY! REPLACING OLD VALUES BY: 
  k=0.37  n=2  delta=0
Warning: IDENTICAL PERIODICITY! REPLACING OLD VALUES BY: 
  k=0.35  n=1  delta=0
Warning: IDENTICAL PERIODICITY! REPLACING OLD VALUES BY: 
  k=0.01  n=3  delta=180

Warning: DUPLICATE DIHEDRAL ENTRY FOR CG331-CG2D1-CG321-OG311
PREVIOUS VALUES MULTIPLICITY: 3
  k=0.25  n=1  delta=180
  k=0.52  n=2  delta=180
  k=0.23  n=3  delta=180
Warning: IDENTICAL PERIODICITY! REPLACING OLD VALUES BY: 
  k=0.19  n=3  delta=0

Warning: DUPLICATE DIHEDRAL ENTRY FOR OG311-CG2O2-CG311-OG311
PREVIOUS VALUES MULTIPLICITY: 1
  k=0.46  n=2  delta=180
INCREASING MULTIPLICITY TO: 2
  k=0  n=6  delta=180

Warning: DUPLICATE DIHEDRAL ENTRY FOR OG2D1-CG2O2-CG311-OG311
PREVIOUS VALUES MULTIPLICITY: 1
  k=0.55  n=2  delta=180
Warning: IDENTICAL PERIODICITY! REPLACING OLD VALUES BY: 
  k=0  n=2  delta=0

Warning: DUPLICATE DIHEDRAL ENTRY FOR CG2R61-CG2R61-CG311-OG311
PREVIOUS VALUES MULTIPLICITY: 1
  k=0.7  n=2  delta=180
Warning: IDENTICAL PERIODICITY! REPLACING OLD VALUES BY: 
  k=0  n=2  delta=0
Warning: SKIPPING PART OF PARAMETER FILE AFTER RETURN STATEMENT

Warning: DUPLICATE ANGLE ENTRY FOR CG2R61-CG2R61-OG301
PREVIOUS VALUES  k=110  theta0=120 k_ub=0 r_ub=0
   USING VALUES  k=56  theta0=124.5 k_ub=0 r_ub=0

Warning: DUPLICATE ANGLE ENTRY FOR CTL3-CEL1-CTL3
PREVIOUS VALUES  k=48  theta0=123.5 k_ub=0 r_ub=0
   USING VALUES  k=58.35  theta0=113.5 k_ub=11.16 r_ub=2.561
Warning: SKIPPING PART OF PARAMETER FILE AFTER RETURN STATEMENT

Warning: DUPLICATE ANGLE ENTRY FOR CTL1-CTO1-CTO1
PREVIOUS VALUES  k=52  theta0=108 k_ub=0 r_ub=0
   USING VALUES  k=58.35  theta0=113.5 k_ub=11.16 r_ub=2.561

Warning: DUPLICATE ANGLE ENTRY FOR C-CTO1-HAL1
PREVIOUS VALUES  k=50  theta0=109.5 k_ub=0 r_ub=0
   USING VALUES  k=33  theta0=109.5 k_ub=30 r_ub=2.163
Warning: IDENTICAL PERIODICITY! REPLACING OLD VALUES BY: 
  k=1.3  n=3  delta=180

Warning: DUPLICATE DIHEDRAL ENTRY FOR NHL-C-CTO1-HAL1
PREVIOUS VALUES MULTIPLICITY: 1
  k=0  n=1  delta=0
INCREASING MULTIPLICITY TO: 2
  k=0  n=3  delta=0

Warning: DUPLICATE DIHEDRAL ENTRY FOR X-CTO1-CTO1-X
PREVIOUS VALUES MULTIPLICITY: 1
  k=0.2  n=3  delta=0
Warning: IDENTICAL PERIODICITY! REPLACING OLD VALUES BY: 
  k=0.14  n=3  delta=0

Warning: DUPLICATE DIHEDRAL ENTRY FOR O-C-CTO1-HAL1
PREVIOUS VALUES MULTIPLICITY: 1
  k=0  n=1  delta=0
INCREASING MULTIPLICITY TO: 2
  k=0  n=2  delta=180

Warning: DUPLICATE BOND ENTRY FOR CEL3-CTL3
PREVIOUS VALUES  k=383  x0=1.504
   USING VALUES  k=365  x0=1.502

Warning: DUPLICATE ANGLE ENTRY FOR CEL3-CTL3-HAL3
PREVIOUS VALUES  k=42  theta0=111.5 k_ub=0 r_ub=0
   USING VALUES  k=45  theta0=111.5 k_ub=0 r_ub=0

Warning: DUPLICATE DIHEDRAL ENTRY FOR HEL1-CEL3-CEL3-CTL3
PREVIOUS VALUES MULTIPLICITY: 1
  k=1  n=2  delta=0
INCREASING MULTIPLICITY TO: 2
  k=0.15  n=1  delta=180
Warning: IDENTICAL PERIODICITY! REPLACING OLD VALUES BY: 
  k=8.5  n=2  delta=180

Warning: DUPLICATE DIHEDRAL ENTRY FOR CG331-CG301-CG321-CG301
PREVIOUS VALUES MULTIPLICITY: 1
  k=0.2  n=3  delta=0
INCREASING MULTIPLICITY TO: 2
  k=0.44  n=1  delta=0

Warning: DUPLICATE DIHEDRAL ENTRY FOR CG331-CG301-CG321-CG301
PREVIOUS VALUES MULTIPLICITY: 2
  k=0.2  n=3  delta=0
  k=0.44  n=1  delta=0
INCREASING MULTIPLICITY TO: 3
  k=0.02  n=2  delta=180

Warning: DUPLICATE DIHEDRAL ENTRY FOR CG331-CG301-CG321-CG301
PREVIOUS VALUES MULTIPLICITY: 3
  k=0.2  n=3  delta=0
Warning: IDENTICAL PERIODICITY! REPLACING OLD VALUES BY: 
  k=0.73  n=3  delta=180

Warning: DUPLICATE DIHEDRAL ENTRY FOR NG311-CG321-CG321-NG311
PREVIOUS VALUES MULTIPLICITY: 2
  k=0.25  n=1  delta=180
  k=1.24  n=2  delta=0
INCREASING MULTIPLICITY TO: 3
  k=0.3  n=3  delta=0

Warning: DUPLICATE BOND ENTRY FOR CG2O1-CG2R51
PREVIOUS VALUES  k=280  x0=1.475
   USING VALUES  k=300  x0=1.475

Warning: DUPLICATE ANGLE ENTRY FOR CG2R51-CG2O1-NG2S1
PREVIOUS VALUES  k=52  theta0=115.5 k_ub=0 r_ub=0
   USING VALUES  k=80  theta0=116.5 k_ub=0 r_ub=0

Warning: DUPLICATE ANGLE ENTRY FOR CG2R51-CG2O1-OG2D1
PREVIOUS VALUES  k=45  theta0=122 k_ub=0 r_ub=0
   USING VALUES  k=30  theta0=121 k_ub=0 r_ub=0

Warning: DUPLICATE ANGLE ENTRY FOR CG2O1-CG2R51-CG2R51
PREVIOUS VALUES  k=35  theta0=130 k_ub=0 r_ub=0
   USING VALUES  k=45.8  theta0=130 k_ub=0 r_ub=0

Warning: DUPLICATE ANGLE ENTRY FOR CG2R53-NG2R53-CG3RC1
PREVIOUS VALUES  k=75  theta0=112 k_ub=0 r_ub=0
   USING VALUES  k=75  theta0=111 k_ub=0 r_ub=0

Warning: DUPLICATE DIHEDRAL ENTRY FOR NG2S1-CG2O1-CG2R51-CG2R51
PREVIOUS VALUES MULTIPLICITY: 2
  k=1.1  n=2  delta=180
Warning: IDENTICAL PERIODICITY! REPLACING OLD VALUES BY: 
  k=1  n=2  delta=180

Warning: DUPLICATE DIHEDRAL ENTRY FOR OG2D1-CG2O1-CG2R51-CG2R51
PREVIOUS VALUES MULTIPLICITY: 2
  k=1.1  n=2  delta=180
Warning: IDENTICAL PERIODICITY! REPLACING OLD VALUES BY: 
  k=1  n=2  delta=180

Warning: DUPLICATE DIHEDRAL ENTRY FOR CG2R51-CG2O1-NG2S1-HGP1
PREVIOUS VALUES MULTIPLICITY: 1
  k=1  n=2  delta=180
Warning: IDENTICAL PERIODICITY! REPLACING OLD VALUES BY: 
  k=2.5  n=2  delta=180

Warning: DUPLICATE IMPROPER DIHEDRAL ENTRY FOR CG2O1-CG2R51-NG2S1-OG2D1
PREVIOUS VALUES MULTIPLICITY 1
  k=70  n=0  delta=0
USING VALUES MULTIPLICITY 1
  k=120  n=0  delta=0Info: SUMMARY OF PARAMETERS:
Info: 1858 BONDS
Info: 5968 ANGLES
Info: 16480 DIHEDRAL
Info: 374 IMPROPER
Info: 16 CROSSTERM
Info: 717 VDW
Info: 124 VDW_PAIRS
Info: 0 NBTHOLE_PAIRS
Info: TIME FOR READING PSF FILE: 0.0251367
Info: Reading pdb file ./../decaalanine_solvated.pdb
Info: TIME FOR READING PDB FILE: 0.00184928
Info: 
Info: ****************************
Info: STRUCTURE SUMMARY:
Info: 2797 ATOMS
Info: 1898 BONDS
Info: 1081 ANGLES
Info: 249 DIHEDRALS
Info: 19 IMPROPERS
Info: 8 CROSSTERMS
Info: 0 EXCLUSIONS
Info: 2746 RIGID BONDS
Info: 5645 DEGREES OF FREEDOM
Info: 949 HYDROGEN GROUPS
Info: 4 ATOMS IN LARGEST HYDROGEN GROUP
Info: 949 MIGRATION GROUPS
Info: 4 ATOMS IN LARGEST MIGRATION GROUP
Info: TOTAL MASS = 16906.6 amu
Info: TOTAL CHARGE = 5.96046e-08 e
Info: MASS DENSITY = 0.993426 g/cm^3
Info: ATOM DENSITY = 0.0989719 atoms/A^3
Info: *****************************
Info: Reading from binary file ./../output_2/prod_0/prod.coor
Info: 
Info: Entering startup at 0.497981 s, 49.9961 MB of memory in use
Info: Startup phase 0 took 3.9284e-05 s, 49.9961 MB of memory in use
Info: ADDED 3228 IMPLICIT EXCLUSIONS
Info: Startup phase 1 took 0.00117607 s, 51.1367 MB of memory in use
Info: NONBONDED TABLE R-SQUARED SPACING: 0.0625
Info: NONBONDED TABLE SIZE: 769 POINTS
Info: ABSOLUTE IMPRECISION IN FAST TABLE FORCE: 2.64698e-23 AT 11.9138
Info: RELATIVE IMPRECISION IN FAST TABLE FORCE: 1.40436e-16 AT 11.9138
Info: INCONSISTENCY IN FAST TABLE ENERGY VS FORCE: 0.000325096 AT 11.9556
Info: ABSOLUTE IMPRECISION IN SCOR TABLE FORCE: 4.10282e-22 AT 11.9138
Info: RELATIVE IMPRECISION IN SCOR TABLE FORCE: 3.56912e-15 AT 11.9138
Info: INCONSISTENCY IN SCOR TABLE ENERGY VS FORCE: 0.000324844 AT 11.9556
Info: ABSOLUTE IMPRECISION IN VDWA TABLE ENERGY: 9.86076e-32 AT 11.8295
Info: RELATIVE IMPRECISION IN VDWA TABLE ENERGY: 3.37915e-14 AT 11.9138
Info: ABSOLUTE IMPRECISION IN VDWA TABLE FORCE: 1.38667e-32 AT 11.9138
Info: RELATIVE IMPRECISION IN VDWA TABLE FORCE: 1.51174e-15 AT 11.9138
Info: INCONSISTENCY IN VDWA TABLE ENERGY VS FORCE: 0.0040507 AT 0.251946
Info: ABSOLUTE IMPRECISION IN VDWB TABLE ENERGY: 1.03398e-25 AT 11.8295
Info: RELATIVE IMPRECISION IN VDWB TABLE ENERGY: 2.7691e-14 AT 11.9138
Info: ABSOLUTE IMPRECISION IN VDWB TABLE FORCE: 1.61559e-27 AT 11.9138
Info: RELATIVE IMPRECISION IN VDWB TABLE FORCE: 1.496e-16 AT 11.9138
Info: INCONSISTENCY IN VDWB TABLE ENERGY VS FORCE: 0.00150189 AT 0.251946
Info: Startup phase 2 took 0.00790656 s, 66.8281 MB of memory in use
Info: Startup phase 3 took 3.5533e-05 s, 66.8281 MB of memory in use
Info: Startup phase 4 took 2.138e-05 s, 66.8281 MB of memory in use
Info: Startup phase 5 took 7.859e-06 s, 66.8281 MB of memory in use
Info: PATCH GRID IS 1 (PERIODIC) BY 1 (PERIODIC) BY 1 (PERIODIC)
Info: PATCH GRID IS 1-AWAY BY 1-AWAY BY 1-AWAY
Info: Reading from binary file ./../output_2/prod_0/prod.vel
Info: REMOVING COM VELOCITY -0.0592062 -0.0378068 0.0162006
Info: LARGEST PATCH (0) HAS 2797 ATOMS
Info: TORUS A SIZE 1 USING 0
Info: TORUS B SIZE 1 USING 0
Info: TORUS C SIZE 1 USING 0
Info: TORUS MINIMAL MESH SIZE IS 1 BY 1 BY 1
Info: Placed 100% of base nodes on same physical node as patch
Info: Startup phase 6 took 0.000409276 s, 67.4883 MB of memory in use
Info: PME using 1 and 1 processors for FFT and reciprocal sum.
Info: PME GRID LOCATIONS: 0
Info: PME TRANS LOCATIONS: 0
Info: PME USING 1 GRID NODES AND 1 TRANS NODES
Info: Optimizing 4 FFT steps.  1... 2... 3... 4...   Done.
Info: Startup phase 7 took 8.7871e-05 s, 67.4883 MB of memory in use
Info: Startup phase 8 took 1.3052e-05 s, 67.4883 MB of memory in use
Info: Startup phase 9 took 1.432e-05 s, 67.4883 MB of memory in use
Info: Startup phase 10 took 2.7258e-05 s, 67.4883 MB of memory in use
Info: Startup phase 11 took 2.8052e-05 s, 67.4883 MB of memory in use
LDB: Central LB being created...
Info: Startup phase 12 took 3.566e-05 s, 67.4883 MB of memory in use
Info: CREATING 25 COMPUTE OBJECTS
Info: Startup phase 13 took 0.000102837 s, 67.4883 MB of memory in use
Info: Startup phase 14 took 1.0592e-05 s, 67.4883 MB of memory in use
Info: Startup phase 15 took 9.187e-06 s, 67.4883 MB of memory in use
Info: Finished startup at 0.507906 s, 67.4883 MB of memory in use

TCL: Running for 20000 steps
ETITLE:      TS           BOND          ANGLE          DIHED          IMPRP               ELECT            VDW       BOUNDARY           MISC        KINETIC               TOTAL           TEMP      POTENTIAL         TOTAL3        TEMPAVG            PRESSURE      GPRESSURE         VOLUME       PRESSAVG      GPRESSAVG

ENERGY:       0        19.0401        60.8064        25.4522         2.8777          -9690.6536       946.7061         0.0000         0.0000      1676.6365          -6959.1345       298.9272     -8635.7711     -6958.0364       298.9272           -167.7151      -169.0713     28260.5566      -167.7151      -169.0713

OPENING EXTENDED SYSTEM TRAJECTORY FILE
LDB: ============= START OF LOAD BALANCING ============== 0.753641
LDB: ============== END OF LOAD BALANCING =============== 0.753677
LDB: =============== DONE WITH MIGRATION ================ 0.75369
LDB: ============= START OF LOAD BALANCING ============== 1.70719
LDB: ============== END OF LOAD BALANCING =============== 1.70721
LDB: =============== DONE WITH MIGRATION ================ 1.70724
Info: Initial time: 1 CPUs 0.0119521 s/step 0.138334 days/ns 78.6953 MB memory
LDB: ============= START OF LOAD BALANCING ============== 1.94241
LDB: ============== END OF LOAD BALANCING =============== 1.94243
LDB: =============== DONE WITH MIGRATION ================ 1.94245
LDB: ============= START OF LOAD BALANCING ============== 2.86207
LDB: ============== END OF LOAD BALANCING =============== 2.8621
LDB: =============== DONE WITH MIGRATION ================ 2.86212
Info: Initial time: 1 CPUs 0.0115319 s/step 0.133471 days/ns 78.6953 MB memory
LDB: ============= START OF LOAD BALANCING ============== 3.99136
LDB: ============== END OF LOAD BALANCING =============== 3.99139
LDB: =============== DONE WITH MIGRATION ================ 3.99141
Info: Initial time: 1 CPUs 0.0112888 s/step 0.130657 days/ns 78.6953 MB memory
LDB: ============= START OF LOAD BALANCING ============== 5.0977
LDB: ============== END OF LOAD BALANCING =============== 5.09772
LDB: =============== DONE WITH MIGRATION ================ 5.09775
Info: Benchmark time: 1 CPUs 0.0110556 s/step 0.127958 days/ns 78.6953 MB memory
Info: Benchmark time: 1 CPUs 0.0108564 s/step 0.125653 days/ns 78.6953 MB memory
Info: Benchmark time: 1 CPUs 0.0107227 s/step 0.124105 days/ns 78.6953 MB memory
Info: Benchmark time: 1 CPUs 0.0105869 s/step 0.122534 days/ns 78.6953 MB memory
Info: Benchmark time: 1 CPUs 0.0105538 s/step 0.122151 days/ns 78.6953 MB memory
Info: Benchmark time: 1 CPUs 0.0104197 s/step 0.120599 days/ns 78.6953 MB memory
TIMING: 1000  CPU: 10.96, 0.0109365/step  Wall: 10.9671, 0.0109399/step, 0.0577384 hours remaining, 78.695312 MB of memory in use.
ENERGY:    1000        13.9507        60.5482        24.0967         4.3671          -9816.7863       955.6176         0.0000         0.0000      1789.2824          -6968.9234       319.0108     -8758.2059     -6968.2910       304.1377            829.2925       847.4854     27351.0031        -3.7896        -3.8598

WRITING EXTENDED SYSTEM TO RESTART FILE AT STEP 1000
OPENING COORDINATE DCD FILE
WRITING COORDINATES TO DCD FILE ./prod_7/prod.dcd AT STEP 1000
WRITING COORDINATES TO RESTART FILE AT STEP 1000
FINISHED WRITING RESTART COORDINATES
The last position output (seq=1000) takes 0.000 seconds, 78.695 MB of memory in use
WRITING VELOCITIES TO RESTART FILE AT STEP 1000
FINISHED WRITING RESTART VELOCITIES
The last velocity output (seq=1000) takes 0.000 seconds, 78.695 MB of memory in use
TIMING: 2000  CPU: 21.2953, 0.0103352/step  Wall: 21.3018, 0.0103347/step, 0.0516734 hours remaining, 78.695312 MB of memory in use.
ENERGY:    2000        14.8094        57.1356        28.7422         3.3839          -9728.3485       906.2952         0.0000         0.0000      1716.5638          -7001.4184       306.0458     -8717.9822     -6998.8808       307.5691            119.3744       124.0897     27619.1191        27.2279        26.8458

WRITING EXTENDED SYSTEM TO RESTART FILE AT STEP 2000
WRITING COORDINATES TO DCD FILE ./prod_7/prod.dcd AT STEP 2000
WRITING COORDINATES TO RESTART FILE AT STEP 2000
FINISHED WRITING RESTART COORDINATES
The last position output (seq=2000) takes 0.000 seconds, 78.695 MB of memory in use
WRITING VELOCITIES TO RESTART FILE AT STEP 2000
FINISHED WRITING RESTART VELOCITIES
The last velocity output (seq=2000) takes 0.000 seconds, 78.695 MB of memory in use
TIMING: 3000  CPU: 31.5991, 0.0103038/step  Wall: 31.6064, 0.0103045/step, 0.0486604 hours remaining, 78.695312 MB of memory in use.
ENERGY:    3000        11.9649        50.4778        30.1370         2.9007          -9735.0195       918.9733         0.0000         0.0000      1737.1739          -6983.3919       309.7203     -8720.5658     -6981.0758       304.6667            428.9582       403.2971     27687.5031         4.1370         3.9579

WRITING EXTENDED SYSTEM TO RESTART FILE AT STEP 3000
WRITING COORDINATES TO DCD FILE ./prod_7/prod.dcd AT STEP 3000
WRITING COORDINATES TO RESTART FILE AT STEP 3000
FINISHED WRITING RESTART COORDINATES
The last position output (seq=3000) takes 0.000 seconds, 78.695 MB of memory in use
WRITING VELOCITIES TO RESTART FILE AT STEP 3000
FINISHED WRITING RESTART VELOCITIES
The last velocity output (seq=3000) takes 0.000 seconds, 78.695 MB of memory in use
TIMING: 4000  CPU: 41.8977, 0.0102987/step  Wall: 41.9062, 0.0102999/step, 0.0457772 hours remaining, 78.695312 MB of memory in use.
ENERGY:    4000        21.5926        51.8275        22.1439         4.3414          -9729.1773       897.6188         0.0000         0.0000      1731.0604          -7000.5928       308.6304     -8731.6532     -6999.6122       305.8521            172.7893       162.4634     27827.5066        23.1400        23.5964

WRITING EXTENDED SYSTEM TO RESTART FILE AT STEP 4000
WRITING COORDINATES TO DCD FILE ./prod_7/prod.dcd AT STEP 4000
WRITING COORDINATES TO RESTART FILE AT STEP 4000
FINISHED WRITING RESTART COORDINATES
The last position output (seq=4000) takes 0.000 seconds, 78.695 MB of memory in use
WRITING VELOCITIES TO RESTART FILE AT STEP 4000
FINISHED WRITING RESTART VELOCITIES
The last velocity output (seq=4000) takes 0.000 seconds, 78.695 MB of memory in use
LDB: ============= START OF LOAD BALANCING ============== 45.4927
LDB: ============== END OF LOAD BALANCING =============== 45.4927
LDB: =============== DONE WITH MIGRATION ================ 45.4927
LDB: ============= START OF LOAD BALANCING ============== 46.5143
LDB: ============== END OF LOAD BALANCING =============== 46.5143
LDB: =============== DONE WITH MIGRATION ================ 46.5143
TIMING: 5000  CPU: 52.1519, 0.0102542/step  Wall: 52.1621, 0.0102559/step, 0.0427327 hours remaining, 78.695312 MB of memory in use.
ENERGY:    5000        21.2679        58.9248        26.7088         4.9428          -9775.7162       956.7261         0.0000         0.0000      1718.0178          -6989.1280       306.3050     -8707.1458     -6988.3021       304.9315             87.2390        77.9872     27793.8435        -3.8910        -3.9568

WRITING EXTENDED SYSTEM TO RESTART FILE AT STEP 5000
WRITING COORDINATES TO DCD FILE ./prod_7/prod.dcd AT STEP 5000
WRITING COORDINATES TO RESTART FILE AT STEP 5000
FINISHED WRITING RESTART COORDINATES
The last position output (seq=5000) takes 0.000 seconds, 78.695 MB of memory in use
WRITING VELOCITIES TO RESTART FILE AT STEP 5000
FINISHED WRITING RESTART VELOCITIES
The last velocity output (seq=5000) takes 0.000 seconds, 78.695 MB of memory in use
TIMING: 6000  CPU: 62.4836, 0.0103316/step  Wall: 62.4949, 0.0103329/step, 0.0401833 hours remaining, 78.695312 MB of memory in use.
ENERGY:    6000        17.6402        64.3446        30.3994         5.3516          -9710.3215       941.2746         0.0000         0.0000      1688.1282          -6963.1829       300.9760     -8651.3111     -6962.6839       306.0401            420.7740       426.2321     27759.1588        24.4868        24.4050

WRITING EXTENDED SYSTEM TO RESTART FILE AT STEP 6000
WRITING COORDINATES TO DCD FILE ./prod_7/prod.dcd AT STEP 6000
WRITING COORDINATES TO RESTART FILE AT STEP 6000
FINISHED WRITING RESTART COORDINATES
The last position output (seq=6000) takes 0.000 seconds, 78.695 MB of memory in use
WRITING VELOCITIES TO RESTART FILE AT STEP 6000
FINISHED WRITING RESTART VELOCITIES
TIMING: 7000  CPU: 72.7847, 0.0103011/step  Wall: 72.7977, 0.0103028/step, 0.0372044 hours remaining, 78.695312 MB of memory in use.
ENERGY:    7000        17.8285        62.0771        29.2872         6.9893          -9716.9179       932.7778         0.0000         0.0000      1721.7624          -6946.1956       306.9726     -8667.9579     -6944.2747       307.8323            137.3282       154.7320     27847.5137        11.9385        11.9631

WRITING EXTENDED SYSTEM TO RESTART FILE AT STEP 7000
WRITING COORDINATES TO DCD FILE ./prod_7/prod.dcd AT STEP 7000
WRITING COORDINATES TO RESTART FILE AT STEP 7000
FINISHED WRITING RESTART COORDINATES
The last position output (seq=7000) takes 0.000 seconds, 78.695 MB of memory in use
WRITING VELOCITIES TO RESTART FILE AT STEP 7000
FINISHED WRITING RESTART VELOCITIES
TIMING: 8000  CPU: 83.1797, 0.010395/step  Wall: 83.1942, 0.0103965/step, 0.0346548 hours remaining, 78.695312 MB of memory in use.
ENERGY:    8000        20.8775        67.4976        21.4350         6.1361          -9714.6358       916.2254         0.0000         0.0000      1705.4632          -6977.0010       304.0667     -8682.4642     -6976.8962       308.2960            184.1884       179.6823     27783.5024         7.8344         8.0460

WRITING EXTENDED SYSTEM TO RESTART FILE AT STEP 8000
WRITING COORDINATES TO DCD FILE ./prod_7/prod.dcd AT STEP 8000
WRITING COORDINATES TO RESTART FILE AT STEP 8000
FINISHED WRITING RESTART COORDINATES
The last position output (seq=8000) takes 0.000 seconds, 78.695 MB of memory in use
WRITING VELOCITIES TO RESTART FILE AT STEP 8000
FINISHED WRITING RESTART VELOCITIES
LDB: ============= START OF LOAD BALANCING ============== 86.7768
LDB: ============== END OF LOAD BALANCING =============== 86.7769
LDB: =============== DONE WITH MIGRATION ================ 86.7769
LDB: ============= START OF LOAD BALANCING ============== 87.8084
LDB: ============== END OF LOAD BALANCING =============== 87.8084
LDB: =============== DONE WITH MIGRATION ================ 87.8084
TIMING: 9000  CPU: 93.4756, 0.0102959/step  Wall: 93.49, 0.0102959/step, 0.0314596 hours remaining, 78.695312 MB of memory in use.
ENERGY:    9000        17.8752        66.5094        24.7570         4.1709          -9669.4150       884.9677         0.0000         0.0000      1732.5843          -6938.5505       308.9021     -8671.1348     -6937.8310       304.3361           -272.8971      -271.1461     27814.8437        -1.0048        -0.9467

WRITING EXTENDED SYSTEM TO RESTART FILE AT STEP 9000
WRITING COORDINATES TO DCD FILE ./prod_7/prod.dcd AT STEP 9000
WRITING COORDINATES TO RESTART FILE AT STEP 9000
FINISHED WRITING RESTART COORDINATES
The last position output (seq=9000) takes 0.000 seconds, 78.695 MB of memory in use
WRITING VELOCITIES TO RESTART FILE AT STEP 9000
FINISHED WRITING RESTART VELOCITIES
TIMING: 10000  CPU: 103.742, 0.0102662/step  Wall: 103.773, 0.0102829/step, 0.0285636 hours remaining, 78.695312 MB of memory in use.
ETITLE:      TS           BOND          ANGLE          DIHED          IMPRP               ELECT            VDW       BOUNDARY           MISC        KINETIC               TOTAL           TEMP      POTENTIAL         TOTAL3        TEMPAVG            PRESSURE      GPRESSURE         VOLUME       PRESSAVG      GPRESSAVG

ENERGY:   10000        26.2047        54.5214        17.9507         2.8855          -9672.1829       917.4549         0.0000         0.0000      1729.1269          -6924.0389       308.2857     -8653.1658     -6921.4666       308.5378             74.3680        73.5943     28178.1562        10.1712        10.1920

WRITING EXTENDED SYSTEM TO RESTART FILE AT STEP 10000
WRITING COORDINATES TO DCD FILE ./prod_7/prod.dcd AT STEP 10000
WRITING COORDINATES TO RESTART FILE AT STEP 10000
FINISHED WRITING RESTART COORDINATES
The last position output (seq=10000) takes 0.000 seconds, 78.695 MB of memory in use
WRITING VELOCITIES TO RESTART FILE AT STEP 10000
FINISHED WRITING RESTART VELOCITIES
TIMING: 11000  CPU: 114.105, 0.010363/step  Wall: 114.138, 0.010365/step, 0.0259124 hours remaining, 78.695312 MB of memory in use.
ENERGY:   11000        17.7195        56.0804        28.0114         4.1274          -9651.8108       914.3764         0.0000         0.0000      1741.8951          -6889.6007       310.5621     -8631.4958     -6888.6038       311.4885            280.6996       282.2896     27754.1336         4.6917         4.4713

WRITING EXTENDED SYSTEM TO RESTART FILE AT STEP 11000
WRITING COORDINATES TO DCD FILE ./prod_7/prod.dcd AT STEP 11000
WRITING COORDINATES TO RESTART FILE AT STEP 11000
FINISHED WRITING RESTART COORDINATES
WRITING VELOCITIES TO RESTART FILE AT STEP 11000
FINISHED WRITING RESTART VELOCITIES
TIMING: 12000  CPU: 124.404, 0.0102989/step  Wall: 124.439, 0.0103012/step, 0.0228916 hours remaining, 78.695312 MB of memory in use.
ENERGY:   12000        26.3847        64.9914        24.1710         3.8668          -9612.6276       898.9582         0.0000         0.0000      1697.2990          -6896.9565       302.6111     -8594.2555     -6896.3689       309.8964            -45.9557       -28.1114     27720.2724        -1.0216        -0.4172

WRITING EXTENDED SYSTEM TO RESTART FILE AT STEP 12000
WRITING COORDINATES TO DCD FILE ./prod_7/prod.dcd AT STEP 12000
WRITING COORDINATES TO RESTART FILE AT STEP 12000
FINISHED WRITING RESTART COORDINATES
WRITING VELOCITIES TO RESTART FILE AT STEP 12000
FINISHED WRITING RESTART VELOCITIES
LDB: ============= START OF LOAD BALANCING ============== 128.02
LDB: ============== END OF LOAD BALANCING =============== 128.02
LDB: =============== DONE WITH MIGRATION ================ 128.02
LDB: ============= START OF LOAD BALANCING ============== 129.076
LDB: ============== END OF LOAD BALANCING =============== 129.076
LDB: =============== DONE WITH MIGRATION ================ 129.076
TIMING: 13000  CPU: 134.855, 0.0104508/step  Wall: 134.888, 0.0104493/step, 0.020318 hours remaining, 78.695312 MB of memory in use.
ENERGY:   13000        23.8017        59.9864        20.7302         4.9658          -9654.2507       918.7033         0.0000         0.0000      1739.8307          -6886.2327       310.1940     -8626.0634     -6884.6851       311.4717            -97.2474      -100.1067     27972.1235       -11.7784       -11.6003

WRITING EXTENDED SYSTEM TO RESTART FILE AT STEP 13000
WRITING COORDINATES TO DCD FILE ./prod_7/prod.dcd AT STEP 13000
WRITING COORDINATES TO RESTART FILE AT STEP 13000
FINISHED WRITING RESTART COORDINATES
WRITING VELOCITIES TO RESTART FILE AT STEP 13000
FINISHED WRITING RESTART VELOCITIES
TIMING: 14000  CPU: 145.117, 0.0102626/step  Wall: 145.152, 0.010264/step, 0.0171066 hours remaining, 78.695312 MB of memory in use.
ENERGY:   14000        17.2177        60.3992        21.9000         5.0988          -9695.7070       917.1031         0.0000         0.0000      1790.2725          -6883.7159       319.1873     -8673.9883     -6882.5159       310.8169             59.6081        51.7118     28015.8617       -15.8239       -15.6759

WRITING EXTENDED SYSTEM TO RESTART FILE AT STEP 14000
WRITING COORDINATES TO DCD FILE ./prod_7/prod.dcd AT STEP 14000
WRITING COORDINATES TO RESTART FILE AT STEP 14000
FINISHED WRITING RESTART COORDINATES
WRITING VELOCITIES TO RESTART FILE AT STEP 14000
FINISHED WRITING RESTART VELOCITIES
TIMING: 15000  CPU: 155.44, 0.0103226/step  Wall: 155.479, 0.0103263/step, 0.0143421 hours remaining, 78.695312 MB of memory in use.
ENERGY:   15000        17.5310        53.6156        24.6246         6.1789          -9664.5046       897.9065         0.0000         0.0000      1773.1789          -6891.4691       316.1397     -8664.6480     -6891.2116       311.6942            186.7922       180.1965     27915.3925        21.7872        21.5096

WRITING EXTENDED SYSTEM TO RESTART FILE AT STEP 15000
WRITING COORDINATES TO DCD FILE ./prod_7/prod.dcd AT STEP 15000
WRITING COORDINATES TO RESTART FILE AT STEP 15000
FINISHED WRITING RESTART COORDINATES
WRITING VELOCITIES TO RESTART FILE AT STEP 15000
FINISHED WRITING RESTART VELOCITIES
TIMING: 16000  CPU: 165.711, 0.0102713/step  Wall: 165.751, 0.0102726/step, 0.0114141 hours remaining, 78.695312 MB of memory in use.
ENERGY:   16000        19.3448        56.2472        28.5016         6.3738          -9658.7569       900.1735         0.0000         0.0000      1741.6065          -6906.5095       310.5106     -8648.1159     -6905.5486       309.8772           -278.1771      -279.9223     28010.1174       -12.0711       -12.0486

WRITING EXTENDED SYSTEM TO RESTART FILE AT STEP 16000
WRITING COORDINATES TO DCD FILE ./prod_7/prod.dcd AT STEP 16000
WRITING COORDINATES TO RESTART FILE AT STEP 16000
FINISHED WRITING RESTART COORDINATES
WRITING VELOCITIES TO RESTART FILE AT STEP 16000
FINISHED WRITING RESTART VELOCITIES
LDB: ============= START OF LOAD BALANCING ============== 169.333
LDB: ============== END OF LOAD BALANCING =============== 169.333
LDB: =============== DONE WITH MIGRATION ================ 169.333
LDB: ============= START OF LOAD BALANCING ============== 170.36
LDB: ============== END OF LOAD BALANCING =============== 170.36
LDB: =============== DONE WITH MIGRATION ================ 170.36
TIMING: 17000  CPU: 176.03, 0.0103189/step  Wall: 176.071, 0.0103199/step, 0.00859995 hours remaining, 78.695312 MB of memory in use.
ENERGY:   17000        19.1876        66.3293        29.9459         5.6866          -9628.3801       874.6656         0.0000         0.0000      1761.3379          -6871.2272       314.0285     -8632.5651     -6871.0585       312.1846           -291.7413      -310.1102     28159.9359       -34.1481       -33.8509

WRITING EXTENDED SYSTEM TO RESTART FILE AT STEP 17000
WRITING COORDINATES TO DCD FILE ./prod_7/prod.dcd AT STEP 17000
WRITING COORDINATES TO RESTART FILE AT STEP 17000
FINISHED WRITING RESTART COORDINATES
WRITING VELOCITIES TO RESTART FILE AT STEP 17000
FINISHED WRITING RESTART VELOCITIES
TIMING: 18000  CPU: 186.47, 0.0104399/step  Wall: 186.51, 0.0104391/step, 0.00579953 hours remaining, 78.695312 MB of memory in use.
ENERGY:   18000        18.8948        65.9035        24.6345         4.8825          -9757.0129       958.2351         0.0000         0.0000      1759.2112          -6925.2513       313.6494     -8684.4625     -6924.2802       311.6742            702.4989       697.3453     27784.8625        -7.4573        -7.1691

WRITING EXTENDED SYSTEM TO RESTART FILE AT STEP 18000
WRITING COORDINATES TO DCD FILE ./prod_7/prod.dcd AT STEP 18000
WRITING COORDINATES TO RESTART FILE AT STEP 18000
FINISHED WRITING RESTART COORDINATES
WRITING VELOCITIES TO RESTART FILE AT STEP 18000
FINISHED WRITING RESTART VELOCITIES
TIMING: 19000  CPU: 196.856, 0.0103859/step  Wall: 196.914, 0.0104036/step, 0.00288989 hours remaining, 78.695312 MB of memory in use.
ENERGY:   19000        20.0380        68.7756        25.7200         5.2268          -9722.0664       940.1929         0.0000         0.0000      1695.5748          -6966.5384       302.3036     -8662.1132     -6966.3654       304.9553            445.9902       454.4047     27878.5149        -0.8902        -1.2496

WRITING EXTENDED SYSTEM TO RESTART FILE AT STEP 19000
WRITING COORDINATES TO DCD FILE ./prod_7/prod.dcd AT STEP 19000
WRITING COORDINATES TO RESTART FILE AT STEP 19000
FINISHED WRITING RESTART COORDINATES
WRITING VELOCITIES TO RESTART FILE AT STEP 19000
FINISHED WRITING RESTART VELOCITIES
TIMING: 20000  CPU: 207.063, 0.0102078/step  Wall: 207.12, 0.0102065/step, 0 hours remaining, 78.695312 MB of memory in use.
ETITLE:      TS           BOND          ANGLE          DIHED          IMPRP               ELECT            VDW       BOUNDARY           MISC        KINETIC               TOTAL           TEMP      POTENTIAL         TOTAL3        TEMPAVG            PRESSURE      GPRESSURE         VOLUME       PRESSAVG      GPRESSAVG

ENERGY:   20000        20.0438        68.5174        22.1468         2.9602          -9682.0468       918.0425         0.0000         0.0000      1762.8482          -6887.4880       314.2978     -8650.3361     -6887.8683       308.2740           -182.7480      -187.8233     28178.6480        10.7127        10.5235

WRITING EXTENDED SYSTEM TO RESTART FILE AT STEP 20000
WRITING COORDINATES TO DCD FILE ./prod_7/prod.dcd AT STEP 20000
WRITING COORDINATES TO RESTART FILE AT STEP 20000
FINISHED WRITING RESTART COORDINATES
WRITING VELOCITIES TO RESTART FILE AT STEP 20000
FINISHED WRITING RESTART VELOCITIES
WRITING EXTENDED SYSTEM TO OUTPUT FILE AT STEP 20000
CLOSING EXTENDED SYSTEM TRAJECTORY FILE
WRITING COORDINATES TO OUTPUT FILE AT STEP 20000
CLOSING COORDINATE DCD FILE ./prod_7/prod.dcd
WRITING VELOCITIES TO OUTPUT FILE AT STEP 20000
====================================================

WallClock: 207.652206  CPUTime: 207.572327  Memory: 78.695312 MB
[Partition 0][Node 0] End of program
